[0.500s] Invoking command in '/home/roxy/2025_ros2/KanNon0618/ver0/pid_tuner': CMAKE_PREFIX_PATH=/home/roxy/2025_ros2/KanNon0618/install/can_packet:/home/roxy/2025_ros2/KanNon0618/install/my_cpp_package:/home/roxy/2025_ros2/KanNon0618/install/launcher:/home/roxy/2025_ros2/KanNon0618/install/can_converter PYTHONPATH=/home/roxy/2025_ros2/KanNon0618/build/pid_tuner/prefix_override:/usr/lib/python3/dist-packages/colcon_core/task/python/colcon_distutils_commands:/home/roxy/2025_ros2/KanNon0618/install/pid_tuner/lib/python3.10/site-packages:${PYTHONPATH} /usr/bin/python3 -W ignore:setup.py install is deprecated -W ignore:easy_install command is deprecated setup.py egg_info --egg-base ../../build/pid_tuner build --build-base /home/roxy/2025_ros2/KanNon0618/build/pid_tuner/build install --record /home/roxy/2025_ros2/KanNon0618/build/pid_tuner/install.log --single-version-externally-managed install_data
[0.711s] running egg_info
[0.712s] writing ../../build/pid_tuner/pid_tuner.egg-info/PKG-INFO
[0.712s] writing dependency_links to ../../build/pid_tuner/pid_tuner.egg-info/dependency_links.txt
[0.712s] writing entry points to ../../build/pid_tuner/pid_tuner.egg-info/entry_points.txt
[0.712s] writing requirements to ../../build/pid_tuner/pid_tuner.egg-info/requires.txt
[0.712s] writing top-level names to ../../build/pid_tuner/pid_tuner.egg-info/top_level.txt
[0.714s] reading manifest file '../../build/pid_tuner/pid_tuner.egg-info/SOURCES.txt'
[0.714s] writing manifest file '../../build/pid_tuner/pid_tuner.egg-info/SOURCES.txt'
[0.714s] running build
[0.714s] running build_py
[0.715s] copying pid_tuner/tuner.py -> /home/roxy/2025_ros2/KanNon0618/build/pid_tuner/build/lib/pid_tuner
[0.715s] running install
[0.715s] running install_lib
[0.716s] copying /home/roxy/2025_ros2/KanNon0618/build/pid_tuner/build/lib/pid_tuner/tuner.py -> /home/roxy/2025_ros2/KanNon0618/install/pid_tuner/lib/python3.10/site-packages/pid_tuner
[0.716s] byte-compiling /home/roxy/2025_ros2/KanNon0618/install/pid_tuner/lib/python3.10/site-packages/pid_tuner/tuner.py to tuner.cpython-310.pyc
[0.718s] running install_data
[0.718s] running install_egg_info
[0.720s] removing '/home/roxy/2025_ros2/KanNon0618/install/pid_tuner/lib/python3.10/site-packages/pid_tuner-0.0.0-py3.10.egg-info' (and everything under it)
[0.720s] Copying ../../build/pid_tuner/pid_tuner.egg-info to /home/roxy/2025_ros2/KanNon0618/install/pid_tuner/lib/python3.10/site-packages/pid_tuner-0.0.0-py3.10.egg-info
[0.721s] running install_scripts
[0.739s] Installing tuner script to /home/roxy/2025_ros2/KanNon0618/install/pid_tuner/lib/pid_tuner
[0.739s] writing list of installed files to '/home/roxy/2025_ros2/KanNon0618/build/pid_tuner/install.log'
[0.759s] Invoked command in '/home/roxy/2025_ros2/KanNon0618/ver0/pid_tuner' returned '0': CMAKE_PREFIX_PATH=/home/roxy/2025_ros2/KanNon0618/install/can_packet:/home/roxy/2025_ros2/KanNon0618/install/my_cpp_package:/home/roxy/2025_ros2/KanNon0618/install/launcher:/home/roxy/2025_ros2/KanNon0618/install/can_converter PYTHONPATH=/home/roxy/2025_ros2/KanNon0618/build/pid_tuner/prefix_override:/usr/lib/python3/dist-packages/colcon_core/task/python/colcon_distutils_commands:/home/roxy/2025_ros2/KanNon0618/install/pid_tuner/lib/python3.10/site-packages:${PYTHONPATH} /usr/bin/python3 -W ignore:setup.py install is deprecated -W ignore:easy_install command is deprecated setup.py egg_info --egg-base ../../build/pid_tuner build --build-base /home/roxy/2025_ros2/KanNon0618/build/pid_tuner/build install --record /home/roxy/2025_ros2/KanNon0618/build/pid_tuner/install.log --single-version-externally-managed install_data
