[ 25%] [32mBuilding CXX object CMakeFiles/can_to_pub_node.dir/src/can_to_pub.cpp.o[0m
[ 75%] Built target sub_to_can_node
[01m[K/home/roxy/2025_ros2/KanNon0618/ver0/can_converter/src/can_to_pub.cpp:[m[K In member function ‘[01m[Kvoid can_to_pub::receive_fn()[m[K’:
[01m[K/home/roxy/2025_ros2/KanNon0618/ver0/can_converter/src/can_to_pub.cpp:42:37:[m[K [01;35m[Kwarning: [m[Kcomparison of integer expressions of different signedness: ‘[01m[Ksize_t[m[K’ {aka ‘[01m[Klong unsigned int[m[K’} and ‘[01m[Kssize_t[m[K’ {aka ‘[01m[Klong int[m[K’} [[01;35m[K]8;;https://gcc.gnu.org/onlinedocs/gcc/Warning-Options.html#index-Wsign-compare-Wsign-compare]8;;[m[K]
   42 |                 for(size_t i = 0; [01;35m[Ki < n[m[K; i++){
      |                                   [01;35m[K~~^~~[m[K
[100%] [32m[1mLinking CXX executable can_to_pub_node[0m
[100%] Built target can_to_pub_node
-- Install configuration: ""
-- Up-to-date: /home/roxy/2025_ros2/KanNon0618/install/can_converter/lib/can_converter/sub_to_can_node
-- Installing: /home/roxy/2025_ros2/KanNon0618/install/can_converter/lib/can_converter/can_to_pub_node
-- Set non-toolchain portion of runtime path of "/home/roxy/2025_ros2/KanNon0618/install/can_converter/lib/can_converter/can_to_pub_node" to ""
-- Up-to-date: /home/roxy/2025_ros2/KanNon0618/install/can_converter/share/ament_index/resource_index/package_run_dependencies/can_converter
-- Up-to-date: /home/roxy/2025_ros2/KanNon0618/install/can_converter/share/ament_index/resource_index/parent_prefix_path/can_converter
-- Up-to-date: /home/roxy/2025_ros2/KanNon0618/install/can_converter/share/can_converter/environment/ament_prefix_path.sh
-- Up-to-date: /home/roxy/2025_ros2/KanNon0618/install/can_converter/share/can_converter/environment/ament_prefix_path.dsv
-- Up-to-date: /home/roxy/2025_ros2/KanNon0618/install/can_converter/share/can_converter/environment/path.sh
-- Up-to-date: /home/roxy/2025_ros2/KanNon0618/install/can_converter/share/can_converter/environment/path.dsv
-- Up-to-date: /home/roxy/2025_ros2/KanNon0618/install/can_converter/share/can_converter/local_setup.bash
-- Up-to-date: /home/roxy/2025_ros2/KanNon0618/install/can_converter/share/can_converter/local_setup.sh
-- Up-to-date: /home/roxy/2025_ros2/KanNon0618/install/can_converter/share/can_converter/local_setup.zsh
-- Up-to-date: /home/roxy/2025_ros2/KanNon0618/install/can_converter/share/can_converter/local_setup.dsv
-- Installing: /home/roxy/2025_ros2/KanNon0618/install/can_converter/share/can_converter/package.dsv
-- Up-to-date: /home/roxy/2025_ros2/KanNon0618/install/can_converter/share/ament_index/resource_index/packages/can_converter
-- Up-to-date: /home/roxy/2025_ros2/KanNon0618/install/can_converter/share/can_converter/cmake/can_converterConfig.cmake
-- Up-to-date: /home/roxy/2025_ros2/KanNon0618/install/can_converter/share/can_converter/cmake/can_converterConfig-version.cmake
-- Up-to-date: /home/roxy/2025_ros2/KanNon0618/install/can_converter/share/can_converter/package.xml
