running egg_info
creating ../../build/pid_tuner/pid_tuner.egg-info
writing ../../build/pid_tuner/pid_tuner.egg-info/PKG-INFO
writing dependency_links to ../../build/pid_tuner/pid_tuner.egg-info/dependency_links.txt
writing entry points to ../../build/pid_tuner/pid_tuner.egg-info/entry_points.txt
writing requirements to ../../build/pid_tuner/pid_tuner.egg-info/requires.txt
writing top-level names to ../../build/pid_tuner/pid_tuner.egg-info/top_level.txt
writing manifest file '../../build/pid_tuner/pid_tuner.egg-info/SOURCES.txt'
reading manifest file '../../build/pid_tuner/pid_tuner.egg-info/SOURCES.txt'
writing manifest file '../../build/pid_tuner/pid_tuner.egg-info/SOURCES.txt'
running build
running build_py
creating /home/roxy/2025_ros2/KanNon0618/build/pid_tuner/build
creating /home/roxy/2025_ros2/KanNon0618/build/pid_tuner/build/lib
creating /home/roxy/2025_ros2/KanNon0618/build/pid_tuner/build/lib/pid_tuner
copying pid_tuner/__init__.py -> /home/roxy/2025_ros2/KanNon0618/build/pid_tuner/build/lib/pid_tuner
copying pid_tuner/tuner.py -> /home/roxy/2025_ros2/KanNon0618/build/pid_tuner/build/lib/pid_tuner
running install
running install_lib
creating /home/roxy/2025_ros2/KanNon0618/install/pid_tuner/lib/python3.10/site-packages/pid_tuner
copying /home/roxy/2025_ros2/KanNon0618/build/pid_tuner/build/lib/pid_tuner/__init__.py -> /home/roxy/2025_ros2/KanNon0618/install/pid_tuner/lib/python3.10/site-packages/pid_tuner
copying /home/roxy/2025_ros2/KanNon0618/build/pid_tuner/build/lib/pid_tuner/tuner.py -> /home/roxy/2025_ros2/KanNon0618/install/pid_tuner/lib/python3.10/site-packages/pid_tuner
byte-compiling /home/roxy/2025_ros2/KanNon0618/install/pid_tuner/lib/python3.10/site-packages/pid_tuner/__init__.py to __init__.cpython-310.pyc
byte-compiling /home/roxy/2025_ros2/KanNon0618/install/pid_tuner/lib/python3.10/site-packages/pid_tuner/tuner.py to tuner.cpython-310.pyc
running install_data
creating /home/roxy/2025_ros2/KanNon0618/install/pid_tuner/share/ament_index
creating /home/roxy/2025_ros2/KanNon0618/install/pid_tuner/share/ament_index/resource_index
creating /home/roxy/2025_ros2/KanNon0618/install/pid_tuner/share/ament_index/resource_index/packages
copying resource/pid_tuner -> /home/roxy/2025_ros2/KanNon0618/install/pid_tuner/share/ament_index/resource_index/packages
copying package.xml -> /home/roxy/2025_ros2/KanNon0618/install/pid_tuner/share/pid_tuner
running install_egg_info
Copying ../../build/pid_tuner/pid_tuner.egg-info to /home/roxy/2025_ros2/KanNon0618/install/pid_tuner/lib/python3.10/site-packages/pid_tuner-0.0.0-py3.10.egg-info
running install_scripts
Installing tuner script to /home/roxy/2025_ros2/KanNon0618/install/pid_tuner/lib/pid_tuner
writing list of installed files to '/home/roxy/2025_ros2/KanNon0618/build/pid_tuner/install.log'
