[0.600s] Invoking command in '/home/roxy/2025_ros2/KanNon0618/ver0/pid_tuner': AMENT_PREFIX_PATH=/home/roxy/2025_ros2/KanNon0618/install/can_packet:${AMENT_PREFIX_PATH} CMAKE_PREFIX_PATH=/home/roxy/2025_ros2/KanNon0618/install/can_packet LD_LIBRARY_PATH=/home/roxy/2025_ros2/KanNon0618/install/can_packet/lib:${LD_LIBRARY_PATH} PYTHONPATH=/home/roxy/2025_ros2/KanNon0618/build/pid_tuner/prefix_override:/usr/lib/python3/dist-packages/colcon_core/task/python/colcon_distutils_commands:/home/roxy/2025_ros2/KanNon0618/install/pid_tuner/lib/python3.10/site-packages:/home/roxy/2025_ros2/KanNon0618/install/can_packet/local/lib/python3.10/dist-packages:${PYTHONPATH} /usr/bin/python3 -W ignore:setup.py install is deprecated -W ignore:easy_install command is deprecated setup.py egg_info --egg-base ../../build/pid_tuner build --build-base /home/roxy/2025_ros2/KanNon0618/build/pid_tuner/build install --record /home/roxy/2025_ros2/KanNon0618/build/pid_tuner/install.log --single-version-externally-managed install_data
[0.872s] running egg_info
[0.872s] creating ../../build/pid_tuner/pid_tuner.egg-info
[0.873s] writing ../../build/pid_tuner/pid_tuner.egg-info/PKG-INFO
[0.873s] writing dependency_links to ../../build/pid_tuner/pid_tuner.egg-info/dependency_links.txt
[0.873s] writing entry points to ../../build/pid_tuner/pid_tuner.egg-info/entry_points.txt
[0.873s] writing requirements to ../../build/pid_tuner/pid_tuner.egg-info/requires.txt
[0.873s] writing top-level names to ../../build/pid_tuner/pid_tuner.egg-info/top_level.txt
[0.873s] writing manifest file '../../build/pid_tuner/pid_tuner.egg-info/SOURCES.txt'
[0.875s] reading manifest file '../../build/pid_tuner/pid_tuner.egg-info/SOURCES.txt'
[0.876s] writing manifest file '../../build/pid_tuner/pid_tuner.egg-info/SOURCES.txt'
[0.876s] running build
[0.876s] running build_py
[0.876s] creating /home/roxy/2025_ros2/KanNon0618/build/pid_tuner/build
[0.876s] creating /home/roxy/2025_ros2/KanNon0618/build/pid_tuner/build/lib
[0.876s] creating /home/roxy/2025_ros2/KanNon0618/build/pid_tuner/build/lib/pid_tuner
[0.876s] copying pid_tuner/__init__.py -> /home/roxy/2025_ros2/KanNon0618/build/pid_tuner/build/lib/pid_tuner
[0.877s] copying pid_tuner/tuner.py -> /home/roxy/2025_ros2/KanNon0618/build/pid_tuner/build/lib/pid_tuner
[0.877s] running install
[0.877s] running install_lib
[0.878s] creating /home/roxy/2025_ros2/KanNon0618/install/pid_tuner/lib/python3.10/site-packages/pid_tuner
[0.878s] copying /home/roxy/2025_ros2/KanNon0618/build/pid_tuner/build/lib/pid_tuner/__init__.py -> /home/roxy/2025_ros2/KanNon0618/install/pid_tuner/lib/python3.10/site-packages/pid_tuner
[0.878s] copying /home/roxy/2025_ros2/KanNon0618/build/pid_tuner/build/lib/pid_tuner/tuner.py -> /home/roxy/2025_ros2/KanNon0618/install/pid_tuner/lib/python3.10/site-packages/pid_tuner
[0.878s] byte-compiling /home/roxy/2025_ros2/KanNon0618/install/pid_tuner/lib/python3.10/site-packages/pid_tuner/__init__.py to __init__.cpython-310.pyc
[0.878s] byte-compiling /home/roxy/2025_ros2/KanNon0618/install/pid_tuner/lib/python3.10/site-packages/pid_tuner/tuner.py to tuner.cpython-310.pyc
[0.881s] running install_data
[0.881s] creating /home/roxy/2025_ros2/KanNon0618/install/pid_tuner/share/ament_index
[0.881s] creating /home/roxy/2025_ros2/KanNon0618/install/pid_tuner/share/ament_index/resource_index
[0.881s] creating /home/roxy/2025_ros2/KanNon0618/install/pid_tuner/share/ament_index/resource_index/packages
[0.881s] copying resource/pid_tuner -> /home/roxy/2025_ros2/KanNon0618/install/pid_tuner/share/ament_index/resource_index/packages
[0.881s] copying package.xml -> /home/roxy/2025_ros2/KanNon0618/install/pid_tuner/share/pid_tuner
[0.881s] running install_egg_info
[0.884s] Copying ../../build/pid_tuner/pid_tuner.egg-info to /home/roxy/2025_ros2/KanNon0618/install/pid_tuner/lib/python3.10/site-packages/pid_tuner-0.0.0-py3.10.egg-info
[0.884s] running install_scripts
[0.906s] Installing tuner script to /home/roxy/2025_ros2/KanNon0618/install/pid_tuner/lib/pid_tuner
[0.906s] writing list of installed files to '/home/roxy/2025_ros2/KanNon0618/build/pid_tuner/install.log'
[0.929s] Invoked command in '/home/roxy/2025_ros2/KanNon0618/ver0/pid_tuner' returned '0': AMENT_PREFIX_PATH=/home/roxy/2025_ros2/KanNon0618/install/can_packet:${AMENT_PREFIX_PATH} CMAKE_PREFIX_PATH=/home/roxy/2025_ros2/KanNon0618/install/can_packet LD_LIBRARY_PATH=/home/roxy/2025_ros2/KanNon0618/install/can_packet/lib:${LD_LIBRARY_PATH} PYTHONPATH=/home/roxy/2025_ros2/KanNon0618/build/pid_tuner/prefix_override:/usr/lib/python3/dist-packages/colcon_core/task/python/colcon_distutils_commands:/home/roxy/2025_ros2/KanNon0618/install/pid_tuner/lib/python3.10/site-packages:/home/roxy/2025_ros2/KanNon0618/install/can_packet/local/lib/python3.10/dist-packages:${PYTHONPATH} /usr/bin/python3 -W ignore:setup.py install is deprecated -W ignore:easy_install command is deprecated setup.py egg_info --egg-base ../../build/pid_tuner build --build-base /home/roxy/2025_ros2/KanNon0618/build/pid_tuner/build install --record /home/roxy/2025_ros2/KanNon0618/build/pid_tuner/install.log --single-version-externally-managed install_data
