[0.018s] Invoking command in '/home/roxy/2025_ros2/KanNon0618/build/my_cpp_package': AMENT_PREFIX_PATH=/home/roxy/2025_ros2/KanNon0618/install/can_packet:${AMENT_PREFIX_PATH} CMAKE_PREFIX_PATH=/home/roxy/2025_ros2/KanNon0618/install/can_packet:/opt/ros/humble LD_LIBRARY_PATH=/home/roxy/2025_ros2/KanNon0618/install/can_packet/lib:${LD_LIBRARY_PATH} PYTHONPATH=/home/roxy/2025_ros2/KanNon0618/install/can_packet/local/lib/python3.10/dist-packages:${PYTHONPATH} /opt/st/stm32cubeclt_1.17.0/CMake/bin/cmake --build /home/roxy/2025_ros2/KanNon0618/build/my_cpp_package -- -j16 -l16
[0.362s] Invoked command in '/home/roxy/2025_ros2/KanNon0618/build/my_cpp_package' returned '0': AMENT_PREFIX_PATH=/home/roxy/2025_ros2/KanNon0618/install/can_packet:${AMENT_PREFIX_PATH} CMAKE_PREFIX_PATH=/home/roxy/2025_ros2/KanNon0618/install/can_packet:/opt/ros/humble LD_LIBRARY_PATH=/home/roxy/2025_ros2/KanNon0618/install/can_packet/lib:${LD_LIBRARY_PATH} PYTHONPATH=/home/roxy/2025_ros2/KanNon0618/install/can_packet/local/lib/python3.10/dist-packages:${PYTHONPATH} /opt/st/stm32cubeclt_1.17.0/CMake/bin/cmake --build /home/roxy/2025_ros2/KanNon0618/build/my_cpp_package -- -j16 -l16
[0.364s] Invoking command in '/home/roxy/2025_ros2/KanNon0618/build/my_cpp_package': AMENT_PREFIX_PATH=/home/roxy/2025_ros2/KanNon0618/install/can_packet:${AMENT_PREFIX_PATH} CMAKE_PREFIX_PATH=/home/roxy/2025_ros2/KanNon0618/install/can_packet:/opt/ros/humble LD_LIBRARY_PATH=/home/roxy/2025_ros2/KanNon0618/install/can_packet/lib:${LD_LIBRARY_PATH} PYTHONPATH=/home/roxy/2025_ros2/KanNon0618/install/can_packet/local/lib/python3.10/dist-packages:${PYTHONPATH} /opt/st/stm32cubeclt_1.17.0/CMake/bin/cmake --install /home/roxy/2025_ros2/KanNon0618/build/my_cpp_package
[0.366s] -- Install configuration: ""
[0.367s] -- Up-to-date: /home/roxy/2025_ros2/KanNon0618/install/my_cpp_package/share/my_cpp_package/
[0.367s] -- Up-to-date: /home/roxy/2025_ros2/KanNon0618/install/my_cpp_package/lib/my_cpp_package/udptotopic.py
[0.367s] -- Up-to-date: /home/roxy/2025_ros2/KanNon0618/install/my_cpp_package/share/ament_index/resource_index/package_run_dependencies/my_cpp_package
[0.367s] -- Up-to-date: /home/roxy/2025_ros2/KanNon0618/install/my_cpp_package/share/ament_index/resource_index/parent_prefix_path/my_cpp_package
[0.368s] -- Up-to-date: /home/roxy/2025_ros2/KanNon0618/install/my_cpp_package/share/my_cpp_package/environment/ament_prefix_path.sh
[0.368s] -- Up-to-date: /home/roxy/2025_ros2/KanNon0618/install/my_cpp_package/share/my_cpp_package/environment/ament_prefix_path.dsv
[0.368s] -- Up-to-date: /home/roxy/2025_ros2/KanNon0618/install/my_cpp_package/share/my_cpp_package/environment/path.sh
[0.368s] -- Up-to-date: /home/roxy/2025_ros2/KanNon0618/install/my_cpp_package/share/my_cpp_package/environment/path.dsv
[0.368s] -- Up-to-date: /home/roxy/2025_ros2/KanNon0618/install/my_cpp_package/share/my_cpp_package/local_setup.bash
[0.368s] -- Up-to-date: /home/roxy/2025_ros2/KanNon0618/install/my_cpp_package/share/my_cpp_package/local_setup.sh
[0.368s] -- Up-to-date: /home/roxy/2025_ros2/KanNon0618/install/my_cpp_package/share/my_cpp_package/local_setup.zsh
[0.368s] -- Up-to-date: /home/roxy/2025_ros2/KanNon0618/install/my_cpp_package/share/my_cpp_package/local_setup.dsv
[0.368s] -- Installing: /home/roxy/2025_ros2/KanNon0618/install/my_cpp_package/share/my_cpp_package/package.dsv
[0.368s] -- Up-to-date: /home/roxy/2025_ros2/KanNon0618/install/my_cpp_package/share/ament_index/resource_index/packages/my_cpp_package
[0.368s] -- Up-to-date: /home/roxy/2025_ros2/KanNon0618/install/my_cpp_package/share/my_cpp_package/cmake/my_cpp_packageConfig.cmake
[0.368s] -- Up-to-date: /home/roxy/2025_ros2/KanNon0618/install/my_cpp_package/share/my_cpp_package/cmake/my_cpp_packageConfig-version.cmake
[0.369s] -- Up-to-date: /home/roxy/2025_ros2/KanNon0618/install/my_cpp_package/share/my_cpp_package/package.xml
[0.370s] Invoked command in '/home/roxy/2025_ros2/KanNon0618/build/my_cpp_package' returned '0': AMENT_PREFIX_PATH=/home/roxy/2025_ros2/KanNon0618/install/can_packet:${AMENT_PREFIX_PATH} CMAKE_PREFIX_PATH=/home/roxy/2025_ros2/KanNon0618/install/can_packet:/opt/ros/humble LD_LIBRARY_PATH=/home/roxy/2025_ros2/KanNon0618/install/can_packet/lib:${LD_LIBRARY_PATH} PYTHONPATH=/home/roxy/2025_ros2/KanNon0618/install/can_packet/local/lib/python3.10/dist-packages:${PYTHONPATH} /opt/st/stm32cubeclt_1.17.0/CMake/bin/cmake --install /home/roxy/2025_ros2/KanNon0618/build/my_cpp_package
