[0.009s] Invoking command in '/home/roxy/2025_ros2/KanNon0618/build/my_cpp_package': AMENT_PREFIX_PATH=/home/roxy/2025_ros2/KanNon0618/install/can_packet:${AMENT_PREFIX_PATH} CMAKE_PREFIX_PATH=/home/roxy/2025_ros2/KanNon0618/install/can_packet:/opt/ros/humble LD_LIBRARY_PATH=/home/roxy/2025_ros2/KanNon0618/install/can_packet/lib:${LD_LIBRARY_PATH} PYTHONPATH=/home/roxy/2025_ros2/KanNon0618/install/can_packet/local/lib/python3.10/dist-packages:${PYTHONPATH} /opt/st/stm32cubeclt_1.17.0/CMake/bin/cmake /home/roxy/2025_ros2/KanNon0618/ver0/my_cpp_package -DCMAKE_EXPORT_COMPILE_COMMANDS=ON -DCMAKE_INSTALL_PREFIX=/home/roxy/2025_ros2/KanNon0618/install/my_cpp_package
[0.042s] -- The C compiler identification is GNU 11.4.0
[0.114s] -- The CXX compiler identification is GNU 11.4.0
[0.129s] -- Detecting C compiler ABI info
[0.165s] -- Detecting C compiler ABI info - done
[0.173s] -- Check for working C compiler: /usr/bin/cc - skipped
[0.173s] -- Detecting C compile features
[0.173s] -- Detecting C compile features - done
[0.180s] -- Detecting CXX compiler ABI info
[0.241s] -- Detecting CXX compiler ABI info - done
[0.257s] -- Check for working CXX compiler: /usr/bin/c++ - skipped
[0.258s] -- Detecting CXX compile features
[0.260s] -- Detecting CXX compile features - done
[0.266s] -- Found ament_cmake: 1.3.11 (/opt/ros/humble/share/ament_cmake/cmake)
[0.405s] -- Found Python3: /usr/bin/python3 (found version "3.10.12") found components: Interpreter 
[0.482s] -- Found tf2_ros: 0.25.12 (/opt/ros/humble/share/tf2_ros/cmake)
[0.521s] -- Found rosidl_generator_c: 3.1.6 (/opt/ros/humble/share/rosidl_generator_c/cmake)
[0.526s] -- Found rosidl_adapter: 3.1.6 (/opt/ros/humble/share/rosidl_adapter/cmake)
[0.536s] -- Found rosidl_generator_cpp: 3.1.6 (/opt/ros/humble/share/rosidl_generator_cpp/cmake)
[0.552s] -- Using all available rosidl_typesupport_c: rosidl_typesupport_fastrtps_c;rosidl_typesupport_introspection_c
[0.573s] -- Using all available rosidl_typesupport_cpp: rosidl_typesupport_fastrtps_cpp;rosidl_typesupport_introspection_cpp
[0.678s] -- Found rmw_implementation_cmake: 6.1.2 (/opt/ros/humble/share/rmw_implementation_cmake/cmake)
[0.681s] -- Found rmw_fastrtps_cpp: 6.2.7 (/opt/ros/humble/share/rmw_fastrtps_cpp/cmake)
[0.769s] -- Found OpenSSL: /usr/lib/x86_64-linux-gnu/libcrypto.so (found version "3.0.2")  
[0.806s] -- Found FastRTPS: /opt/ros/humble/include  
[0.862s] -- Using RMW implementation 'rmw_fastrtps_cpp' as default
[0.874s] -- Performing Test CMAKE_HAVE_LIBC_PTHREAD
[0.933s] -- Performing Test CMAKE_HAVE_LIBC_PTHREAD - Success
[0.935s] -- Found Threads: TRUE  
[1.133s] -- Found sensor_msgs: 4.8.0 (/opt/ros/humble/share/sensor_msgs/cmake)
[1.158s] -- Found rosidl_default_generators: 1.2.0 (/opt/ros/humble/share/rosidl_default_generators/cmake)
[1.167s] -- Found can_packet: 0.0.0 (/home/roxy/2025_ros2/KanNon0618/install/can_packet/share/can_packet/cmake)
[1.179s] -- Found ament_lint_auto: 0.12.12 (/opt/ros/humble/share/ament_lint_auto/cmake)
[1.261s] -- Added test 'flake8' to check Python code syntax and style conventions
[1.261s] -- Added test 'lint_cmake' to check CMake code style
[1.262s] -- Added test 'pep257' to check Python code against some of the docstring style conventions in PEP 257
[1.263s] -- Added test 'xmllint' to check XML markup files
[1.264s] -- Configuring done (1.3s)
[1.271s] -- Generating done (0.0s)
[1.274s] [33mCMake Warning:
[1.274s]   Manually-specified variables were not used by the project:
[1.274s] 
[1.274s]     CMAKE_EXPORT_COMPILE_COMMANDS
[1.274s] 
[1.274s] [0m
[1.276s] -- Build files have been written to: /home/roxy/2025_ros2/KanNon0618/build/my_cpp_package
[1.288s] Invoked command in '/home/roxy/2025_ros2/KanNon0618/build/my_cpp_package' returned '0': AMENT_PREFIX_PATH=/home/roxy/2025_ros2/KanNon0618/install/can_packet:${AMENT_PREFIX_PATH} CMAKE_PREFIX_PATH=/home/roxy/2025_ros2/KanNon0618/install/can_packet:/opt/ros/humble LD_LIBRARY_PATH=/home/roxy/2025_ros2/KanNon0618/install/can_packet/lib:${LD_LIBRARY_PATH} PYTHONPATH=/home/roxy/2025_ros2/KanNon0618/install/can_packet/local/lib/python3.10/dist-packages:${PYTHONPATH} /opt/st/stm32cubeclt_1.17.0/CMake/bin/cmake /home/roxy/2025_ros2/KanNon0618/ver0/my_cpp_package -DCMAKE_EXPORT_COMPILE_COMMANDS=ON -DCMAKE_INSTALL_PREFIX=/home/roxy/2025_ros2/KanNon0618/install/my_cpp_package
[1.289s] Invoking command in '/home/roxy/2025_ros2/KanNon0618/build/my_cpp_package': AMENT_PREFIX_PATH=/home/roxy/2025_ros2/KanNon0618/install/can_packet:${AMENT_PREFIX_PATH} CMAKE_PREFIX_PATH=/home/roxy/2025_ros2/KanNon0618/install/can_packet:/opt/ros/humble LD_LIBRARY_PATH=/home/roxy/2025_ros2/KanNon0618/install/can_packet/lib:${LD_LIBRARY_PATH} PYTHONPATH=/home/roxy/2025_ros2/KanNon0618/install/can_packet/local/lib/python3.10/dist-packages:${PYTHONPATH} /opt/st/stm32cubeclt_1.17.0/CMake/bin/cmake --build /home/roxy/2025_ros2/KanNon0618/build/my_cpp_package -- -j16 -l16
[1.307s] Invoked command in '/home/roxy/2025_ros2/KanNon0618/build/my_cpp_package' returned '0': AMENT_PREFIX_PATH=/home/roxy/2025_ros2/KanNon0618/install/can_packet:${AMENT_PREFIX_PATH} CMAKE_PREFIX_PATH=/home/roxy/2025_ros2/KanNon0618/install/can_packet:/opt/ros/humble LD_LIBRARY_PATH=/home/roxy/2025_ros2/KanNon0618/install/can_packet/lib:${LD_LIBRARY_PATH} PYTHONPATH=/home/roxy/2025_ros2/KanNon0618/install/can_packet/local/lib/python3.10/dist-packages:${PYTHONPATH} /opt/st/stm32cubeclt_1.17.0/CMake/bin/cmake --build /home/roxy/2025_ros2/KanNon0618/build/my_cpp_package -- -j16 -l16
[1.308s] Invoking command in '/home/roxy/2025_ros2/KanNon0618/build/my_cpp_package': AMENT_PREFIX_PATH=/home/roxy/2025_ros2/KanNon0618/install/can_packet:${AMENT_PREFIX_PATH} CMAKE_PREFIX_PATH=/home/roxy/2025_ros2/KanNon0618/install/can_packet:/opt/ros/humble LD_LIBRARY_PATH=/home/roxy/2025_ros2/KanNon0618/install/can_packet/lib:${LD_LIBRARY_PATH} PYTHONPATH=/home/roxy/2025_ros2/KanNon0618/install/can_packet/local/lib/python3.10/dist-packages:${PYTHONPATH} /opt/st/stm32cubeclt_1.17.0/CMake/bin/cmake --install /home/roxy/2025_ros2/KanNon0618/build/my_cpp_package
[1.310s] -- Install configuration: ""
[1.310s] -- Installing: /home/roxy/2025_ros2/KanNon0618/install/my_cpp_package/share/my_cpp_package/
[1.310s] -- Installing: /home/roxy/2025_ros2/KanNon0618/install/my_cpp_package/lib/my_cpp_package/udptotopic.py
[1.310s] -- Installing: /home/roxy/2025_ros2/KanNon0618/install/my_cpp_package/share/ament_index/resource_index/package_run_dependencies/my_cpp_package
[1.310s] -- Installing: /home/roxy/2025_ros2/KanNon0618/install/my_cpp_package/share/ament_index/resource_index/parent_prefix_path/my_cpp_package
[1.310s] -- Installing: /home/roxy/2025_ros2/KanNon0618/install/my_cpp_package/share/my_cpp_package/environment/ament_prefix_path.sh
[1.310s] -- Installing: /home/roxy/2025_ros2/KanNon0618/install/my_cpp_package/share/my_cpp_package/environment/ament_prefix_path.dsv
[1.310s] -- Installing: /home/roxy/2025_ros2/KanNon0618/install/my_cpp_package/share/my_cpp_package/environment/path.sh
[1.311s] -- Installing: /home/roxy/2025_ros2/KanNon0618/install/my_cpp_package/share/my_cpp_package/environment/path.dsv
[1.311s] -- Installing: /home/roxy/2025_ros2/KanNon0618/install/my_cpp_package/share/my_cpp_package/local_setup.bash
[1.311s] -- Installing: /home/roxy/2025_ros2/KanNon0618/install/my_cpp_package/share/my_cpp_package/local_setup.sh
[1.311s] -- Installing: /home/roxy/2025_ros2/KanNon0618/install/my_cpp_package/share/my_cpp_package/local_setup.zsh
[1.311s] -- Installing: /home/roxy/2025_ros2/KanNon0618/install/my_cpp_package/share/my_cpp_package/local_setup.dsv
[1.311s] -- Installing: /home/roxy/2025_ros2/KanNon0618/install/my_cpp_package/share/my_cpp_package/package.dsv
[1.311s] -- Installing: /home/roxy/2025_ros2/KanNon0618/install/my_cpp_package/share/ament_index/resource_index/packages/my_cpp_package
[1.311s] -- Installing: /home/roxy/2025_ros2/KanNon0618/install/my_cpp_package/share/my_cpp_package/cmake/my_cpp_packageConfig.cmake
[1.311s] -- Installing: /home/roxy/2025_ros2/KanNon0618/install/my_cpp_package/share/my_cpp_package/cmake/my_cpp_packageConfig-version.cmake
[1.311s] -- Installing: /home/roxy/2025_ros2/KanNon0618/install/my_cpp_package/share/my_cpp_package/package.xml
[1.313s] Invoked command in '/home/roxy/2025_ros2/KanNon0618/build/my_cpp_package' returned '0': AMENT_PREFIX_PATH=/home/roxy/2025_ros2/KanNon0618/install/can_packet:${AMENT_PREFIX_PATH} CMAKE_PREFIX_PATH=/home/roxy/2025_ros2/KanNon0618/install/can_packet:/opt/ros/humble LD_LIBRARY_PATH=/home/roxy/2025_ros2/KanNon0618/install/can_packet/lib:${LD_LIBRARY_PATH} PYTHONPATH=/home/roxy/2025_ros2/KanNon0618/install/can_packet/local/lib/python3.10/dist-packages:${PYTHONPATH} /opt/st/stm32cubeclt_1.17.0/CMake/bin/cmake --install /home/roxy/2025_ros2/KanNon0618/build/my_cpp_package
