[0.074s] DEBUG:colcon:Command line arguments: ['/usr/bin/colcon', 'build', '--cmake-args', '-DCMAKE_EXPORT_COMPILE_COMMANDS=ON']
[0.074s] DEBUG:colcon:Parsed command line arguments: Namespace(log_base=None, log_level=None, verb_name='build', build_base='build', install_base='install', merge_install=False, symlink_install=False, test_result_base=None, continue_on_error=False, executor='parallel', parallel_workers=16, event_handlers=None, ignore_user_meta=False, metas=['./colcon.meta'], base_paths=['.'], packages_ignore=None, packages_ignore_regex=None, paths=None, packages_up_to=None, packages_up_to_regex=None, packages_above=None, packages_above_and_dependencies=None, packages_above_depth=None, packages_select_by_dep=None, packages_skip_by_dep=None, packages_skip_up_to=None, packages_select_build_failed=False, packages_skip_build_finished=False, packages_select_test_failures=False, packages_skip_test_passed=False, packages_select=None, packages_skip=None, packages_select_regex=None, packages_skip_regex=None, packages_start=None, packages_end=None, allow_overriding=[], cmake_args=['-DCMAKE_EXPORT_COMPILE_COMMANDS=ON'], cmake_target=None, cmake_target_skip_unavailable=False, cmake_clean_cache=False, cmake_clean_first=False, cmake_force_configure=False, ament_cmake_args=None, catkin_cmake_args=None, catkin_skip_building_tests=False, mixin_files=None, mixin=None, verb_parser=<colcon_mixin.mixin.mixin_argument.MixinArgumentDecorator object at 0x746797a5a170>, verb_extension=<colcon_core.verb.build.BuildVerb object at 0x746797bd6e00>, main=<bound method BuildVerb.main of <colcon_core.verb.build.BuildVerb object at 0x746797bd6e00>>, mixin_verb=('build',))
[0.192s] Level 1:colcon.colcon_core.package_discovery:discover_packages(colcon_meta) check parameters
[0.192s] Level 1:colcon.colcon_core.package_discovery:discover_packages(recursive) check parameters
[0.192s] Level 1:colcon.colcon_core.package_discovery:discover_packages(ignore) check parameters
[0.192s] Level 1:colcon.colcon_core.package_discovery:discover_packages(path) check parameters
[0.192s] Level 1:colcon.colcon_core.package_discovery:discover_packages(colcon_meta) discover
[0.193s] Level 1:colcon.colcon_core.package_discovery:discover_packages(recursive) discover
[0.193s] INFO:colcon.colcon_core.package_discovery:Crawling recursively for packages in '/home/roxy/2025_ros2/KanNon0618'
[0.193s] Level 1:colcon.colcon_core.package_identification:_identify(.) by extensions ['ignore', 'ignore_ament_install']
[0.193s] Level 1:colcon.colcon_core.package_identification:_identify(.) by extension 'ignore'
[0.193s] Level 1:colcon.colcon_core.package_identification:_identify(.) by extension 'ignore_ament_install'
[0.193s] Level 1:colcon.colcon_core.package_identification:_identify(.) by extensions ['colcon_pkg']
[0.193s] Level 1:colcon.colcon_core.package_identification:_identify(.) by extension 'colcon_pkg'
[0.193s] Level 1:colcon.colcon_core.package_identification:_identify(.) by extensions ['colcon_meta']
[0.193s] Level 1:colcon.colcon_core.package_identification:_identify(.) by extension 'colcon_meta'
[0.193s] Level 1:colcon.colcon_core.package_identification:_identify(.) by extensions ['ros']
[0.193s] Level 1:colcon.colcon_core.package_identification:_identify(.) by extension 'ros'
[0.200s] Level 1:colcon.colcon_core.package_identification:_identify(.) by extensions ['cmake', 'python']
[0.200s] Level 1:colcon.colcon_core.package_identification:_identify(.) by extension 'cmake'
[0.200s] Level 1:colcon.colcon_core.package_identification:_identify(.) by extension 'python'
[0.200s] Level 1:colcon.colcon_core.package_identification:_identify(.) by extensions ['python_setup_py']
[0.200s] Level 1:colcon.colcon_core.package_identification:_identify(.) by extension 'python_setup_py'
[0.200s] Level 1:colcon.colcon_core.package_identification:_identify(build) by extensions ['ignore', 'ignore_ament_install']
[0.200s] Level 1:colcon.colcon_core.package_identification:_identify(build) by extension 'ignore'
[0.200s] Level 1:colcon.colcon_core.package_identification:_identify(build) ignored
[0.200s] Level 1:colcon.colcon_core.package_identification:_identify(install) by extensions ['ignore', 'ignore_ament_install']
[0.200s] Level 1:colcon.colcon_core.package_identification:_identify(install) by extension 'ignore'
[0.200s] Level 1:colcon.colcon_core.package_identification:_identify(install) ignored
[0.200s] Level 1:colcon.colcon_core.package_identification:_identify(log) by extensions ['ignore', 'ignore_ament_install']
[0.200s] Level 1:colcon.colcon_core.package_identification:_identify(log) by extension 'ignore'
[0.201s] Level 1:colcon.colcon_core.package_identification:_identify(log) ignored
[0.201s] Level 1:colcon.colcon_core.package_identification:_identify(ver0) by extensions ['ignore', 'ignore_ament_install']
[0.201s] Level 1:colcon.colcon_core.package_identification:_identify(ver0) by extension 'ignore'
[0.201s] Level 1:colcon.colcon_core.package_identification:_identify(ver0) by extension 'ignore_ament_install'
[0.201s] Level 1:colcon.colcon_core.package_identification:_identify(ver0) by extensions ['colcon_pkg']
[0.201s] Level 1:colcon.colcon_core.package_identification:_identify(ver0) by extension 'colcon_pkg'
[0.201s] Level 1:colcon.colcon_core.package_identification:_identify(ver0) by extensions ['colcon_meta']
[0.201s] Level 1:colcon.colcon_core.package_identification:_identify(ver0) by extension 'colcon_meta'
[0.201s] Level 1:colcon.colcon_core.package_identification:_identify(ver0) by extensions ['ros']
[0.201s] Level 1:colcon.colcon_core.package_identification:_identify(ver0) by extension 'ros'
[0.201s] Level 1:colcon.colcon_core.package_identification:_identify(ver0) by extensions ['cmake', 'python']
[0.201s] Level 1:colcon.colcon_core.package_identification:_identify(ver0) by extension 'cmake'
[0.201s] Level 1:colcon.colcon_core.package_identification:_identify(ver0) by extension 'python'
[0.201s] Level 1:colcon.colcon_core.package_identification:_identify(ver0) by extensions ['python_setup_py']
[0.201s] Level 1:colcon.colcon_core.package_identification:_identify(ver0) by extension 'python_setup_py'
[0.201s] Level 1:colcon.colcon_core.package_identification:_identify(ver0/can_converter) by extensions ['ignore', 'ignore_ament_install']
[0.201s] Level 1:colcon.colcon_core.package_identification:_identify(ver0/can_converter) by extension 'ignore'
[0.201s] Level 1:colcon.colcon_core.package_identification:_identify(ver0/can_converter) by extension 'ignore_ament_install'
[0.201s] Level 1:colcon.colcon_core.package_identification:_identify(ver0/can_converter) by extensions ['colcon_pkg']
[0.201s] Level 1:colcon.colcon_core.package_identification:_identify(ver0/can_converter) by extension 'colcon_pkg'
[0.201s] Level 1:colcon.colcon_core.package_identification:_identify(ver0/can_converter) by extensions ['colcon_meta']
[0.201s] Level 1:colcon.colcon_core.package_identification:_identify(ver0/can_converter) by extension 'colcon_meta'
[0.201s] Level 1:colcon.colcon_core.package_identification:_identify(ver0/can_converter) by extensions ['ros']
[0.201s] Level 1:colcon.colcon_core.package_identification:_identify(ver0/can_converter) by extension 'ros'
[0.203s] DEBUG:colcon.colcon_core.package_identification:Package 'ver0/can_converter' with type 'ros.ament_cmake' and name 'can_converter'
[0.203s] Level 1:colcon.colcon_core.package_identification:_identify(ver0/can_packet) by extensions ['ignore', 'ignore_ament_install']
[0.203s] Level 1:colcon.colcon_core.package_identification:_identify(ver0/can_packet) by extension 'ignore'
[0.203s] Level 1:colcon.colcon_core.package_identification:_identify(ver0/can_packet) by extension 'ignore_ament_install'
[0.203s] Level 1:colcon.colcon_core.package_identification:_identify(ver0/can_packet) by extensions ['colcon_pkg']
[0.203s] Level 1:colcon.colcon_core.package_identification:_identify(ver0/can_packet) by extension 'colcon_pkg'
[0.203s] Level 1:colcon.colcon_core.package_identification:_identify(ver0/can_packet) by extensions ['colcon_meta']
[0.203s] Level 1:colcon.colcon_core.package_identification:_identify(ver0/can_packet) by extension 'colcon_meta'
[0.203s] Level 1:colcon.colcon_core.package_identification:_identify(ver0/can_packet) by extensions ['ros']
[0.203s] Level 1:colcon.colcon_core.package_identification:_identify(ver0/can_packet) by extension 'ros'
[0.204s] DEBUG:colcon.colcon_core.package_identification:Package 'ver0/can_packet' with type 'ros.ament_cmake' and name 'can_packet'
[0.204s] Level 1:colcon.colcon_core.package_identification:_identify(ver0/launcher) by extensions ['ignore', 'ignore_ament_install']
[0.204s] Level 1:colcon.colcon_core.package_identification:_identify(ver0/launcher) by extension 'ignore'
[0.204s] Level 1:colcon.colcon_core.package_identification:_identify(ver0/launcher) by extension 'ignore_ament_install'
[0.204s] Level 1:colcon.colcon_core.package_identification:_identify(ver0/launcher) by extensions ['colcon_pkg']
[0.204s] Level 1:colcon.colcon_core.package_identification:_identify(ver0/launcher) by extension 'colcon_pkg'
[0.204s] Level 1:colcon.colcon_core.package_identification:_identify(ver0/launcher) by extensions ['colcon_meta']
[0.204s] Level 1:colcon.colcon_core.package_identification:_identify(ver0/launcher) by extension 'colcon_meta'
[0.204s] Level 1:colcon.colcon_core.package_identification:_identify(ver0/launcher) by extensions ['ros']
[0.204s] Level 1:colcon.colcon_core.package_identification:_identify(ver0/launcher) by extension 'ros'
[0.204s] DEBUG:colcon.colcon_core.package_identification:Package 'ver0/launcher' with type 'ros.ament_cmake' and name 'launcher'
[0.204s] Level 1:colcon.colcon_core.package_identification:_identify(ver0/my_cpp_package) by extensions ['ignore', 'ignore_ament_install']
[0.204s] Level 1:colcon.colcon_core.package_identification:_identify(ver0/my_cpp_package) by extension 'ignore'
[0.204s] Level 1:colcon.colcon_core.package_identification:_identify(ver0/my_cpp_package) by extension 'ignore_ament_install'
[0.204s] Level 1:colcon.colcon_core.package_identification:_identify(ver0/my_cpp_package) by extensions ['colcon_pkg']
[0.204s] Level 1:colcon.colcon_core.package_identification:_identify(ver0/my_cpp_package) by extension 'colcon_pkg'
[0.204s] Level 1:colcon.colcon_core.package_identification:_identify(ver0/my_cpp_package) by extensions ['colcon_meta']
[0.204s] Level 1:colcon.colcon_core.package_identification:_identify(ver0/my_cpp_package) by extension 'colcon_meta'
[0.204s] Level 1:colcon.colcon_core.package_identification:_identify(ver0/my_cpp_package) by extensions ['ros']
[0.204s] Level 1:colcon.colcon_core.package_identification:_identify(ver0/my_cpp_package) by extension 'ros'
[0.205s] DEBUG:colcon.colcon_core.package_identification:Package 'ver0/my_cpp_package' with type 'ros.ament_cmake' and name 'my_cpp_package'
[0.206s] Level 1:colcon.colcon_core.package_identification:_identify(ver0/pid_tuner) by extensions ['ignore', 'ignore_ament_install']
[0.206s] Level 1:colcon.colcon_core.package_identification:_identify(ver0/pid_tuner) by extension 'ignore'
[0.206s] Level 1:colcon.colcon_core.package_identification:_identify(ver0/pid_tuner) by extension 'ignore_ament_install'
[0.206s] Level 1:colcon.colcon_core.package_identification:_identify(ver0/pid_tuner) by extensions ['colcon_pkg']
[0.206s] Level 1:colcon.colcon_core.package_identification:_identify(ver0/pid_tuner) by extension 'colcon_pkg'
[0.206s] Level 1:colcon.colcon_core.package_identification:_identify(ver0/pid_tuner) by extensions ['colcon_meta']
[0.206s] Level 1:colcon.colcon_core.package_identification:_identify(ver0/pid_tuner) by extension 'colcon_meta'
[0.206s] Level 1:colcon.colcon_core.package_identification:_identify(ver0/pid_tuner) by extensions ['ros']
[0.206s] Level 1:colcon.colcon_core.package_identification:_identify(ver0/pid_tuner) by extension 'ros'
[0.206s] DEBUG:colcon.colcon_core.package_identification:Package 'ver0/pid_tuner' with type 'ros.ament_python' and name 'pid_tuner'
[0.206s] Level 1:colcon.colcon_core.package_discovery:discover_packages(recursive) using defaults
[0.206s] Level 1:colcon.colcon_core.package_discovery:discover_packages(ignore) discover
[0.206s] Level 1:colcon.colcon_core.package_discovery:discover_packages(ignore) using defaults
[0.206s] Level 1:colcon.colcon_core.package_discovery:discover_packages(path) discover
[0.206s] Level 1:colcon.colcon_core.package_discovery:discover_packages(path) using defaults
[0.226s] Level 1:colcon.colcon_core.package_discovery:discover_packages(prefix_path) check parameters
[0.226s] Level 1:colcon.colcon_core.package_discovery:discover_packages(prefix_path) discover
[0.228s] DEBUG:colcon.colcon_installed_package_information.package_discovery:Found 5 installed packages in /home/roxy/2025_ros2/KanNon0618/install
[0.228s] DEBUG:colcon.colcon_installed_package_information.package_discovery:Found 271 installed packages in /opt/ros/humble
[0.229s] Level 1:colcon.colcon_core.package_discovery:discover_packages(prefix_path) using defaults
[0.254s] Level 5:colcon.colcon_core.verb:set package 'can_packet' build argument 'cmake_args' from command line to '['-DCMAKE_EXPORT_COMPILE_COMMANDS=ON']'
[0.254s] Level 5:colcon.colcon_core.verb:set package 'can_packet' build argument 'cmake_target' from command line to 'None'
[0.254s] Level 5:colcon.colcon_core.verb:set package 'can_packet' build argument 'cmake_target_skip_unavailable' from command line to 'False'
[0.254s] Level 5:colcon.colcon_core.verb:set package 'can_packet' build argument 'cmake_clean_cache' from command line to 'False'
[0.254s] Level 5:colcon.colcon_core.verb:set package 'can_packet' build argument 'cmake_clean_first' from command line to 'False'
[0.254s] Level 5:colcon.colcon_core.verb:set package 'can_packet' build argument 'cmake_force_configure' from command line to 'False'
[0.254s] Level 5:colcon.colcon_core.verb:set package 'can_packet' build argument 'ament_cmake_args' from command line to 'None'
[0.254s] Level 5:colcon.colcon_core.verb:set package 'can_packet' build argument 'catkin_cmake_args' from command line to 'None'
[0.254s] Level 5:colcon.colcon_core.verb:set package 'can_packet' build argument 'catkin_skip_building_tests' from command line to 'False'
[0.254s] DEBUG:colcon.colcon_core.verb:Building package 'can_packet' with the following arguments: {'ament_cmake_args': None, 'build_base': '/home/roxy/2025_ros2/KanNon0618/build/can_packet', 'catkin_cmake_args': None, 'catkin_skip_building_tests': False, 'cmake_args': ['-DCMAKE_EXPORT_COMPILE_COMMANDS=ON'], 'cmake_clean_cache': False, 'cmake_clean_first': False, 'cmake_force_configure': False, 'cmake_target': None, 'cmake_target_skip_unavailable': False, 'install_base': '/home/roxy/2025_ros2/KanNon0618/install/can_packet', 'merge_install': False, 'path': '/home/roxy/2025_ros2/KanNon0618/ver0/can_packet', 'symlink_install': False, 'test_result_base': None}
[0.254s] Level 5:colcon.colcon_core.verb:set package 'launcher' build argument 'cmake_args' from command line to '['-DCMAKE_EXPORT_COMPILE_COMMANDS=ON']'
[0.254s] Level 5:colcon.colcon_core.verb:set package 'launcher' build argument 'cmake_target' from command line to 'None'
[0.254s] Level 5:colcon.colcon_core.verb:set package 'launcher' build argument 'cmake_target_skip_unavailable' from command line to 'False'
[0.254s] Level 5:colcon.colcon_core.verb:set package 'launcher' build argument 'cmake_clean_cache' from command line to 'False'
[0.254s] Level 5:colcon.colcon_core.verb:set package 'launcher' build argument 'cmake_clean_first' from command line to 'False'
[0.254s] Level 5:colcon.colcon_core.verb:set package 'launcher' build argument 'cmake_force_configure' from command line to 'False'
[0.254s] Level 5:colcon.colcon_core.verb:set package 'launcher' build argument 'ament_cmake_args' from command line to 'None'
[0.254s] Level 5:colcon.colcon_core.verb:set package 'launcher' build argument 'catkin_cmake_args' from command line to 'None'
[0.254s] Level 5:colcon.colcon_core.verb:set package 'launcher' build argument 'catkin_skip_building_tests' from command line to 'False'
[0.254s] DEBUG:colcon.colcon_core.verb:Building package 'launcher' with the following arguments: {'ament_cmake_args': None, 'build_base': '/home/roxy/2025_ros2/KanNon0618/build/launcher', 'catkin_cmake_args': None, 'catkin_skip_building_tests': False, 'cmake_args': ['-DCMAKE_EXPORT_COMPILE_COMMANDS=ON'], 'cmake_clean_cache': False, 'cmake_clean_first': False, 'cmake_force_configure': False, 'cmake_target': None, 'cmake_target_skip_unavailable': False, 'install_base': '/home/roxy/2025_ros2/KanNon0618/install/launcher', 'merge_install': False, 'path': '/home/roxy/2025_ros2/KanNon0618/ver0/launcher', 'symlink_install': False, 'test_result_base': None}
[0.255s] Level 5:colcon.colcon_core.verb:set package 'can_converter' build argument 'cmake_args' from command line to '['-DCMAKE_EXPORT_COMPILE_COMMANDS=ON']'
[0.255s] Level 5:colcon.colcon_core.verb:set package 'can_converter' build argument 'cmake_target' from command line to 'None'
[0.255s] Level 5:colcon.colcon_core.verb:set package 'can_converter' build argument 'cmake_target_skip_unavailable' from command line to 'False'
[0.255s] Level 5:colcon.colcon_core.verb:set package 'can_converter' build argument 'cmake_clean_cache' from command line to 'False'
[0.255s] Level 5:colcon.colcon_core.verb:set package 'can_converter' build argument 'cmake_clean_first' from command line to 'False'
[0.255s] Level 5:colcon.colcon_core.verb:set package 'can_converter' build argument 'cmake_force_configure' from command line to 'False'
[0.255s] Level 5:colcon.colcon_core.verb:set package 'can_converter' build argument 'ament_cmake_args' from command line to 'None'
[0.255s] Level 5:colcon.colcon_core.verb:set package 'can_converter' build argument 'catkin_cmake_args' from command line to 'None'
[0.255s] Level 5:colcon.colcon_core.verb:set package 'can_converter' build argument 'catkin_skip_building_tests' from command line to 'False'
[0.255s] DEBUG:colcon.colcon_core.verb:Building package 'can_converter' with the following arguments: {'ament_cmake_args': None, 'build_base': '/home/roxy/2025_ros2/KanNon0618/build/can_converter', 'catkin_cmake_args': None, 'catkin_skip_building_tests': False, 'cmake_args': ['-DCMAKE_EXPORT_COMPILE_COMMANDS=ON'], 'cmake_clean_cache': False, 'cmake_clean_first': False, 'cmake_force_configure': False, 'cmake_target': None, 'cmake_target_skip_unavailable': False, 'install_base': '/home/roxy/2025_ros2/KanNon0618/install/can_converter', 'merge_install': False, 'path': '/home/roxy/2025_ros2/KanNon0618/ver0/can_converter', 'symlink_install': False, 'test_result_base': None}
[0.255s] Level 5:colcon.colcon_core.verb:set package 'my_cpp_package' build argument 'cmake_args' from command line to '['-DCMAKE_EXPORT_COMPILE_COMMANDS=ON']'
[0.255s] Level 5:colcon.colcon_core.verb:set package 'my_cpp_package' build argument 'cmake_target' from command line to 'None'
[0.255s] Level 5:colcon.colcon_core.verb:set package 'my_cpp_package' build argument 'cmake_target_skip_unavailable' from command line to 'False'
[0.255s] Level 5:colcon.colcon_core.verb:set package 'my_cpp_package' build argument 'cmake_clean_cache' from command line to 'False'
[0.255s] Level 5:colcon.colcon_core.verb:set package 'my_cpp_package' build argument 'cmake_clean_first' from command line to 'False'
[0.255s] Level 5:colcon.colcon_core.verb:set package 'my_cpp_package' build argument 'cmake_force_configure' from command line to 'False'
[0.255s] Level 5:colcon.colcon_core.verb:set package 'my_cpp_package' build argument 'ament_cmake_args' from command line to 'None'
[0.255s] Level 5:colcon.colcon_core.verb:set package 'my_cpp_package' build argument 'catkin_cmake_args' from command line to 'None'
[0.255s] Level 5:colcon.colcon_core.verb:set package 'my_cpp_package' build argument 'catkin_skip_building_tests' from command line to 'False'
[0.255s] DEBUG:colcon.colcon_core.verb:Building package 'my_cpp_package' with the following arguments: {'ament_cmake_args': None, 'build_base': '/home/roxy/2025_ros2/KanNon0618/build/my_cpp_package', 'catkin_cmake_args': None, 'catkin_skip_building_tests': False, 'cmake_args': ['-DCMAKE_EXPORT_COMPILE_COMMANDS=ON'], 'cmake_clean_cache': False, 'cmake_clean_first': False, 'cmake_force_configure': False, 'cmake_target': None, 'cmake_target_skip_unavailable': False, 'install_base': '/home/roxy/2025_ros2/KanNon0618/install/my_cpp_package', 'merge_install': False, 'path': '/home/roxy/2025_ros2/KanNon0618/ver0/my_cpp_package', 'symlink_install': False, 'test_result_base': None}
[0.255s] Level 5:colcon.colcon_core.verb:set package 'pid_tuner' build argument 'cmake_args' from command line to '['-DCMAKE_EXPORT_COMPILE_COMMANDS=ON']'
[0.255s] Level 5:colcon.colcon_core.verb:set package 'pid_tuner' build argument 'cmake_target' from command line to 'None'
[0.255s] Level 5:colcon.colcon_core.verb:set package 'pid_tuner' build argument 'cmake_target_skip_unavailable' from command line to 'False'
[0.255s] Level 5:colcon.colcon_core.verb:set package 'pid_tuner' build argument 'cmake_clean_cache' from command line to 'False'
[0.255s] Level 5:colcon.colcon_core.verb:set package 'pid_tuner' build argument 'cmake_clean_first' from command line to 'False'
[0.255s] Level 5:colcon.colcon_core.verb:set package 'pid_tuner' build argument 'cmake_force_configure' from command line to 'False'
[0.255s] Level 5:colcon.colcon_core.verb:set package 'pid_tuner' build argument 'ament_cmake_args' from command line to 'None'
[0.255s] Level 5:colcon.colcon_core.verb:set package 'pid_tuner' build argument 'catkin_cmake_args' from command line to 'None'
[0.255s] Level 5:colcon.colcon_core.verb:set package 'pid_tuner' build argument 'catkin_skip_building_tests' from command line to 'False'
[0.255s] DEBUG:colcon.colcon_core.verb:Building package 'pid_tuner' with the following arguments: {'ament_cmake_args': None, 'build_base': '/home/roxy/2025_ros2/KanNon0618/build/pid_tuner', 'catkin_cmake_args': None, 'catkin_skip_building_tests': False, 'cmake_args': ['-DCMAKE_EXPORT_COMPILE_COMMANDS=ON'], 'cmake_clean_cache': False, 'cmake_clean_first': False, 'cmake_force_configure': False, 'cmake_target': None, 'cmake_target_skip_unavailable': False, 'install_base': '/home/roxy/2025_ros2/KanNon0618/install/pid_tuner', 'merge_install': False, 'path': '/home/roxy/2025_ros2/KanNon0618/ver0/pid_tuner', 'symlink_install': False, 'test_result_base': None}
[0.256s] INFO:colcon.colcon_core.executor:Executing jobs using 'parallel' executor
[0.256s] DEBUG:colcon.colcon_parallel_executor.executor.parallel:run_until_complete
[0.257s] INFO:colcon.colcon_ros.task.ament_cmake.build:Building ROS package in '/home/roxy/2025_ros2/KanNon0618/ver0/can_packet' with build type 'ament_cmake'
[0.257s] INFO:colcon.colcon_cmake.task.cmake.build:Building CMake package in '/home/roxy/2025_ros2/KanNon0618/ver0/can_packet'
[0.258s] INFO:colcon.colcon_core.plugin_system:Skipping extension 'colcon_core.shell.bat': Not used on non-Windows systems
[0.258s] INFO:colcon.colcon_core.shell:Skip shell extension 'powershell' for command environment: Not usable outside of PowerShell
[0.258s] DEBUG:colcon.colcon_core.shell:Skip shell extension 'dsv' for command environment
[0.261s] INFO:colcon.colcon_ros.task.ament_cmake.build:Building ROS package in '/home/roxy/2025_ros2/KanNon0618/ver0/launcher' with build type 'ament_cmake'
[0.261s] INFO:colcon.colcon_cmake.task.cmake.build:Building CMake package in '/home/roxy/2025_ros2/KanNon0618/ver0/launcher'
[0.261s] INFO:colcon.colcon_core.shell:Skip shell extension 'powershell' for command environment: Not usable outside of PowerShell
[0.261s] DEBUG:colcon.colcon_core.shell:Skip shell extension 'dsv' for command environment
[0.267s] DEBUG:colcon.colcon_core.event_handler.log_command:Invoking command in '/home/roxy/2025_ros2/KanNon0618/build/can_packet': CMAKE_PREFIX_PATH=${CMAKE_PREFIX_PATH}:/home/roxy/2025_ros2/KanNon0618/install/pid_tuner:/opt/ros/humble /opt/st/stm32cubeclt_1.17.0/CMake/bin/cmake --build /home/roxy/2025_ros2/KanNon0618/build/can_packet -- -j16 -l16
[0.273s] DEBUG:colcon.colcon_core.event_handler.log_command:Invoking command in '/home/roxy/2025_ros2/KanNon0618/build/launcher': CMAKE_PREFIX_PATH=${CMAKE_PREFIX_PATH}:/home/roxy/2025_ros2/KanNon0618/install/pid_tuner:/opt/ros/humble /opt/st/stm32cubeclt_1.17.0/CMake/bin/cmake --build /home/roxy/2025_ros2/KanNon0618/build/launcher -- -j16 -l16
[0.284s] DEBUG:colcon.colcon_core.event_handler.log_command:Invoked command in '/home/roxy/2025_ros2/KanNon0618/build/launcher' returned '0': CMAKE_PREFIX_PATH=${CMAKE_PREFIX_PATH}:/home/roxy/2025_ros2/KanNon0618/install/pid_tuner:/opt/ros/humble /opt/st/stm32cubeclt_1.17.0/CMake/bin/cmake --build /home/roxy/2025_ros2/KanNon0618/build/launcher -- -j16 -l16
[0.289s] DEBUG:colcon.colcon_core.event_handler.log_command:Invoking command in '/home/roxy/2025_ros2/KanNon0618/build/launcher': CMAKE_PREFIX_PATH=${CMAKE_PREFIX_PATH}:/home/roxy/2025_ros2/KanNon0618/install/pid_tuner:/opt/ros/humble /opt/st/stm32cubeclt_1.17.0/CMake/bin/cmake --install /home/roxy/2025_ros2/KanNon0618/build/launcher
[0.293s] Level 1:colcon.colcon_core.environment:create_environment_scripts_only(launcher)
[0.294s] DEBUG:colcon.colcon_core.event_handler.log_command:Invoked command in '/home/roxy/2025_ros2/KanNon0618/build/launcher' returned '0': CMAKE_PREFIX_PATH=${CMAKE_PREFIX_PATH}:/home/roxy/2025_ros2/KanNon0618/install/pid_tuner:/opt/ros/humble /opt/st/stm32cubeclt_1.17.0/CMake/bin/cmake --install /home/roxy/2025_ros2/KanNon0618/build/launcher
[0.297s] Level 1:colcon.colcon_core.environment:checking '/home/roxy/2025_ros2/KanNon0618/install/launcher' for CMake module files
[0.298s] Level 1:colcon.colcon_core.environment:checking '/home/roxy/2025_ros2/KanNon0618/install/launcher' for CMake config files
[0.298s] Level 1:colcon.colcon_core.shell:create_environment_hook('launcher', 'cmake_prefix_path')
[0.298s] INFO:colcon.colcon_core.shell:Creating environment hook '/home/roxy/2025_ros2/KanNon0618/install/launcher/share/launcher/hook/cmake_prefix_path.ps1'
[0.299s] INFO:colcon.colcon_core.shell:Creating environment descriptor '/home/roxy/2025_ros2/KanNon0618/install/launcher/share/launcher/hook/cmake_prefix_path.dsv'
[0.300s] INFO:colcon.colcon_core.shell:Creating environment hook '/home/roxy/2025_ros2/KanNon0618/install/launcher/share/launcher/hook/cmake_prefix_path.sh'
[0.302s] Level 1:colcon.colcon_core.environment:checking '/home/roxy/2025_ros2/KanNon0618/install/launcher/bin'
[0.302s] Level 1:colcon.colcon_core.environment:checking '/home/roxy/2025_ros2/KanNon0618/install/launcher/lib/pkgconfig/launcher.pc'
[0.302s] Level 1:colcon.colcon_core.environment:checking '/home/roxy/2025_ros2/KanNon0618/install/launcher/lib/python3.10/site-packages'
[0.302s] Level 1:colcon.colcon_core.environment:checking '/home/roxy/2025_ros2/KanNon0618/install/launcher/bin'
[0.303s] INFO:colcon.colcon_core.shell:Creating package script '/home/roxy/2025_ros2/KanNon0618/install/launcher/share/launcher/package.ps1'
[0.303s] INFO:colcon.colcon_core.shell:Creating package descriptor '/home/roxy/2025_ros2/KanNon0618/install/launcher/share/launcher/package.dsv'
[0.304s] INFO:colcon.colcon_core.shell:Creating package script '/home/roxy/2025_ros2/KanNon0618/install/launcher/share/launcher/package.sh'
[0.304s] INFO:colcon.colcon_core.shell:Creating package script '/home/roxy/2025_ros2/KanNon0618/install/launcher/share/launcher/package.bash'
[0.305s] INFO:colcon.colcon_core.shell:Creating package script '/home/roxy/2025_ros2/KanNon0618/install/launcher/share/launcher/package.zsh'
[0.305s] Level 1:colcon.colcon_core.environment:create_file_with_runtime_dependencies(/home/roxy/2025_ros2/KanNon0618/install/launcher/share/colcon-core/packages/launcher)
[0.306s] Level 1:colcon.colcon_core.environment:create_environment_scripts_only(launcher)
[0.306s] Level 1:colcon.colcon_core.environment:checking '/home/roxy/2025_ros2/KanNon0618/install/launcher' for CMake module files
[0.306s] Level 1:colcon.colcon_core.environment:checking '/home/roxy/2025_ros2/KanNon0618/install/launcher' for CMake config files
[0.306s] Level 1:colcon.colcon_core.shell:create_environment_hook('launcher', 'cmake_prefix_path')
[0.306s] INFO:colcon.colcon_core.shell:Creating environment hook '/home/roxy/2025_ros2/KanNon0618/install/launcher/share/launcher/hook/cmake_prefix_path.ps1'
[0.307s] INFO:colcon.colcon_core.shell:Creating environment descriptor '/home/roxy/2025_ros2/KanNon0618/install/launcher/share/launcher/hook/cmake_prefix_path.dsv'
[0.307s] INFO:colcon.colcon_core.shell:Creating environment hook '/home/roxy/2025_ros2/KanNon0618/install/launcher/share/launcher/hook/cmake_prefix_path.sh'
[0.307s] Level 1:colcon.colcon_core.environment:checking '/home/roxy/2025_ros2/KanNon0618/install/launcher/bin'
[0.307s] Level 1:colcon.colcon_core.environment:checking '/home/roxy/2025_ros2/KanNon0618/install/launcher/lib/pkgconfig/launcher.pc'
[0.308s] Level 1:colcon.colcon_core.environment:checking '/home/roxy/2025_ros2/KanNon0618/install/launcher/lib/python3.10/site-packages'
[0.308s] Level 1:colcon.colcon_core.environment:checking '/home/roxy/2025_ros2/KanNon0618/install/launcher/bin'
[0.308s] INFO:colcon.colcon_core.shell:Creating package script '/home/roxy/2025_ros2/KanNon0618/install/launcher/share/launcher/package.ps1'
[0.308s] INFO:colcon.colcon_core.shell:Creating package descriptor '/home/roxy/2025_ros2/KanNon0618/install/launcher/share/launcher/package.dsv'
[0.309s] INFO:colcon.colcon_core.shell:Creating package script '/home/roxy/2025_ros2/KanNon0618/install/launcher/share/launcher/package.sh'
[0.309s] INFO:colcon.colcon_core.shell:Creating package script '/home/roxy/2025_ros2/KanNon0618/install/launcher/share/launcher/package.bash'
[0.309s] INFO:colcon.colcon_core.shell:Creating package script '/home/roxy/2025_ros2/KanNon0618/install/launcher/share/launcher/package.zsh'
[0.309s] Level 1:colcon.colcon_core.environment:create_file_with_runtime_dependencies(/home/roxy/2025_ros2/KanNon0618/install/launcher/share/colcon-core/packages/launcher)
[0.508s] DEBUG:colcon.colcon_core.event_handler.log_command:Invoked command in '/home/roxy/2025_ros2/KanNon0618/build/can_packet' returned '0': CMAKE_PREFIX_PATH=${CMAKE_PREFIX_PATH}:/home/roxy/2025_ros2/KanNon0618/install/pid_tuner:/opt/ros/humble /opt/st/stm32cubeclt_1.17.0/CMake/bin/cmake --build /home/roxy/2025_ros2/KanNon0618/build/can_packet -- -j16 -l16
[0.509s] DEBUG:colcon.colcon_core.event_handler.log_command:Invoking command in '/home/roxy/2025_ros2/KanNon0618/build/can_packet': CMAKE_PREFIX_PATH=${CMAKE_PREFIX_PATH}:/home/roxy/2025_ros2/KanNon0618/install/pid_tuner:/opt/ros/humble /opt/st/stm32cubeclt_1.17.0/CMake/bin/cmake --install /home/roxy/2025_ros2/KanNon0618/build/can_packet
[0.557s] Level 1:colcon.colcon_core.environment:create_environment_scripts_only(can_packet)
[0.557s] Level 1:colcon.colcon_core.environment:checking '/home/roxy/2025_ros2/KanNon0618/install/can_packet' for CMake module files
[0.557s] DEBUG:colcon.colcon_core.event_handler.log_command:Invoked command in '/home/roxy/2025_ros2/KanNon0618/build/can_packet' returned '0': CMAKE_PREFIX_PATH=${CMAKE_PREFIX_PATH}:/home/roxy/2025_ros2/KanNon0618/install/pid_tuner:/opt/ros/humble /opt/st/stm32cubeclt_1.17.0/CMake/bin/cmake --install /home/roxy/2025_ros2/KanNon0618/build/can_packet
[0.558s] Level 1:colcon.colcon_core.environment:checking '/home/roxy/2025_ros2/KanNon0618/install/can_packet' for CMake config files
[0.558s] Level 1:colcon.colcon_core.shell:create_environment_hook('can_packet', 'cmake_prefix_path')
[0.558s] INFO:colcon.colcon_core.shell:Creating environment hook '/home/roxy/2025_ros2/KanNon0618/install/can_packet/share/can_packet/hook/cmake_prefix_path.ps1'
[0.559s] INFO:colcon.colcon_core.shell:Creating environment descriptor '/home/roxy/2025_ros2/KanNon0618/install/can_packet/share/can_packet/hook/cmake_prefix_path.dsv'
[0.559s] INFO:colcon.colcon_core.shell:Creating environment hook '/home/roxy/2025_ros2/KanNon0618/install/can_packet/share/can_packet/hook/cmake_prefix_path.sh'
[0.560s] Level 1:colcon.colcon_core.environment:checking '/home/roxy/2025_ros2/KanNon0618/install/can_packet/lib'
[0.560s] Level 1:colcon.colcon_core.shell:create_environment_hook('can_packet', 'ld_library_path_lib')
[0.560s] INFO:colcon.colcon_core.shell:Creating environment hook '/home/roxy/2025_ros2/KanNon0618/install/can_packet/share/can_packet/hook/ld_library_path_lib.ps1'
[0.560s] INFO:colcon.colcon_core.shell:Creating environment descriptor '/home/roxy/2025_ros2/KanNon0618/install/can_packet/share/can_packet/hook/ld_library_path_lib.dsv'
[0.561s] INFO:colcon.colcon_core.shell:Creating environment hook '/home/roxy/2025_ros2/KanNon0618/install/can_packet/share/can_packet/hook/ld_library_path_lib.sh'
[0.561s] Level 1:colcon.colcon_core.environment:checking '/home/roxy/2025_ros2/KanNon0618/install/can_packet/bin'
[0.561s] Level 1:colcon.colcon_core.environment:checking '/home/roxy/2025_ros2/KanNon0618/install/can_packet/lib/pkgconfig/can_packet.pc'
[0.561s] Level 1:colcon.colcon_core.environment:checking '/home/roxy/2025_ros2/KanNon0618/install/can_packet/lib/python3.10/site-packages'
[0.561s] Level 1:colcon.colcon_core.environment:checking '/home/roxy/2025_ros2/KanNon0618/install/can_packet/bin'
[0.562s] INFO:colcon.colcon_core.shell:Creating package script '/home/roxy/2025_ros2/KanNon0618/install/can_packet/share/can_packet/package.ps1'
[0.562s] INFO:colcon.colcon_core.shell:Creating package descriptor '/home/roxy/2025_ros2/KanNon0618/install/can_packet/share/can_packet/package.dsv'
[0.563s] INFO:colcon.colcon_core.shell:Creating package script '/home/roxy/2025_ros2/KanNon0618/install/can_packet/share/can_packet/package.sh'
[0.563s] INFO:colcon.colcon_core.shell:Creating package script '/home/roxy/2025_ros2/KanNon0618/install/can_packet/share/can_packet/package.bash'
[0.563s] INFO:colcon.colcon_core.shell:Creating package script '/home/roxy/2025_ros2/KanNon0618/install/can_packet/share/can_packet/package.zsh'
[0.564s] Level 1:colcon.colcon_core.environment:create_file_with_runtime_dependencies(/home/roxy/2025_ros2/KanNon0618/install/can_packet/share/colcon-core/packages/can_packet)
[0.564s] Level 1:colcon.colcon_core.environment:create_environment_scripts_only(can_packet)
[0.564s] Level 1:colcon.colcon_core.environment:checking '/home/roxy/2025_ros2/KanNon0618/install/can_packet' for CMake module files
[0.565s] Level 1:colcon.colcon_core.environment:checking '/home/roxy/2025_ros2/KanNon0618/install/can_packet' for CMake config files
[0.565s] Level 1:colcon.colcon_core.shell:create_environment_hook('can_packet', 'cmake_prefix_path')
[0.565s] INFO:colcon.colcon_core.shell:Creating environment hook '/home/roxy/2025_ros2/KanNon0618/install/can_packet/share/can_packet/hook/cmake_prefix_path.ps1'
[0.566s] INFO:colcon.colcon_core.shell:Creating environment descriptor '/home/roxy/2025_ros2/KanNon0618/install/can_packet/share/can_packet/hook/cmake_prefix_path.dsv'
[0.566s] INFO:colcon.colcon_core.shell:Creating environment hook '/home/roxy/2025_ros2/KanNon0618/install/can_packet/share/can_packet/hook/cmake_prefix_path.sh'
[0.567s] Level 1:colcon.colcon_core.environment:checking '/home/roxy/2025_ros2/KanNon0618/install/can_packet/lib'
[0.567s] Level 1:colcon.colcon_core.shell:create_environment_hook('can_packet', 'ld_library_path_lib')
[0.567s] INFO:colcon.colcon_core.shell:Creating environment hook '/home/roxy/2025_ros2/KanNon0618/install/can_packet/share/can_packet/hook/ld_library_path_lib.ps1'
[0.568s] INFO:colcon.colcon_core.shell:Creating environment descriptor '/home/roxy/2025_ros2/KanNon0618/install/can_packet/share/can_packet/hook/ld_library_path_lib.dsv'
[0.568s] INFO:colcon.colcon_core.shell:Creating environment hook '/home/roxy/2025_ros2/KanNon0618/install/can_packet/share/can_packet/hook/ld_library_path_lib.sh'
[0.568s] Level 1:colcon.colcon_core.environment:checking '/home/roxy/2025_ros2/KanNon0618/install/can_packet/bin'
[0.569s] Level 1:colcon.colcon_core.environment:checking '/home/roxy/2025_ros2/KanNon0618/install/can_packet/lib/pkgconfig/can_packet.pc'
[0.569s] Level 1:colcon.colcon_core.environment:checking '/home/roxy/2025_ros2/KanNon0618/install/can_packet/lib/python3.10/site-packages'
[0.569s] Level 1:colcon.colcon_core.environment:checking '/home/roxy/2025_ros2/KanNon0618/install/can_packet/bin'
[0.570s] INFO:colcon.colcon_core.shell:Creating package script '/home/roxy/2025_ros2/KanNon0618/install/can_packet/share/can_packet/package.ps1'
[0.570s] INFO:colcon.colcon_core.shell:Creating package descriptor '/home/roxy/2025_ros2/KanNon0618/install/can_packet/share/can_packet/package.dsv'
[0.571s] INFO:colcon.colcon_core.shell:Creating package script '/home/roxy/2025_ros2/KanNon0618/install/can_packet/share/can_packet/package.sh'
[0.571s] INFO:colcon.colcon_core.shell:Creating package script '/home/roxy/2025_ros2/KanNon0618/install/can_packet/share/can_packet/package.bash'
[0.572s] INFO:colcon.colcon_core.shell:Creating package script '/home/roxy/2025_ros2/KanNon0618/install/can_packet/share/can_packet/package.zsh'
[0.572s] Level 1:colcon.colcon_core.environment:create_file_with_runtime_dependencies(/home/roxy/2025_ros2/KanNon0618/install/can_packet/share/colcon-core/packages/can_packet)
[0.573s] INFO:colcon.colcon_ros.task.ament_cmake.build:Building ROS package in '/home/roxy/2025_ros2/KanNon0618/ver0/can_converter' with build type 'ament_cmake'
[0.573s] INFO:colcon.colcon_cmake.task.cmake.build:Building CMake package in '/home/roxy/2025_ros2/KanNon0618/ver0/can_converter'
[0.573s] INFO:colcon.colcon_core.shell:Skip shell extension 'powershell' for command environment: Not usable outside of PowerShell
[0.573s] DEBUG:colcon.colcon_core.shell:Skip shell extension 'dsv' for command environment
[0.580s] INFO:colcon.colcon_ros.task.ament_cmake.build:Building ROS package in '/home/roxy/2025_ros2/KanNon0618/ver0/my_cpp_package' with build type 'ament_cmake'
[0.580s] INFO:colcon.colcon_cmake.task.cmake.build:Building CMake package in '/home/roxy/2025_ros2/KanNon0618/ver0/my_cpp_package'
[0.581s] INFO:colcon.colcon_core.shell:Skip shell extension 'powershell' for command environment: Not usable outside of PowerShell
[0.581s] DEBUG:colcon.colcon_core.shell:Skip shell extension 'dsv' for command environment
[0.585s] INFO:colcon.colcon_ros.task.ament_python.build:Building ROS package in '/home/roxy/2025_ros2/KanNon0618/ver0/pid_tuner' with build type 'ament_python'
[0.585s] Level 1:colcon.colcon_core.shell:create_environment_hook('pid_tuner', 'ament_prefix_path')
[0.586s] INFO:colcon.colcon_core.shell:Creating environment hook '/home/roxy/2025_ros2/KanNon0618/install/pid_tuner/share/pid_tuner/hook/ament_prefix_path.ps1'
[0.586s] INFO:colcon.colcon_core.shell:Creating environment descriptor '/home/roxy/2025_ros2/KanNon0618/install/pid_tuner/share/pid_tuner/hook/ament_prefix_path.dsv'
[0.586s] INFO:colcon.colcon_core.shell:Creating environment hook '/home/roxy/2025_ros2/KanNon0618/install/pid_tuner/share/pid_tuner/hook/ament_prefix_path.sh'
[0.587s] INFO:colcon.colcon_core.shell:Skip shell extension 'powershell' for command environment: Not usable outside of PowerShell
[0.587s] DEBUG:colcon.colcon_core.shell:Skip shell extension 'dsv' for command environment
[0.593s] DEBUG:colcon.colcon_core.event_handler.log_command:Invoking command in '/home/roxy/2025_ros2/KanNon0618/build/can_converter': CMAKE_PREFIX_PATH=/home/roxy/2025_ros2/KanNon0618/install/can_packet:/home/roxy/2025_ros2/KanNon0618/install/my_cpp_package:/home/roxy/2025_ros2/KanNon0618/install/launcher:/home/roxy/2025_ros2/KanNon0618/install/can_converter:/home/roxy/2025_ros2/KanNon0618/install/pid_tuner:/opt/ros/humble /opt/st/stm32cubeclt_1.17.0/CMake/bin/cmake --build /home/roxy/2025_ros2/KanNon0618/build/can_converter -- -j16 -l16
[0.596s] DEBUG:colcon.colcon_core.event_handler.log_command:Invoking command in '/home/roxy/2025_ros2/KanNon0618/build/my_cpp_package': CMAKE_PREFIX_PATH=/home/roxy/2025_ros2/KanNon0618/install/can_packet:/home/roxy/2025_ros2/KanNon0618/install/my_cpp_package:/home/roxy/2025_ros2/KanNon0618/install/launcher:/home/roxy/2025_ros2/KanNon0618/install/can_converter:/home/roxy/2025_ros2/KanNon0618/install/pid_tuner:/opt/ros/humble /opt/st/stm32cubeclt_1.17.0/CMake/bin/cmake --build /home/roxy/2025_ros2/KanNon0618/build/my_cpp_package -- -j16 -l16
[0.880s] INFO:colcon.colcon_core.task.python.build:Building Python package in '/home/roxy/2025_ros2/KanNon0618/ver0/pid_tuner'
[0.881s] INFO:colcon.colcon_core.shell:Skip shell extension 'powershell' for command environment: Not usable outside of PowerShell
[0.881s] DEBUG:colcon.colcon_core.shell:Skip shell extension 'dsv' for command environment
[0.903s] DEBUG:colcon.colcon_core.event_handler.log_command:Invoked command in '/home/roxy/2025_ros2/KanNon0618/build/my_cpp_package' returned '0': CMAKE_PREFIX_PATH=/home/roxy/2025_ros2/KanNon0618/install/can_packet:/home/roxy/2025_ros2/KanNon0618/install/my_cpp_package:/home/roxy/2025_ros2/KanNon0618/install/launcher:/home/roxy/2025_ros2/KanNon0618/install/can_converter:/home/roxy/2025_ros2/KanNon0618/install/pid_tuner:/opt/ros/humble /opt/st/stm32cubeclt_1.17.0/CMake/bin/cmake --build /home/roxy/2025_ros2/KanNon0618/build/my_cpp_package -- -j16 -l16
[0.909s] DEBUG:colcon.colcon_core.event_handler.log_command:Invoking command in '/home/roxy/2025_ros2/KanNon0618/build/my_cpp_package': CMAKE_PREFIX_PATH=/home/roxy/2025_ros2/KanNon0618/install/can_packet:/home/roxy/2025_ros2/KanNon0618/install/my_cpp_package:/home/roxy/2025_ros2/KanNon0618/install/launcher:/home/roxy/2025_ros2/KanNon0618/install/can_converter:/home/roxy/2025_ros2/KanNon0618/install/pid_tuner:/opt/ros/humble /opt/st/stm32cubeclt_1.17.0/CMake/bin/cmake --install /home/roxy/2025_ros2/KanNon0618/build/my_cpp_package
[0.924s] Level 1:colcon.colcon_core.environment:create_environment_scripts_only(my_cpp_package)
[0.924s] Level 1:colcon.colcon_core.environment:checking '/home/roxy/2025_ros2/KanNon0618/install/my_cpp_package' for CMake module files
[0.925s] Level 1:colcon.colcon_core.environment:checking '/home/roxy/2025_ros2/KanNon0618/install/my_cpp_package' for CMake config files
[0.926s] DEBUG:colcon.colcon_core.event_handler.log_command:Invoked command in '/home/roxy/2025_ros2/KanNon0618/build/my_cpp_package' returned '0': CMAKE_PREFIX_PATH=/home/roxy/2025_ros2/KanNon0618/install/can_packet:/home/roxy/2025_ros2/KanNon0618/install/my_cpp_package:/home/roxy/2025_ros2/KanNon0618/install/launcher:/home/roxy/2025_ros2/KanNon0618/install/can_converter:/home/roxy/2025_ros2/KanNon0618/install/pid_tuner:/opt/ros/humble /opt/st/stm32cubeclt_1.17.0/CMake/bin/cmake --install /home/roxy/2025_ros2/KanNon0618/build/my_cpp_package
[0.930s] Level 1:colcon.colcon_core.shell:create_environment_hook('my_cpp_package', 'cmake_prefix_path')
[0.930s] INFO:colcon.colcon_core.shell:Creating environment hook '/home/roxy/2025_ros2/KanNon0618/install/my_cpp_package/share/my_cpp_package/hook/cmake_prefix_path.ps1'
[0.931s] INFO:colcon.colcon_core.shell:Creating environment descriptor '/home/roxy/2025_ros2/KanNon0618/install/my_cpp_package/share/my_cpp_package/hook/cmake_prefix_path.dsv'
[0.932s] INFO:colcon.colcon_core.shell:Creating environment hook '/home/roxy/2025_ros2/KanNon0618/install/my_cpp_package/share/my_cpp_package/hook/cmake_prefix_path.sh'
[0.934s] Level 1:colcon.colcon_core.environment:checking '/home/roxy/2025_ros2/KanNon0618/install/my_cpp_package/lib'
[0.934s] Level 1:colcon.colcon_core.environment:checking '/home/roxy/2025_ros2/KanNon0618/install/my_cpp_package/bin'
[0.934s] Level 1:colcon.colcon_core.environment:checking '/home/roxy/2025_ros2/KanNon0618/install/my_cpp_package/lib/pkgconfig/my_cpp_package.pc'
[0.935s] Level 1:colcon.colcon_core.environment:checking '/home/roxy/2025_ros2/KanNon0618/install/my_cpp_package/lib/python3.10/site-packages'
[0.935s] Level 1:colcon.colcon_core.environment:checking '/home/roxy/2025_ros2/KanNon0618/install/my_cpp_package/bin'
[0.936s] INFO:colcon.colcon_core.shell:Creating package script '/home/roxy/2025_ros2/KanNon0618/install/my_cpp_package/share/my_cpp_package/package.ps1'
[0.937s] INFO:colcon.colcon_core.shell:Creating package descriptor '/home/roxy/2025_ros2/KanNon0618/install/my_cpp_package/share/my_cpp_package/package.dsv'
[0.938s] INFO:colcon.colcon_core.shell:Creating package script '/home/roxy/2025_ros2/KanNon0618/install/my_cpp_package/share/my_cpp_package/package.sh'
[0.939s] INFO:colcon.colcon_core.shell:Creating package script '/home/roxy/2025_ros2/KanNon0618/install/my_cpp_package/share/my_cpp_package/package.bash'
[0.940s] INFO:colcon.colcon_core.shell:Creating package script '/home/roxy/2025_ros2/KanNon0618/install/my_cpp_package/share/my_cpp_package/package.zsh'
[0.940s] Level 1:colcon.colcon_core.environment:create_file_with_runtime_dependencies(/home/roxy/2025_ros2/KanNon0618/install/my_cpp_package/share/colcon-core/packages/my_cpp_package)
[0.941s] Level 1:colcon.colcon_core.environment:create_environment_scripts_only(my_cpp_package)
[0.942s] Level 1:colcon.colcon_core.environment:checking '/home/roxy/2025_ros2/KanNon0618/install/my_cpp_package' for CMake module files
[0.944s] Level 1:colcon.colcon_core.environment:checking '/home/roxy/2025_ros2/KanNon0618/install/my_cpp_package' for CMake config files
[0.945s] Level 1:colcon.colcon_core.shell:create_environment_hook('my_cpp_package', 'cmake_prefix_path')
[0.945s] INFO:colcon.colcon_core.shell:Creating environment hook '/home/roxy/2025_ros2/KanNon0618/install/my_cpp_package/share/my_cpp_package/hook/cmake_prefix_path.ps1'
[0.946s] INFO:colcon.colcon_core.shell:Creating environment descriptor '/home/roxy/2025_ros2/KanNon0618/install/my_cpp_package/share/my_cpp_package/hook/cmake_prefix_path.dsv'
[0.947s] INFO:colcon.colcon_core.shell:Creating environment hook '/home/roxy/2025_ros2/KanNon0618/install/my_cpp_package/share/my_cpp_package/hook/cmake_prefix_path.sh'
[0.948s] Level 1:colcon.colcon_core.environment:checking '/home/roxy/2025_ros2/KanNon0618/install/my_cpp_package/lib'
[0.948s] Level 1:colcon.colcon_core.environment:checking '/home/roxy/2025_ros2/KanNon0618/install/my_cpp_package/bin'
[0.948s] Level 1:colcon.colcon_core.environment:checking '/home/roxy/2025_ros2/KanNon0618/install/my_cpp_package/lib/pkgconfig/my_cpp_package.pc'
[0.949s] Level 1:colcon.colcon_core.environment:checking '/home/roxy/2025_ros2/KanNon0618/install/my_cpp_package/lib/python3.10/site-packages'
[0.949s] Level 1:colcon.colcon_core.environment:checking '/home/roxy/2025_ros2/KanNon0618/install/my_cpp_package/bin'
[0.950s] INFO:colcon.colcon_core.shell:Creating package script '/home/roxy/2025_ros2/KanNon0618/install/my_cpp_package/share/my_cpp_package/package.ps1'
[0.951s] INFO:colcon.colcon_core.shell:Creating package descriptor '/home/roxy/2025_ros2/KanNon0618/install/my_cpp_package/share/my_cpp_package/package.dsv'
[0.951s] INFO:colcon.colcon_core.shell:Creating package script '/home/roxy/2025_ros2/KanNon0618/install/my_cpp_package/share/my_cpp_package/package.sh'
[0.952s] INFO:colcon.colcon_core.shell:Creating package script '/home/roxy/2025_ros2/KanNon0618/install/my_cpp_package/share/my_cpp_package/package.bash'
[0.954s] INFO:colcon.colcon_core.shell:Creating package script '/home/roxy/2025_ros2/KanNon0618/install/my_cpp_package/share/my_cpp_package/package.zsh'
[0.955s] Level 1:colcon.colcon_core.environment:create_file_with_runtime_dependencies(/home/roxy/2025_ros2/KanNon0618/install/my_cpp_package/share/colcon-core/packages/my_cpp_package)
[1.395s] DEBUG:colcon.colcon_core.event_handler.log_command:Invoking command in '/home/roxy/2025_ros2/KanNon0618/ver0/pid_tuner': CMAKE_PREFIX_PATH=/home/roxy/2025_ros2/KanNon0618/install/can_packet:/home/roxy/2025_ros2/KanNon0618/install/my_cpp_package:/home/roxy/2025_ros2/KanNon0618/install/launcher:/home/roxy/2025_ros2/KanNon0618/install/can_converter PYTHONPATH=/home/roxy/2025_ros2/KanNon0618/build/pid_tuner/prefix_override:/usr/lib/python3/dist-packages/colcon_core/task/python/colcon_distutils_commands:/home/roxy/2025_ros2/KanNon0618/install/pid_tuner/lib/python3.10/site-packages:${PYTHONPATH} /usr/bin/python3 -W ignore:setup.py install is deprecated -W ignore:easy_install command is deprecated setup.py egg_info --egg-base ../../build/pid_tuner build --build-base /home/roxy/2025_ros2/KanNon0618/build/pid_tuner/build install --record /home/roxy/2025_ros2/KanNon0618/build/pid_tuner/install.log --single-version-externally-managed install_data
[1.635s] DEBUG:colcon.colcon_core.event_handler.log_command:Invoked command in '/home/roxy/2025_ros2/KanNon0618/build/can_converter' returned '2': CMAKE_PREFIX_PATH=/home/roxy/2025_ros2/KanNon0618/install/can_packet:/home/roxy/2025_ros2/KanNon0618/install/my_cpp_package:/home/roxy/2025_ros2/KanNon0618/install/launcher:/home/roxy/2025_ros2/KanNon0618/install/can_converter:/home/roxy/2025_ros2/KanNon0618/install/pid_tuner:/opt/ros/humble /opt/st/stm32cubeclt_1.17.0/CMake/bin/cmake --build /home/roxy/2025_ros2/KanNon0618/build/can_converter -- -j16 -l16
[1.636s] Level 1:colcon.colcon_core.environment:create_environment_scripts_only(can_converter)
[1.636s] Level 1:colcon.colcon_core.environment:checking '/home/roxy/2025_ros2/KanNon0618/install/can_converter' for CMake module files
[1.637s] Level 1:colcon.colcon_core.environment:checking '/home/roxy/2025_ros2/KanNon0618/install/can_converter' for CMake config files
[1.637s] Level 1:colcon.colcon_core.shell:create_environment_hook('can_converter', 'cmake_prefix_path')
[1.637s] INFO:colcon.colcon_core.shell:Creating environment hook '/home/roxy/2025_ros2/KanNon0618/install/can_converter/share/can_converter/hook/cmake_prefix_path.ps1'
[1.638s] INFO:colcon.colcon_core.shell:Creating environment descriptor '/home/roxy/2025_ros2/KanNon0618/install/can_converter/share/can_converter/hook/cmake_prefix_path.dsv'
[1.638s] INFO:colcon.colcon_core.shell:Creating environment hook '/home/roxy/2025_ros2/KanNon0618/install/can_converter/share/can_converter/hook/cmake_prefix_path.sh'
[1.639s] Level 1:colcon.colcon_core.environment:checking '/home/roxy/2025_ros2/KanNon0618/install/can_converter/lib'
[1.639s] Level 1:colcon.colcon_core.environment:checking '/home/roxy/2025_ros2/KanNon0618/install/can_converter/bin'
[1.639s] Level 1:colcon.colcon_core.environment:checking '/home/roxy/2025_ros2/KanNon0618/install/can_converter/lib/pkgconfig/can_converter.pc'
[1.639s] Level 1:colcon.colcon_core.environment:checking '/home/roxy/2025_ros2/KanNon0618/install/can_converter/lib/python3.10/site-packages'
[1.639s] Level 1:colcon.colcon_core.environment:checking '/home/roxy/2025_ros2/KanNon0618/install/can_converter/bin'
[1.640s] INFO:colcon.colcon_core.shell:Creating package script '/home/roxy/2025_ros2/KanNon0618/install/can_converter/share/can_converter/package.ps1'
[1.640s] INFO:colcon.colcon_core.shell:Creating package descriptor '/home/roxy/2025_ros2/KanNon0618/install/can_converter/share/can_converter/package.dsv'
[1.641s] INFO:colcon.colcon_core.shell:Creating package script '/home/roxy/2025_ros2/KanNon0618/install/can_converter/share/can_converter/package.sh'
[1.641s] INFO:colcon.colcon_core.shell:Creating package script '/home/roxy/2025_ros2/KanNon0618/install/can_converter/share/can_converter/package.bash'
[1.642s] INFO:colcon.colcon_core.shell:Creating package script '/home/roxy/2025_ros2/KanNon0618/install/can_converter/share/can_converter/package.zsh'
[1.642s] Level 1:colcon.colcon_core.environment:create_file_with_runtime_dependencies(/home/roxy/2025_ros2/KanNon0618/install/can_converter/share/colcon-core/packages/can_converter)
[1.778s] DEBUG:colcon.colcon_parallel_executor.executor.parallel:closing loop
[1.778s] DEBUG:colcon.colcon_parallel_executor.executor.parallel:loop closed
[1.778s] DEBUG:colcon.colcon_parallel_executor.executor.parallel:run_until_complete finished with '2'
[1.778s] DEBUG:colcon.colcon_core.event_reactor:joining thread
[1.793s] INFO:colcon.colcon_core.plugin_system:Skipping extension 'colcon_notification.desktop_notification.terminal_notifier': Not used on non-Darwin systems
[1.793s] INFO:colcon.colcon_core.plugin_system:Skipping extension 'colcon_notification.desktop_notification.win32': Not used on non-Windows systems
[1.793s] INFO:colcon.colcon_notification.desktop_notification:Sending desktop notification using 'notify2'
[1.821s] DEBUG:colcon.colcon_core.event_reactor:joined thread
[1.821s] INFO:colcon.colcon_core.shell:Creating prefix script '/home/roxy/2025_ros2/KanNon0618/install/local_setup.ps1'
[1.823s] INFO:colcon.colcon_core.shell:Creating prefix util module '/home/roxy/2025_ros2/KanNon0618/install/_local_setup_util_ps1.py'
[1.830s] INFO:colcon.colcon_core.shell:Creating prefix chain script '/home/roxy/2025_ros2/KanNon0618/install/setup.ps1'
[1.835s] INFO:colcon.colcon_core.shell:Creating prefix script '/home/roxy/2025_ros2/KanNon0618/install/local_setup.sh'
[1.837s] INFO:colcon.colcon_core.shell:Creating prefix util module '/home/roxy/2025_ros2/KanNon0618/install/_local_setup_util_sh.py'
[1.838s] INFO:colcon.colcon_core.shell:Creating prefix chain script '/home/roxy/2025_ros2/KanNon0618/install/setup.sh'
[1.840s] INFO:colcon.colcon_core.shell:Creating prefix script '/home/roxy/2025_ros2/KanNon0618/install/local_setup.bash'
[1.841s] INFO:colcon.colcon_core.shell:Creating prefix chain script '/home/roxy/2025_ros2/KanNon0618/install/setup.bash'
[1.843s] INFO:colcon.colcon_core.shell:Creating prefix script '/home/roxy/2025_ros2/KanNon0618/install/local_setup.zsh'
[1.844s] INFO:colcon.colcon_core.shell:Creating prefix chain script '/home/roxy/2025_ros2/KanNon0618/install/setup.zsh'
