[0.018s] Invoking command in '/home/roxy/2025_ros2/KanNon0618/build/can_converter': AMENT_PREFIX_PATH=/home/roxy/2025_ros2/KanNon0618/install/can_packet:${AMENT_PREFIX_PATH} CMAKE_PREFIX_PATH=/home/roxy/2025_ros2/KanNon0618/install/can_packet:/opt/ros/humble LD_LIBRARY_PATH=/home/roxy/2025_ros2/KanNon0618/install/can_packet/lib:${LD_LIBRARY_PATH} PYTHONPATH=/home/roxy/2025_ros2/KanNon0618/install/can_packet/local/lib/python3.10/dist-packages:${PYTHONPATH} /opt/st/stm32cubeclt_1.17.0/CMake/bin/cmake --build /home/roxy/2025_ros2/KanNon0618/build/can_converter -- -j16 -l16
[0.049s] [ 33%] Built target sub_to_can_node
[0.050s] [ 66%] Built target can_to_pub_node
[0.059s] [ 83%] [32mBuilding CXX object CMakeFiles/sub_to_usb_node.dir/src/sub_to_usb.cpp.o[0m
[3.802s] [01m[K/home/roxy/2025_ros2/KanNon0618/ver0/can_converter/src/sub_to_usb.cpp:[m[K In lambda function:
[3.803s] [01m[K/home/roxy/2025_ros2/KanNon0618/ver0/can_converter/src/sub_to_usb.cpp:33:65:[m[K [01;35m[Kwarning: [m[Kunused parameter ‘[01m[Klength[m[K’ [[01;35m[K]8;;https://gcc.gnu.org/onlinedocs/gcc/Warning-Options.html#index-Wunused-parameter-Wunused-parameter]8;;[m[K]
[3.803s]    33 |             [](const boost::system::error_code &ec, [01;35m[Kstd::size_t length[m[K) {
[3.803s]       |                                                     [01;35m[K~~~~~~~~~~~~^~~~~~[m[K
[10.469s] [100%] [32m[1mLinking CXX executable sub_to_usb_node[0m
[10.873s] [100%] Built target sub_to_usb_node
[10.876s] Invoked command in '/home/roxy/2025_ros2/KanNon0618/build/can_converter' returned '0': AMENT_PREFIX_PATH=/home/roxy/2025_ros2/KanNon0618/install/can_packet:${AMENT_PREFIX_PATH} CMAKE_PREFIX_PATH=/home/roxy/2025_ros2/KanNon0618/install/can_packet:/opt/ros/humble LD_LIBRARY_PATH=/home/roxy/2025_ros2/KanNon0618/install/can_packet/lib:${LD_LIBRARY_PATH} PYTHONPATH=/home/roxy/2025_ros2/KanNon0618/install/can_packet/local/lib/python3.10/dist-packages:${PYTHONPATH} /opt/st/stm32cubeclt_1.17.0/CMake/bin/cmake --build /home/roxy/2025_ros2/KanNon0618/build/can_converter -- -j16 -l16
[10.878s] Invoking command in '/home/roxy/2025_ros2/KanNon0618/build/can_converter': AMENT_PREFIX_PATH=/home/roxy/2025_ros2/KanNon0618/install/can_packet:${AMENT_PREFIX_PATH} CMAKE_PREFIX_PATH=/home/roxy/2025_ros2/KanNon0618/install/can_packet:/opt/ros/humble LD_LIBRARY_PATH=/home/roxy/2025_ros2/KanNon0618/install/can_packet/lib:${LD_LIBRARY_PATH} PYTHONPATH=/home/roxy/2025_ros2/KanNon0618/install/can_packet/local/lib/python3.10/dist-packages:${PYTHONPATH} /opt/st/stm32cubeclt_1.17.0/CMake/bin/cmake --install /home/roxy/2025_ros2/KanNon0618/build/can_converter
[10.880s] -- Install configuration: ""
[10.880s] -- Up-to-date: /home/roxy/2025_ros2/KanNon0618/install/can_converter/lib/can_converter/sub_to_can_node
[10.880s] -- Up-to-date: /home/roxy/2025_ros2/KanNon0618/install/can_converter/lib/can_converter/can_to_pub_node
[10.881s] -- Installing: /home/roxy/2025_ros2/KanNon0618/install/can_converter/lib/can_converter/sub_to_usb_node
[10.884s] -- Set non-toolchain portion of runtime path of "/home/roxy/2025_ros2/KanNon0618/install/can_converter/lib/can_converter/sub_to_usb_node" to ""
[10.884s] -- Up-to-date: /home/roxy/2025_ros2/KanNon0618/install/can_converter/share/ament_index/resource_index/package_run_dependencies/can_converter
[10.884s] -- Up-to-date: /home/roxy/2025_ros2/KanNon0618/install/can_converter/share/ament_index/resource_index/parent_prefix_path/can_converter
[10.884s] -- Up-to-date: /home/roxy/2025_ros2/KanNon0618/install/can_converter/share/can_converter/environment/ament_prefix_path.sh
[10.884s] -- Up-to-date: /home/roxy/2025_ros2/KanNon0618/install/can_converter/share/can_converter/environment/ament_prefix_path.dsv
[10.884s] -- Up-to-date: /home/roxy/2025_ros2/KanNon0618/install/can_converter/share/can_converter/environment/path.sh
[10.885s] -- Up-to-date: /home/roxy/2025_ros2/KanNon0618/install/can_converter/share/can_converter/environment/path.dsv
[10.885s] -- Up-to-date: /home/roxy/2025_ros2/KanNon0618/install/can_converter/share/can_converter/local_setup.bash
[10.885s] -- Up-to-date: /home/roxy/2025_ros2/KanNon0618/install/can_converter/share/can_converter/local_setup.sh
[10.885s] -- Up-to-date: /home/roxy/2025_ros2/KanNon0618/install/can_converter/share/can_converter/local_setup.zsh
[10.885s] -- Up-to-date: /home/roxy/2025_ros2/KanNon0618/install/can_converter/share/can_converter/local_setup.dsv
[10.885s] -- Installing: /home/roxy/2025_ros2/KanNon0618/install/can_converter/share/can_converter/package.dsv
[10.885s] -- Up-to-date: /home/roxy/2025_ros2/KanNon0618/install/can_converter/share/ament_index/resource_index/packages/can_converter
[10.885s] -- Up-to-date: /home/roxy/2025_ros2/KanNon0618/install/can_converter/share/can_converter/cmake/can_converterConfig.cmake
[10.885s] -- Up-to-date: /home/roxy/2025_ros2/KanNon0618/install/can_converter/share/can_converter/cmake/can_converterConfig-version.cmake
[10.885s] -- Up-to-date: /home/roxy/2025_ros2/KanNon0618/install/can_converter/share/can_converter/package.xml
[10.887s] Invoked command in '/home/roxy/2025_ros2/KanNon0618/build/can_converter' returned '0': AMENT_PREFIX_PATH=/home/roxy/2025_ros2/KanNon0618/install/can_packet:${AMENT_PREFIX_PATH} CMAKE_PREFIX_PATH=/home/roxy/2025_ros2/KanNon0618/install/can_packet:/opt/ros/humble LD_LIBRARY_PATH=/home/roxy/2025_ros2/KanNon0618/install/can_packet/lib:${LD_LIBRARY_PATH} PYTHONPATH=/home/roxy/2025_ros2/KanNon0618/install/can_packet/local/lib/python3.10/dist-packages:${PYTHONPATH} /opt/st/stm32cubeclt_1.17.0/CMake/bin/cmake --install /home/roxy/2025_ros2/KanNon0618/build/can_converter
