[0.006s] Invoking command in '/home/roxy/2025_ros2/KanNon0618/build/launcher': CMAKE_PREFIX_PATH=/opt/ros/humble /opt/st/stm32cubeclt_1.17.0/CMake/bin/cmake /home/roxy/2025_ros2/KanNon0618/ver0/launcher -DCMAKE_EXPORT_COMPILE_COMMANDS=ON -DCMAKE_INSTALL_PREFIX=/home/roxy/2025_ros2/KanNon0618/install/launcher
[0.036s] -- The C compiler identification is GNU 11.4.0
[0.110s] -- The CXX compiler identification is GNU 11.4.0
[0.146s] -- Detecting C compiler ABI info
[0.183s] -- Detecting C compiler ABI info - done
[0.190s] -- Check for working C compiler: /usr/bin/cc - skipped
[0.190s] -- Detecting C compile features
[0.191s] -- Detecting C compile features - done
[0.196s] -- Detecting CXX compiler ABI info
[0.239s] -- Detecting CXX compiler ABI info - done
[0.246s] -- Check for working CXX compiler: /usr/bin/c++ - skipped
[0.247s] -- Detecting CXX compile features
[0.247s] -- Detecting CXX compile features - done
[0.249s] -- Found ament_cmake: 1.3.11 (/opt/ros/humble/share/ament_cmake/cmake)
[0.484s] -- Found Python3: /usr/bin/python3 (found version "3.10.12") found components: Interpreter 
[0.559s] -- Found ament_lint_auto: 0.12.12 (/opt/ros/humble/share/ament_lint_auto/cmake)
[0.660s] -- Added test 'flake8' to check Python code syntax and style conventions
[0.661s] -- Added test 'lint_cmake' to check CMake code style
[0.661s] -- Added test 'pep257' to check Python code against some of the docstring style conventions in PEP 257
[0.662s] -- Added test 'xmllint' to check XML markup files
[0.663s] -- Configuring done (0.7s)
[0.666s] -- Generating done (0.0s)
[0.666s] [33mCMake Warning:
[0.666s]   Manually-specified variables were not used by the project:
[0.666s] 
[0.666s]     CMAKE_EXPORT_COMPILE_COMMANDS
[0.667s] 
[0.667s] [0m
[0.668s] -- Build files have been written to: /home/roxy/2025_ros2/KanNon0618/build/launcher
[0.671s] Invoked command in '/home/roxy/2025_ros2/KanNon0618/build/launcher' returned '0': CMAKE_PREFIX_PATH=/opt/ros/humble /opt/st/stm32cubeclt_1.17.0/CMake/bin/cmake /home/roxy/2025_ros2/KanNon0618/ver0/launcher -DCMAKE_EXPORT_COMPILE_COMMANDS=ON -DCMAKE_INSTALL_PREFIX=/home/roxy/2025_ros2/KanNon0618/install/launcher
[0.673s] Invoking command in '/home/roxy/2025_ros2/KanNon0618/build/launcher': CMAKE_PREFIX_PATH=/opt/ros/humble /opt/st/stm32cubeclt_1.17.0/CMake/bin/cmake --build /home/roxy/2025_ros2/KanNon0618/build/launcher -- -j16 -l16
[0.681s] Invoked command in '/home/roxy/2025_ros2/KanNon0618/build/launcher' returned '0': CMAKE_PREFIX_PATH=/opt/ros/humble /opt/st/stm32cubeclt_1.17.0/CMake/bin/cmake --build /home/roxy/2025_ros2/KanNon0618/build/launcher -- -j16 -l16
[0.683s] Invoking command in '/home/roxy/2025_ros2/KanNon0618/build/launcher': CMAKE_PREFIX_PATH=/opt/ros/humble /opt/st/stm32cubeclt_1.17.0/CMake/bin/cmake --install /home/roxy/2025_ros2/KanNon0618/build/launcher
[0.684s] -- Install configuration: ""
[0.684s] -- Installing: /home/roxy/2025_ros2/KanNon0618/install/launcher/share/launcher//launch
[0.684s] -- Installing: /home/roxy/2025_ros2/KanNon0618/install/launcher/share/launcher//launch/all_nodes_launcher.py
[0.684s] -- Installing: /home/roxy/2025_ros2/KanNon0618/install/launcher/share/ament_index/resource_index/package_run_dependencies/launcher
[0.684s] -- Installing: /home/roxy/2025_ros2/KanNon0618/install/launcher/share/ament_index/resource_index/parent_prefix_path/launcher
[0.684s] -- Installing: /home/roxy/2025_ros2/KanNon0618/install/launcher/share/launcher/environment/ament_prefix_path.sh
[0.684s] -- Installing: /home/roxy/2025_ros2/KanNon0618/install/launcher/share/launcher/environment/ament_prefix_path.dsv
[0.684s] -- Installing: /home/roxy/2025_ros2/KanNon0618/install/launcher/share/launcher/environment/path.sh
[0.684s] -- Installing: /home/roxy/2025_ros2/KanNon0618/install/launcher/share/launcher/environment/path.dsv
[0.684s] -- Installing: /home/roxy/2025_ros2/KanNon0618/install/launcher/share/launcher/local_setup.bash
[0.685s] -- Installing: /home/roxy/2025_ros2/KanNon0618/install/launcher/share/launcher/local_setup.sh
[0.685s] -- Installing: /home/roxy/2025_ros2/KanNon0618/install/launcher/share/launcher/local_setup.zsh
[0.685s] -- Installing: /home/roxy/2025_ros2/KanNon0618/install/launcher/share/launcher/local_setup.dsv
[0.685s] -- Installing: /home/roxy/2025_ros2/KanNon0618/install/launcher/share/launcher/package.dsv
[0.685s] -- Installing: /home/roxy/2025_ros2/KanNon0618/install/launcher/share/ament_index/resource_index/packages/launcher
[0.685s] -- Installing: /home/roxy/2025_ros2/KanNon0618/install/launcher/share/launcher/cmake/launcherConfig.cmake
[0.685s] -- Installing: /home/roxy/2025_ros2/KanNon0618/install/launcher/share/launcher/cmake/launcherConfig-version.cmake
[0.685s] -- Installing: /home/roxy/2025_ros2/KanNon0618/install/launcher/share/launcher/package.xml
[0.686s] Invoked command in '/home/roxy/2025_ros2/KanNon0618/build/launcher' returned '0': CMAKE_PREFIX_PATH=/opt/ros/humble /opt/st/stm32cubeclt_1.17.0/CMake/bin/cmake --install /home/roxy/2025_ros2/KanNon0618/build/launcher
