[0.009s] Invoking command in '/home/roxy/2025_ros2/KanNon0618/build/can_packet': CMAKE_PREFIX_PATH=/opt/ros/humble /opt/st/stm32cubeclt_1.17.0/CMake/bin/cmake --build /home/roxy/2025_ros2/KanNon0618/build/can_packet -- -j16 -l16
[0.030s] [  9%] Built target can_packet__rosidl_generator_c
[0.035s] [ 12%] Built target can_packet__cpp
[0.035s] [ 12%] Built target ament_cmake_python_copy_can_packet
[0.050s] [ 22%] Built target can_packet__rosidl_typesupport_fastrtps_c
[0.050s] [ 32%] Built target can_packet__rosidl_typesupport_c
[0.050s] [ 51%] Built target can_packet__rosidl_typesupport_fastrtps_cpp
[0.050s] [ 51%] Built target can_packet__rosidl_typesupport_introspection_cpp
[0.050s] [ 61%] Built target can_packet__rosidl_typesupport_introspection_c
[0.055s] [ 70%] Built target can_packet__rosidl_typesupport_cpp
[0.063s] [ 70%] Built target can_packet
[0.070s] [ 74%] Built target can_packet__py
[0.079s] [ 80%] Built target can_packet__rosidl_generator_py
[0.088s] [ 87%] Built target can_packet__rosidl_typesupport_fastrtps_c__pyext
[0.089s] [ 93%] Built target can_packet__rosidl_typesupport_introspection_c__pyext
[0.091s] [100%] Built target can_packet__rosidl_typesupport_c__pyext
[0.314s] running egg_info
[0.315s] writing can_packet.egg-info/PKG-INFO
[0.315s] writing dependency_links to can_packet.egg-info/dependency_links.txt
[0.315s] writing top-level names to can_packet.egg-info/top_level.txt
[0.318s] reading manifest file 'can_packet.egg-info/SOURCES.txt'
[0.319s] writing manifest file 'can_packet.egg-info/SOURCES.txt'
[0.344s] [100%] Built target ament_cmake_python_build_can_packet_egg
[0.348s] Invoked command in '/home/roxy/2025_ros2/KanNon0618/build/can_packet' returned '0': CMAKE_PREFIX_PATH=/opt/ros/humble /opt/st/stm32cubeclt_1.17.0/CMake/bin/cmake --build /home/roxy/2025_ros2/KanNon0618/build/can_packet -- -j16 -l16
[0.350s] Invoking command in '/home/roxy/2025_ros2/KanNon0618/build/can_packet': CMAKE_PREFIX_PATH=/opt/ros/humble /opt/st/stm32cubeclt_1.17.0/CMake/bin/cmake --install /home/roxy/2025_ros2/KanNon0618/build/can_packet
[0.352s] -- Install configuration: ""
[0.353s] -- Up-to-date: /home/roxy/2025_ros2/KanNon0618/install/can_packet/share/ament_index/resource_index/rosidl_interfaces/can_packet
[0.353s] -- Up-to-date: /home/roxy/2025_ros2/KanNon0618/install/can_packet/include/can_packet/can_packet
[0.353s] -- Up-to-date: /home/roxy/2025_ros2/KanNon0618/install/can_packet/include/can_packet/can_packet/msg
[0.353s] -- Up-to-date: /home/roxy/2025_ros2/KanNon0618/install/can_packet/include/can_packet/can_packet/msg/detail
[0.353s] -- Up-to-date: /home/roxy/2025_ros2/KanNon0618/install/can_packet/include/can_packet/can_packet/msg/detail/can_packet__struct.h
[0.353s] -- Up-to-date: /home/roxy/2025_ros2/KanNon0618/install/can_packet/include/can_packet/can_packet/msg/detail/can_packet__functions.c
[0.353s] -- Up-to-date: /home/roxy/2025_ros2/KanNon0618/install/can_packet/include/can_packet/can_packet/msg/detail/can_packet__functions.h
[0.353s] -- Up-to-date: /home/roxy/2025_ros2/KanNon0618/install/can_packet/include/can_packet/can_packet/msg/detail/can_packet__type_support.h
[0.353s] -- Up-to-date: /home/roxy/2025_ros2/KanNon0618/install/can_packet/include/can_packet/can_packet/msg/can_packet.h
[0.353s] -- Up-to-date: /home/roxy/2025_ros2/KanNon0618/install/can_packet/include/can_packet/can_packet/msg/rosidl_generator_c__visibility_control.h
[0.353s] -- Up-to-date: /home/roxy/2025_ros2/KanNon0618/install/can_packet/share/can_packet/environment/library_path.sh
[0.353s] -- Up-to-date: /home/roxy/2025_ros2/KanNon0618/install/can_packet/share/can_packet/environment/library_path.dsv
[0.353s] -- Up-to-date: /home/roxy/2025_ros2/KanNon0618/install/can_packet/lib/libcan_packet__rosidl_generator_c.so
[0.353s] -- Up-to-date: /home/roxy/2025_ros2/KanNon0618/install/can_packet/include/can_packet/can_packet
[0.354s] -- Up-to-date: /home/roxy/2025_ros2/KanNon0618/install/can_packet/include/can_packet/can_packet/msg
[0.354s] -- Up-to-date: /home/roxy/2025_ros2/KanNon0618/install/can_packet/include/can_packet/can_packet/msg/rosidl_typesupport_fastrtps_c__visibility_control.h
[0.354s] -- Up-to-date: /home/roxy/2025_ros2/KanNon0618/install/can_packet/include/can_packet/can_packet/msg/detail
[0.354s] -- Up-to-date: /home/roxy/2025_ros2/KanNon0618/install/can_packet/include/can_packet/can_packet/msg/detail/can_packet__rosidl_typesupport_fastrtps_c.h
[0.354s] -- Up-to-date: /home/roxy/2025_ros2/KanNon0618/install/can_packet/lib/libcan_packet__rosidl_typesupport_fastrtps_c.so
[0.354s] -- Up-to-date: /home/roxy/2025_ros2/KanNon0618/install/can_packet/include/can_packet/can_packet
[0.354s] -- Up-to-date: /home/roxy/2025_ros2/KanNon0618/install/can_packet/include/can_packet/can_packet/msg
[0.354s] -- Up-to-date: /home/roxy/2025_ros2/KanNon0618/install/can_packet/include/can_packet/can_packet/msg/rosidl_typesupport_introspection_c__visibility_control.h
[0.354s] -- Up-to-date: /home/roxy/2025_ros2/KanNon0618/install/can_packet/include/can_packet/can_packet/msg/detail
[0.354s] -- Up-to-date: /home/roxy/2025_ros2/KanNon0618/install/can_packet/include/can_packet/can_packet/msg/detail/can_packet__rosidl_typesupport_introspection_c.h
[0.354s] -- Up-to-date: /home/roxy/2025_ros2/KanNon0618/install/can_packet/include/can_packet/can_packet/msg/detail/can_packet__type_support.c
[0.354s] -- Up-to-date: /home/roxy/2025_ros2/KanNon0618/install/can_packet/lib/libcan_packet__rosidl_typesupport_introspection_c.so
[0.354s] -- Up-to-date: /home/roxy/2025_ros2/KanNon0618/install/can_packet/lib/libcan_packet__rosidl_typesupport_c.so
[0.354s] -- Up-to-date: /home/roxy/2025_ros2/KanNon0618/install/can_packet/include/can_packet/can_packet
[0.355s] -- Up-to-date: /home/roxy/2025_ros2/KanNon0618/install/can_packet/include/can_packet/can_packet/msg
[0.355s] -- Up-to-date: /home/roxy/2025_ros2/KanNon0618/install/can_packet/include/can_packet/can_packet/msg/can_packet.hpp
[0.355s] -- Up-to-date: /home/roxy/2025_ros2/KanNon0618/install/can_packet/include/can_packet/can_packet/msg/rosidl_generator_cpp__visibility_control.hpp
[0.355s] -- Up-to-date: /home/roxy/2025_ros2/KanNon0618/install/can_packet/include/can_packet/can_packet/msg/detail
[0.355s] -- Up-to-date: /home/roxy/2025_ros2/KanNon0618/install/can_packet/include/can_packet/can_packet/msg/detail/can_packet__type_support.hpp
[0.355s] -- Up-to-date: /home/roxy/2025_ros2/KanNon0618/install/can_packet/include/can_packet/can_packet/msg/detail/can_packet__builder.hpp
[0.355s] -- Up-to-date: /home/roxy/2025_ros2/KanNon0618/install/can_packet/include/can_packet/can_packet/msg/detail/can_packet__struct.hpp
[0.355s] -- Up-to-date: /home/roxy/2025_ros2/KanNon0618/install/can_packet/include/can_packet/can_packet/msg/detail/can_packet__traits.hpp
[0.355s] -- Up-to-date: /home/roxy/2025_ros2/KanNon0618/install/can_packet/include/can_packet/can_packet
[0.355s] -- Up-to-date: /home/roxy/2025_ros2/KanNon0618/install/can_packet/include/can_packet/can_packet/msg
[0.355s] -- Up-to-date: /home/roxy/2025_ros2/KanNon0618/install/can_packet/include/can_packet/can_packet/msg/rosidl_typesupport_fastrtps_cpp__visibility_control.h
[0.355s] -- Up-to-date: /home/roxy/2025_ros2/KanNon0618/install/can_packet/include/can_packet/can_packet/msg/detail
[0.355s] -- Up-to-date: /home/roxy/2025_ros2/KanNon0618/install/can_packet/include/can_packet/can_packet/msg/detail/dds_fastrtps
[0.355s] -- Up-to-date: /home/roxy/2025_ros2/KanNon0618/install/can_packet/include/can_packet/can_packet/msg/detail/can_packet__rosidl_typesupport_fastrtps_cpp.hpp
[0.356s] -- Up-to-date: /home/roxy/2025_ros2/KanNon0618/install/can_packet/lib/libcan_packet__rosidl_typesupport_fastrtps_cpp.so
[0.356s] -- Up-to-date: /home/roxy/2025_ros2/KanNon0618/install/can_packet/include/can_packet/can_packet
[0.356s] -- Up-to-date: /home/roxy/2025_ros2/KanNon0618/install/can_packet/include/can_packet/can_packet/msg
[0.356s] -- Up-to-date: /home/roxy/2025_ros2/KanNon0618/install/can_packet/include/can_packet/can_packet/msg/detail
[0.356s] -- Up-to-date: /home/roxy/2025_ros2/KanNon0618/install/can_packet/include/can_packet/can_packet/msg/detail/can_packet__type_support.cpp
[0.356s] -- Up-to-date: /home/roxy/2025_ros2/KanNon0618/install/can_packet/include/can_packet/can_packet/msg/detail/can_packet__rosidl_typesupport_introspection_cpp.hpp
[0.356s] -- Up-to-date: /home/roxy/2025_ros2/KanNon0618/install/can_packet/lib/libcan_packet__rosidl_typesupport_introspection_cpp.so
[0.356s] -- Up-to-date: /home/roxy/2025_ros2/KanNon0618/install/can_packet/lib/libcan_packet__rosidl_typesupport_cpp.so
[0.356s] -- Up-to-date: /home/roxy/2025_ros2/KanNon0618/install/can_packet/share/can_packet/environment/pythonpath.sh
[0.356s] -- Up-to-date: /home/roxy/2025_ros2/KanNon0618/install/can_packet/share/can_packet/environment/pythonpath.dsv
[0.356s] -- Up-to-date: /home/roxy/2025_ros2/KanNon0618/install/can_packet/local/lib/python3.10/dist-packages/can_packet-0.0.0-py3.10.egg-info
[0.356s] -- Installing: /home/roxy/2025_ros2/KanNon0618/install/can_packet/local/lib/python3.10/dist-packages/can_packet-0.0.0-py3.10.egg-info/dependency_links.txt
[0.357s] -- Installing: /home/roxy/2025_ros2/KanNon0618/install/can_packet/local/lib/python3.10/dist-packages/can_packet-0.0.0-py3.10.egg-info/top_level.txt
[0.357s] -- Installing: /home/roxy/2025_ros2/KanNon0618/install/can_packet/local/lib/python3.10/dist-packages/can_packet-0.0.0-py3.10.egg-info/SOURCES.txt
[0.357s] -- Installing: /home/roxy/2025_ros2/KanNon0618/install/can_packet/local/lib/python3.10/dist-packages/can_packet-0.0.0-py3.10.egg-info/PKG-INFO
[0.357s] -- Up-to-date: /home/roxy/2025_ros2/KanNon0618/install/can_packet/local/lib/python3.10/dist-packages/can_packet
[0.357s] -- Up-to-date: /home/roxy/2025_ros2/KanNon0618/install/can_packet/local/lib/python3.10/dist-packages/can_packet/can_packet_s__rosidl_typesupport_c.cpython-310-x86_64-linux-gnu.so
[0.357s] -- Up-to-date: /home/roxy/2025_ros2/KanNon0618/install/can_packet/local/lib/python3.10/dist-packages/can_packet/libcan_packet__rosidl_generator_py.so
[0.357s] -- Up-to-date: /home/roxy/2025_ros2/KanNon0618/install/can_packet/local/lib/python3.10/dist-packages/can_packet/_can_packet_s.ep.rosidl_typesupport_fastrtps_c.c
[0.357s] -- Up-to-date: /home/roxy/2025_ros2/KanNon0618/install/can_packet/local/lib/python3.10/dist-packages/can_packet/_can_packet_s.ep.rosidl_typesupport_introspection_c.c
[0.357s] -- Up-to-date: /home/roxy/2025_ros2/KanNon0618/install/can_packet/local/lib/python3.10/dist-packages/can_packet/msg
[0.357s] -- Up-to-date: /home/roxy/2025_ros2/KanNon0618/install/can_packet/local/lib/python3.10/dist-packages/can_packet/msg/_can_packet.py
[0.357s] -- Up-to-date: /home/roxy/2025_ros2/KanNon0618/install/can_packet/local/lib/python3.10/dist-packages/can_packet/msg/_can_packet_s.c
[0.357s] -- Up-to-date: /home/roxy/2025_ros2/KanNon0618/install/can_packet/local/lib/python3.10/dist-packages/can_packet/msg/__init__.py
[0.357s] -- Up-to-date: /home/roxy/2025_ros2/KanNon0618/install/can_packet/local/lib/python3.10/dist-packages/can_packet/can_packet_s__rosidl_typesupport_introspection_c.cpython-310-x86_64-linux-gnu.so
[0.357s] -- Up-to-date: /home/roxy/2025_ros2/KanNon0618/install/can_packet/local/lib/python3.10/dist-packages/can_packet/_can_packet_s.ep.rosidl_typesupport_c.c
[0.357s] -- Up-to-date: /home/roxy/2025_ros2/KanNon0618/install/can_packet/local/lib/python3.10/dist-packages/can_packet/__init__.py
[0.357s] -- Up-to-date: /home/roxy/2025_ros2/KanNon0618/install/can_packet/local/lib/python3.10/dist-packages/can_packet/can_packet_s__rosidl_typesupport_fastrtps_c.cpython-310-x86_64-linux-gnu.so
[0.389s] Listing '/home/roxy/2025_ros2/KanNon0618/install/can_packet/local/lib/python3.10/dist-packages/can_packet'...
[0.389s] Listing '/home/roxy/2025_ros2/KanNon0618/install/can_packet/local/lib/python3.10/dist-packages/can_packet/msg'...
[0.393s] -- Up-to-date: /home/roxy/2025_ros2/KanNon0618/install/can_packet/local/lib/python3.10/dist-packages/can_packet/can_packet_s__rosidl_typesupport_fastrtps_c.cpython-310-x86_64-linux-gnu.so
[0.394s] -- Up-to-date: /home/roxy/2025_ros2/KanNon0618/install/can_packet/local/lib/python3.10/dist-packages/can_packet/can_packet_s__rosidl_typesupport_introspection_c.cpython-310-x86_64-linux-gnu.so
[0.394s] -- Up-to-date: /home/roxy/2025_ros2/KanNon0618/install/can_packet/local/lib/python3.10/dist-packages/can_packet/can_packet_s__rosidl_typesupport_c.cpython-310-x86_64-linux-gnu.so
[0.394s] -- Up-to-date: /home/roxy/2025_ros2/KanNon0618/install/can_packet/lib/libcan_packet__rosidl_generator_py.so
[0.394s] -- Up-to-date: /home/roxy/2025_ros2/KanNon0618/install/can_packet/share/can_packet/msg/CanPacket.idl
[0.394s] -- Up-to-date: /home/roxy/2025_ros2/KanNon0618/install/can_packet/share/can_packet/msg/CanPacket.msg
[0.394s] -- Up-to-date: /home/roxy/2025_ros2/KanNon0618/install/can_packet/share/ament_index/resource_index/package_run_dependencies/can_packet
[0.394s] -- Up-to-date: /home/roxy/2025_ros2/KanNon0618/install/can_packet/share/ament_index/resource_index/parent_prefix_path/can_packet
[0.395s] -- Up-to-date: /home/roxy/2025_ros2/KanNon0618/install/can_packet/share/can_packet/environment/ament_prefix_path.sh
[0.395s] -- Up-to-date: /home/roxy/2025_ros2/KanNon0618/install/can_packet/share/can_packet/environment/ament_prefix_path.dsv
[0.395s] -- Up-to-date: /home/roxy/2025_ros2/KanNon0618/install/can_packet/share/can_packet/environment/path.sh
[0.395s] -- Up-to-date: /home/roxy/2025_ros2/KanNon0618/install/can_packet/share/can_packet/environment/path.dsv
[0.395s] -- Up-to-date: /home/roxy/2025_ros2/KanNon0618/install/can_packet/share/can_packet/local_setup.bash
[0.395s] -- Up-to-date: /home/roxy/2025_ros2/KanNon0618/install/can_packet/share/can_packet/local_setup.sh
[0.395s] -- Up-to-date: /home/roxy/2025_ros2/KanNon0618/install/can_packet/share/can_packet/local_setup.zsh
[0.395s] -- Up-to-date: /home/roxy/2025_ros2/KanNon0618/install/can_packet/share/can_packet/local_setup.dsv
[0.395s] -- Installing: /home/roxy/2025_ros2/KanNon0618/install/can_packet/share/can_packet/package.dsv
[0.395s] -- Up-to-date: /home/roxy/2025_ros2/KanNon0618/install/can_packet/share/ament_index/resource_index/packages/can_packet
[0.395s] -- Up-to-date: /home/roxy/2025_ros2/KanNon0618/install/can_packet/share/can_packet/cmake/export_can_packet__rosidl_generator_cExport.cmake
[0.395s] -- Up-to-date: /home/roxy/2025_ros2/KanNon0618/install/can_packet/share/can_packet/cmake/export_can_packet__rosidl_generator_cExport-noconfig.cmake
[0.395s] -- Up-to-date: /home/roxy/2025_ros2/KanNon0618/install/can_packet/share/can_packet/cmake/export_can_packet__rosidl_typesupport_fastrtps_cExport.cmake
[0.395s] -- Up-to-date: /home/roxy/2025_ros2/KanNon0618/install/can_packet/share/can_packet/cmake/export_can_packet__rosidl_typesupport_fastrtps_cExport-noconfig.cmake
[0.395s] -- Up-to-date: /home/roxy/2025_ros2/KanNon0618/install/can_packet/share/can_packet/cmake/can_packet__rosidl_typesupport_introspection_cExport.cmake
[0.396s] -- Up-to-date: /home/roxy/2025_ros2/KanNon0618/install/can_packet/share/can_packet/cmake/can_packet__rosidl_typesupport_introspection_cExport-noconfig.cmake
[0.396s] -- Up-to-date: /home/roxy/2025_ros2/KanNon0618/install/can_packet/share/can_packet/cmake/can_packet__rosidl_typesupport_cExport.cmake
[0.396s] -- Up-to-date: /home/roxy/2025_ros2/KanNon0618/install/can_packet/share/can_packet/cmake/can_packet__rosidl_typesupport_cExport-noconfig.cmake
[0.396s] -- Up-to-date: /home/roxy/2025_ros2/KanNon0618/install/can_packet/share/can_packet/cmake/export_can_packet__rosidl_generator_cppExport.cmake
[0.396s] -- Up-to-date: /home/roxy/2025_ros2/KanNon0618/install/can_packet/share/can_packet/cmake/export_can_packet__rosidl_typesupport_fastrtps_cppExport.cmake
[0.396s] -- Up-to-date: /home/roxy/2025_ros2/KanNon0618/install/can_packet/share/can_packet/cmake/export_can_packet__rosidl_typesupport_fastrtps_cppExport-noconfig.cmake
[0.396s] -- Up-to-date: /home/roxy/2025_ros2/KanNon0618/install/can_packet/share/can_packet/cmake/can_packet__rosidl_typesupport_introspection_cppExport.cmake
[0.396s] -- Up-to-date: /home/roxy/2025_ros2/KanNon0618/install/can_packet/share/can_packet/cmake/can_packet__rosidl_typesupport_introspection_cppExport-noconfig.cmake
[0.396s] -- Up-to-date: /home/roxy/2025_ros2/KanNon0618/install/can_packet/share/can_packet/cmake/can_packet__rosidl_typesupport_cppExport.cmake
[0.396s] -- Up-to-date: /home/roxy/2025_ros2/KanNon0618/install/can_packet/share/can_packet/cmake/can_packet__rosidl_typesupport_cppExport-noconfig.cmake
[0.396s] -- Up-to-date: /home/roxy/2025_ros2/KanNon0618/install/can_packet/share/can_packet/cmake/export_can_packet__rosidl_generator_pyExport.cmake
[0.396s] -- Up-to-date: /home/roxy/2025_ros2/KanNon0618/install/can_packet/share/can_packet/cmake/export_can_packet__rosidl_generator_pyExport-noconfig.cmake
[0.396s] -- Up-to-date: /home/roxy/2025_ros2/KanNon0618/install/can_packet/share/can_packet/cmake/rosidl_cmake-extras.cmake
[0.396s] -- Up-to-date: /home/roxy/2025_ros2/KanNon0618/install/can_packet/share/can_packet/cmake/ament_cmake_export_include_directories-extras.cmake
[0.396s] -- Up-to-date: /home/roxy/2025_ros2/KanNon0618/install/can_packet/share/can_packet/cmake/ament_cmake_export_libraries-extras.cmake
[0.396s] -- Up-to-date: /home/roxy/2025_ros2/KanNon0618/install/can_packet/share/can_packet/cmake/ament_cmake_export_targets-extras.cmake
[0.397s] -- Up-to-date: /home/roxy/2025_ros2/KanNon0618/install/can_packet/share/can_packet/cmake/rosidl_cmake_export_typesupport_targets-extras.cmake
[0.397s] -- Up-to-date: /home/roxy/2025_ros2/KanNon0618/install/can_packet/share/can_packet/cmake/ament_cmake_export_dependencies-extras.cmake
[0.397s] -- Up-to-date: /home/roxy/2025_ros2/KanNon0618/install/can_packet/share/can_packet/cmake/rosidl_cmake_export_typesupport_libraries-extras.cmake
[0.397s] -- Up-to-date: /home/roxy/2025_ros2/KanNon0618/install/can_packet/share/can_packet/cmake/can_packetConfig.cmake
[0.397s] -- Up-to-date: /home/roxy/2025_ros2/KanNon0618/install/can_packet/share/can_packet/cmake/can_packetConfig-version.cmake
[0.397s] -- Up-to-date: /home/roxy/2025_ros2/KanNon0618/install/can_packet/share/can_packet/package.xml
[0.398s] Invoked command in '/home/roxy/2025_ros2/KanNon0618/build/can_packet' returned '0': CMAKE_PREFIX_PATH=/opt/ros/humble /opt/st/stm32cubeclt_1.17.0/CMake/bin/cmake --install /home/roxy/2025_ros2/KanNon0618/build/can_packet
