[0.069s] DEBUG:colcon:Command line arguments: ['/usr/bin/colcon', 'build', '--cmake-args', '-DCMAKE_EXPORT_COMPILE_COMMANDS=ON']
[0.069s] DEBUG:colcon:Parsed command line arguments: Namespace(log_base=None, log_level=None, verb_name='build', build_base='build', install_base='install', merge_install=False, symlink_install=False, test_result_base=None, continue_on_error=False, executor='parallel', parallel_workers=16, event_handlers=None, ignore_user_meta=False, metas=['./colcon.meta'], base_paths=['.'], packages_ignore=None, packages_ignore_regex=None, paths=None, packages_up_to=None, packages_up_to_regex=None, packages_above=None, packages_above_and_dependencies=None, packages_above_depth=None, packages_select_by_dep=None, packages_skip_by_dep=None, packages_skip_up_to=None, packages_select_build_failed=False, packages_skip_build_finished=False, packages_select_test_failures=False, packages_skip_test_passed=False, packages_select=None, packages_skip=None, packages_select_regex=None, packages_skip_regex=None, packages_start=None, packages_end=None, allow_overriding=[], cmake_args=['-DCMAKE_EXPORT_COMPILE_COMMANDS=ON'], cmake_target=None, cmake_target_skip_unavailable=False, cmake_clean_cache=False, cmake_clean_first=False, cmake_force_configure=False, ament_cmake_args=None, catkin_cmake_args=None, catkin_skip_building_tests=False, mixin_files=None, mixin=None, verb_parser=<colcon_mixin.mixin.mixin_argument.MixinArgumentDecorator object at 0x7b21ed561c30>, verb_extension=<colcon_core.verb.build.BuildVerb object at 0x7b21ed6da8c0>, main=<bound method BuildVerb.main of <colcon_core.verb.build.BuildVerb object at 0x7b21ed6da8c0>>, mixin_verb=('build',))
[0.188s] Level 1:colcon.colcon_core.package_discovery:discover_packages(colcon_meta) check parameters
[0.188s] Level 1:colcon.colcon_core.package_discovery:discover_packages(recursive) check parameters
[0.188s] Level 1:colcon.colcon_core.package_discovery:discover_packages(ignore) check parameters
[0.188s] Level 1:colcon.colcon_core.package_discovery:discover_packages(path) check parameters
[0.188s] Level 1:colcon.colcon_core.package_discovery:discover_packages(colcon_meta) discover
[0.188s] Level 1:colcon.colcon_core.package_discovery:discover_packages(recursive) discover
[0.189s] INFO:colcon.colcon_core.package_discovery:Crawling recursively for packages in '/home/roxy/2025_ros2/KanNon0618'
[0.189s] Level 1:colcon.colcon_core.package_identification:_identify(.) by extensions ['ignore', 'ignore_ament_install']
[0.189s] Level 1:colcon.colcon_core.package_identification:_identify(.) by extension 'ignore'
[0.189s] Level 1:colcon.colcon_core.package_identification:_identify(.) by extension 'ignore_ament_install'
[0.189s] Level 1:colcon.colcon_core.package_identification:_identify(.) by extensions ['colcon_pkg']
[0.189s] Level 1:colcon.colcon_core.package_identification:_identify(.) by extension 'colcon_pkg'
[0.189s] Level 1:colcon.colcon_core.package_identification:_identify(.) by extensions ['colcon_meta']
[0.189s] Level 1:colcon.colcon_core.package_identification:_identify(.) by extension 'colcon_meta'
[0.189s] Level 1:colcon.colcon_core.package_identification:_identify(.) by extensions ['ros']
[0.189s] Level 1:colcon.colcon_core.package_identification:_identify(.) by extension 'ros'
[0.196s] Level 1:colcon.colcon_core.package_identification:_identify(.) by extensions ['cmake', 'python']
[0.196s] Level 1:colcon.colcon_core.package_identification:_identify(.) by extension 'cmake'
[0.196s] Level 1:colcon.colcon_core.package_identification:_identify(.) by extension 'python'
[0.196s] Level 1:colcon.colcon_core.package_identification:_identify(.) by extensions ['python_setup_py']
[0.197s] Level 1:colcon.colcon_core.package_identification:_identify(.) by extension 'python_setup_py'
[0.197s] Level 1:colcon.colcon_core.package_identification:_identify(build) by extensions ['ignore', 'ignore_ament_install']
[0.197s] Level 1:colcon.colcon_core.package_identification:_identify(build) by extension 'ignore'
[0.197s] Level 1:colcon.colcon_core.package_identification:_identify(build) ignored
[0.197s] Level 1:colcon.colcon_core.package_identification:_identify(install) by extensions ['ignore', 'ignore_ament_install']
[0.197s] Level 1:colcon.colcon_core.package_identification:_identify(install) by extension 'ignore'
[0.197s] Level 1:colcon.colcon_core.package_identification:_identify(install) ignored
[0.197s] Level 1:colcon.colcon_core.package_identification:_identify(log) by extensions ['ignore', 'ignore_ament_install']
[0.197s] Level 1:colcon.colcon_core.package_identification:_identify(log) by extension 'ignore'
[0.197s] Level 1:colcon.colcon_core.package_identification:_identify(log) ignored
[0.197s] Level 1:colcon.colcon_core.package_identification:_identify(ver0) by extensions ['ignore', 'ignore_ament_install']
[0.197s] Level 1:colcon.colcon_core.package_identification:_identify(ver0) by extension 'ignore'
[0.197s] Level 1:colcon.colcon_core.package_identification:_identify(ver0) by extension 'ignore_ament_install'
[0.197s] Level 1:colcon.colcon_core.package_identification:_identify(ver0) by extensions ['colcon_pkg']
[0.197s] Level 1:colcon.colcon_core.package_identification:_identify(ver0) by extension 'colcon_pkg'
[0.197s] Level 1:colcon.colcon_core.package_identification:_identify(ver0) by extensions ['colcon_meta']
[0.197s] Level 1:colcon.colcon_core.package_identification:_identify(ver0) by extension 'colcon_meta'
[0.197s] Level 1:colcon.colcon_core.package_identification:_identify(ver0) by extensions ['ros']
[0.197s] Level 1:colcon.colcon_core.package_identification:_identify(ver0) by extension 'ros'
[0.197s] Level 1:colcon.colcon_core.package_identification:_identify(ver0) by extensions ['cmake', 'python']
[0.197s] Level 1:colcon.colcon_core.package_identification:_identify(ver0) by extension 'cmake'
[0.197s] Level 1:colcon.colcon_core.package_identification:_identify(ver0) by extension 'python'
[0.197s] Level 1:colcon.colcon_core.package_identification:_identify(ver0) by extensions ['python_setup_py']
[0.197s] Level 1:colcon.colcon_core.package_identification:_identify(ver0) by extension 'python_setup_py'
[0.197s] Level 1:colcon.colcon_core.package_identification:_identify(ver0/can_converter) by extensions ['ignore', 'ignore_ament_install']
[0.198s] Level 1:colcon.colcon_core.package_identification:_identify(ver0/can_converter) by extension 'ignore'
[0.198s] Level 1:colcon.colcon_core.package_identification:_identify(ver0/can_converter) by extension 'ignore_ament_install'
[0.198s] Level 1:colcon.colcon_core.package_identification:_identify(ver0/can_converter) by extensions ['colcon_pkg']
[0.198s] Level 1:colcon.colcon_core.package_identification:_identify(ver0/can_converter) by extension 'colcon_pkg'
[0.198s] Level 1:colcon.colcon_core.package_identification:_identify(ver0/can_converter) by extensions ['colcon_meta']
[0.198s] Level 1:colcon.colcon_core.package_identification:_identify(ver0/can_converter) by extension 'colcon_meta'
[0.198s] Level 1:colcon.colcon_core.package_identification:_identify(ver0/can_converter) by extensions ['ros']
[0.198s] Level 1:colcon.colcon_core.package_identification:_identify(ver0/can_converter) by extension 'ros'
[0.200s] DEBUG:colcon.colcon_core.package_identification:Package 'ver0/can_converter' with type 'ros.ament_cmake' and name 'can_converter'
[0.200s] Level 1:colcon.colcon_core.package_identification:_identify(ver0/can_packet) by extensions ['ignore', 'ignore_ament_install']
[0.200s] Level 1:colcon.colcon_core.package_identification:_identify(ver0/can_packet) by extension 'ignore'
[0.200s] Level 1:colcon.colcon_core.package_identification:_identify(ver0/can_packet) by extension 'ignore_ament_install'
[0.200s] Level 1:colcon.colcon_core.package_identification:_identify(ver0/can_packet) by extensions ['colcon_pkg']
[0.200s] Level 1:colcon.colcon_core.package_identification:_identify(ver0/can_packet) by extension 'colcon_pkg'
[0.200s] Level 1:colcon.colcon_core.package_identification:_identify(ver0/can_packet) by extensions ['colcon_meta']
[0.200s] Level 1:colcon.colcon_core.package_identification:_identify(ver0/can_packet) by extension 'colcon_meta'
[0.200s] Level 1:colcon.colcon_core.package_identification:_identify(ver0/can_packet) by extensions ['ros']
[0.200s] Level 1:colcon.colcon_core.package_identification:_identify(ver0/can_packet) by extension 'ros'
[0.200s] DEBUG:colcon.colcon_core.package_identification:Package 'ver0/can_packet' with type 'ros.ament_cmake' and name 'can_packet'
[0.200s] Level 1:colcon.colcon_core.package_identification:_identify(ver0/launcher) by extensions ['ignore', 'ignore_ament_install']
[0.200s] Level 1:colcon.colcon_core.package_identification:_identify(ver0/launcher) by extension 'ignore'
[0.201s] Level 1:colcon.colcon_core.package_identification:_identify(ver0/launcher) by extension 'ignore_ament_install'
[0.201s] Level 1:colcon.colcon_core.package_identification:_identify(ver0/launcher) by extensions ['colcon_pkg']
[0.201s] Level 1:colcon.colcon_core.package_identification:_identify(ver0/launcher) by extension 'colcon_pkg'
[0.201s] Level 1:colcon.colcon_core.package_identification:_identify(ver0/launcher) by extensions ['colcon_meta']
[0.201s] Level 1:colcon.colcon_core.package_identification:_identify(ver0/launcher) by extension 'colcon_meta'
[0.201s] Level 1:colcon.colcon_core.package_identification:_identify(ver0/launcher) by extensions ['ros']
[0.201s] Level 1:colcon.colcon_core.package_identification:_identify(ver0/launcher) by extension 'ros'
[0.201s] DEBUG:colcon.colcon_core.package_identification:Package 'ver0/launcher' with type 'ros.ament_cmake' and name 'launcher'
[0.201s] Level 1:colcon.colcon_core.package_identification:_identify(ver0/my_cpp_package) by extensions ['ignore', 'ignore_ament_install']
[0.201s] Level 1:colcon.colcon_core.package_identification:_identify(ver0/my_cpp_package) by extension 'ignore'
[0.201s] Level 1:colcon.colcon_core.package_identification:_identify(ver0/my_cpp_package) by extension 'ignore_ament_install'
[0.201s] Level 1:colcon.colcon_core.package_identification:_identify(ver0/my_cpp_package) by extensions ['colcon_pkg']
[0.201s] Level 1:colcon.colcon_core.package_identification:_identify(ver0/my_cpp_package) by extension 'colcon_pkg'
[0.201s] Level 1:colcon.colcon_core.package_identification:_identify(ver0/my_cpp_package) by extensions ['colcon_meta']
[0.201s] Level 1:colcon.colcon_core.package_identification:_identify(ver0/my_cpp_package) by extension 'colcon_meta'
[0.201s] Level 1:colcon.colcon_core.package_identification:_identify(ver0/my_cpp_package) by extensions ['ros']
[0.201s] Level 1:colcon.colcon_core.package_identification:_identify(ver0/my_cpp_package) by extension 'ros'
[0.202s] DEBUG:colcon.colcon_core.package_identification:Package 'ver0/my_cpp_package' with type 'ros.ament_cmake' and name 'my_cpp_package'
[0.202s] Level 1:colcon.colcon_core.package_identification:_identify(ver0/pid_tuner) by extensions ['ignore', 'ignore_ament_install']
[0.202s] Level 1:colcon.colcon_core.package_identification:_identify(ver0/pid_tuner) by extension 'ignore'
[0.202s] Level 1:colcon.colcon_core.package_identification:_identify(ver0/pid_tuner) by extension 'ignore_ament_install'
[0.203s] Level 1:colcon.colcon_core.package_identification:_identify(ver0/pid_tuner) by extensions ['colcon_pkg']
[0.203s] Level 1:colcon.colcon_core.package_identification:_identify(ver0/pid_tuner) by extension 'colcon_pkg'
[0.203s] Level 1:colcon.colcon_core.package_identification:_identify(ver0/pid_tuner) by extensions ['colcon_meta']
[0.203s] Level 1:colcon.colcon_core.package_identification:_identify(ver0/pid_tuner) by extension 'colcon_meta'
[0.203s] Level 1:colcon.colcon_core.package_identification:_identify(ver0/pid_tuner) by extensions ['ros']
[0.203s] Level 1:colcon.colcon_core.package_identification:_identify(ver0/pid_tuner) by extension 'ros'
[0.203s] DEBUG:colcon.colcon_core.package_identification:Package 'ver0/pid_tuner' with type 'ros.ament_python' and name 'pid_tuner'
[0.203s] Level 1:colcon.colcon_core.package_discovery:discover_packages(recursive) using defaults
[0.203s] Level 1:colcon.colcon_core.package_discovery:discover_packages(ignore) discover
[0.203s] Level 1:colcon.colcon_core.package_discovery:discover_packages(ignore) using defaults
[0.203s] Level 1:colcon.colcon_core.package_discovery:discover_packages(path) discover
[0.203s] Level 1:colcon.colcon_core.package_discovery:discover_packages(path) using defaults
[0.224s] Level 1:colcon.colcon_core.package_discovery:discover_packages(prefix_path) check parameters
[0.224s] Level 1:colcon.colcon_core.package_discovery:discover_packages(prefix_path) discover
[0.226s] DEBUG:colcon.colcon_installed_package_information.package_discovery:Found 271 installed packages in /opt/ros/humble
[0.227s] Level 1:colcon.colcon_core.package_discovery:discover_packages(prefix_path) using defaults
[0.251s] Level 5:colcon.colcon_core.verb:set package 'can_packet' build argument 'cmake_args' from command line to '['-DCMAKE_EXPORT_COMPILE_COMMANDS=ON']'
[0.251s] Level 5:colcon.colcon_core.verb:set package 'can_packet' build argument 'cmake_target' from command line to 'None'
[0.251s] Level 5:colcon.colcon_core.verb:set package 'can_packet' build argument 'cmake_target_skip_unavailable' from command line to 'False'
[0.251s] Level 5:colcon.colcon_core.verb:set package 'can_packet' build argument 'cmake_clean_cache' from command line to 'False'
[0.251s] Level 5:colcon.colcon_core.verb:set package 'can_packet' build argument 'cmake_clean_first' from command line to 'False'
[0.251s] Level 5:colcon.colcon_core.verb:set package 'can_packet' build argument 'cmake_force_configure' from command line to 'False'
[0.252s] Level 5:colcon.colcon_core.verb:set package 'can_packet' build argument 'ament_cmake_args' from command line to 'None'
[0.252s] Level 5:colcon.colcon_core.verb:set package 'can_packet' build argument 'catkin_cmake_args' from command line to 'None'
[0.252s] Level 5:colcon.colcon_core.verb:set package 'can_packet' build argument 'catkin_skip_building_tests' from command line to 'False'
[0.252s] DEBUG:colcon.colcon_core.verb:Building package 'can_packet' with the following arguments: {'ament_cmake_args': None, 'build_base': '/home/roxy/2025_ros2/KanNon0618/build/can_packet', 'catkin_cmake_args': None, 'catkin_skip_building_tests': False, 'cmake_args': ['-DCMAKE_EXPORT_COMPILE_COMMANDS=ON'], 'cmake_clean_cache': False, 'cmake_clean_first': False, 'cmake_force_configure': False, 'cmake_target': None, 'cmake_target_skip_unavailable': False, 'install_base': '/home/roxy/2025_ros2/KanNon0618/install/can_packet', 'merge_install': False, 'path': '/home/roxy/2025_ros2/KanNon0618/ver0/can_packet', 'symlink_install': False, 'test_result_base': None}
[0.252s] Level 5:colcon.colcon_core.verb:set package 'launcher' build argument 'cmake_args' from command line to '['-DCMAKE_EXPORT_COMPILE_COMMANDS=ON']'
[0.252s] Level 5:colcon.colcon_core.verb:set package 'launcher' build argument 'cmake_target' from command line to 'None'
[0.252s] Level 5:colcon.colcon_core.verb:set package 'launcher' build argument 'cmake_target_skip_unavailable' from command line to 'False'
[0.252s] Level 5:colcon.colcon_core.verb:set package 'launcher' build argument 'cmake_clean_cache' from command line to 'False'
[0.252s] Level 5:colcon.colcon_core.verb:set package 'launcher' build argument 'cmake_clean_first' from command line to 'False'
[0.252s] Level 5:colcon.colcon_core.verb:set package 'launcher' build argument 'cmake_force_configure' from command line to 'False'
[0.252s] Level 5:colcon.colcon_core.verb:set package 'launcher' build argument 'ament_cmake_args' from command line to 'None'
[0.252s] Level 5:colcon.colcon_core.verb:set package 'launcher' build argument 'catkin_cmake_args' from command line to 'None'
[0.252s] Level 5:colcon.colcon_core.verb:set package 'launcher' build argument 'catkin_skip_building_tests' from command line to 'False'
[0.252s] DEBUG:colcon.colcon_core.verb:Building package 'launcher' with the following arguments: {'ament_cmake_args': None, 'build_base': '/home/roxy/2025_ros2/KanNon0618/build/launcher', 'catkin_cmake_args': None, 'catkin_skip_building_tests': False, 'cmake_args': ['-DCMAKE_EXPORT_COMPILE_COMMANDS=ON'], 'cmake_clean_cache': False, 'cmake_clean_first': False, 'cmake_force_configure': False, 'cmake_target': None, 'cmake_target_skip_unavailable': False, 'install_base': '/home/roxy/2025_ros2/KanNon0618/install/launcher', 'merge_install': False, 'path': '/home/roxy/2025_ros2/KanNon0618/ver0/launcher', 'symlink_install': False, 'test_result_base': None}
[0.252s] Level 5:colcon.colcon_core.verb:set package 'can_converter' build argument 'cmake_args' from command line to '['-DCMAKE_EXPORT_COMPILE_COMMANDS=ON']'
[0.252s] Level 5:colcon.colcon_core.verb:set package 'can_converter' build argument 'cmake_target' from command line to 'None'
[0.252s] Level 5:colcon.colcon_core.verb:set package 'can_converter' build argument 'cmake_target_skip_unavailable' from command line to 'False'
[0.252s] Level 5:colcon.colcon_core.verb:set package 'can_converter' build argument 'cmake_clean_cache' from command line to 'False'
[0.252s] Level 5:colcon.colcon_core.verb:set package 'can_converter' build argument 'cmake_clean_first' from command line to 'False'
[0.252s] Level 5:colcon.colcon_core.verb:set package 'can_converter' build argument 'cmake_force_configure' from command line to 'False'
[0.252s] Level 5:colcon.colcon_core.verb:set package 'can_converter' build argument 'ament_cmake_args' from command line to 'None'
[0.252s] Level 5:colcon.colcon_core.verb:set package 'can_converter' build argument 'catkin_cmake_args' from command line to 'None'
[0.252s] Level 5:colcon.colcon_core.verb:set package 'can_converter' build argument 'catkin_skip_building_tests' from command line to 'False'
[0.252s] DEBUG:colcon.colcon_core.verb:Building package 'can_converter' with the following arguments: {'ament_cmake_args': None, 'build_base': '/home/roxy/2025_ros2/KanNon0618/build/can_converter', 'catkin_cmake_args': None, 'catkin_skip_building_tests': False, 'cmake_args': ['-DCMAKE_EXPORT_COMPILE_COMMANDS=ON'], 'cmake_clean_cache': False, 'cmake_clean_first': False, 'cmake_force_configure': False, 'cmake_target': None, 'cmake_target_skip_unavailable': False, 'install_base': '/home/roxy/2025_ros2/KanNon0618/install/can_converter', 'merge_install': False, 'path': '/home/roxy/2025_ros2/KanNon0618/ver0/can_converter', 'symlink_install': False, 'test_result_base': None}
[0.253s] Level 5:colcon.colcon_core.verb:set package 'my_cpp_package' build argument 'cmake_args' from command line to '['-DCMAKE_EXPORT_COMPILE_COMMANDS=ON']'
[0.253s] Level 5:colcon.colcon_core.verb:set package 'my_cpp_package' build argument 'cmake_target' from command line to 'None'
[0.253s] Level 5:colcon.colcon_core.verb:set package 'my_cpp_package' build argument 'cmake_target_skip_unavailable' from command line to 'False'
[0.253s] Level 5:colcon.colcon_core.verb:set package 'my_cpp_package' build argument 'cmake_clean_cache' from command line to 'False'
[0.253s] Level 5:colcon.colcon_core.verb:set package 'my_cpp_package' build argument 'cmake_clean_first' from command line to 'False'
[0.253s] Level 5:colcon.colcon_core.verb:set package 'my_cpp_package' build argument 'cmake_force_configure' from command line to 'False'
[0.253s] Level 5:colcon.colcon_core.verb:set package 'my_cpp_package' build argument 'ament_cmake_args' from command line to 'None'
[0.253s] Level 5:colcon.colcon_core.verb:set package 'my_cpp_package' build argument 'catkin_cmake_args' from command line to 'None'
[0.253s] Level 5:colcon.colcon_core.verb:set package 'my_cpp_package' build argument 'catkin_skip_building_tests' from command line to 'False'
[0.253s] DEBUG:colcon.colcon_core.verb:Building package 'my_cpp_package' with the following arguments: {'ament_cmake_args': None, 'build_base': '/home/roxy/2025_ros2/KanNon0618/build/my_cpp_package', 'catkin_cmake_args': None, 'catkin_skip_building_tests': False, 'cmake_args': ['-DCMAKE_EXPORT_COMPILE_COMMANDS=ON'], 'cmake_clean_cache': False, 'cmake_clean_first': False, 'cmake_force_configure': False, 'cmake_target': None, 'cmake_target_skip_unavailable': False, 'install_base': '/home/roxy/2025_ros2/KanNon0618/install/my_cpp_package', 'merge_install': False, 'path': '/home/roxy/2025_ros2/KanNon0618/ver0/my_cpp_package', 'symlink_install': False, 'test_result_base': None}
[0.253s] Level 5:colcon.colcon_core.verb:set package 'pid_tuner' build argument 'cmake_args' from command line to '['-DCMAKE_EXPORT_COMPILE_COMMANDS=ON']'
[0.253s] Level 5:colcon.colcon_core.verb:set package 'pid_tuner' build argument 'cmake_target' from command line to 'None'
[0.253s] Level 5:colcon.colcon_core.verb:set package 'pid_tuner' build argument 'cmake_target_skip_unavailable' from command line to 'False'
[0.253s] Level 5:colcon.colcon_core.verb:set package 'pid_tuner' build argument 'cmake_clean_cache' from command line to 'False'
[0.253s] Level 5:colcon.colcon_core.verb:set package 'pid_tuner' build argument 'cmake_clean_first' from command line to 'False'
[0.253s] Level 5:colcon.colcon_core.verb:set package 'pid_tuner' build argument 'cmake_force_configure' from command line to 'False'
[0.253s] Level 5:colcon.colcon_core.verb:set package 'pid_tuner' build argument 'ament_cmake_args' from command line to 'None'
[0.253s] Level 5:colcon.colcon_core.verb:set package 'pid_tuner' build argument 'catkin_cmake_args' from command line to 'None'
[0.253s] Level 5:colcon.colcon_core.verb:set package 'pid_tuner' build argument 'catkin_skip_building_tests' from command line to 'False'
[0.253s] DEBUG:colcon.colcon_core.verb:Building package 'pid_tuner' with the following arguments: {'ament_cmake_args': None, 'build_base': '/home/roxy/2025_ros2/KanNon0618/build/pid_tuner', 'catkin_cmake_args': None, 'catkin_skip_building_tests': False, 'cmake_args': ['-DCMAKE_EXPORT_COMPILE_COMMANDS=ON'], 'cmake_clean_cache': False, 'cmake_clean_first': False, 'cmake_force_configure': False, 'cmake_target': None, 'cmake_target_skip_unavailable': False, 'install_base': '/home/roxy/2025_ros2/KanNon0618/install/pid_tuner', 'merge_install': False, 'path': '/home/roxy/2025_ros2/KanNon0618/ver0/pid_tuner', 'symlink_install': False, 'test_result_base': None}
[0.253s] INFO:colcon.colcon_core.executor:Executing jobs using 'parallel' executor
[0.254s] DEBUG:colcon.colcon_parallel_executor.executor.parallel:run_until_complete
[0.255s] INFO:colcon.colcon_ros.task.ament_cmake.build:Building ROS package in '/home/roxy/2025_ros2/KanNon0618/ver0/can_packet' with build type 'ament_cmake'
[0.255s] INFO:colcon.colcon_cmake.task.cmake.build:Building CMake package in '/home/roxy/2025_ros2/KanNon0618/ver0/can_packet'
[0.256s] INFO:colcon.colcon_core.plugin_system:Skipping extension 'colcon_core.shell.bat': Not used on non-Windows systems
[0.256s] INFO:colcon.colcon_core.shell:Skip shell extension 'powershell' for command environment: Not usable outside of PowerShell
[0.256s] DEBUG:colcon.colcon_core.shell:Skip shell extension 'dsv' for command environment
[0.258s] INFO:colcon.colcon_ros.task.ament_cmake.build:Building ROS package in '/home/roxy/2025_ros2/KanNon0618/ver0/launcher' with build type 'ament_cmake'
[0.258s] INFO:colcon.colcon_cmake.task.cmake.build:Building CMake package in '/home/roxy/2025_ros2/KanNon0618/ver0/launcher'
[0.258s] INFO:colcon.colcon_core.shell:Skip shell extension 'powershell' for command environment: Not usable outside of PowerShell
[0.259s] DEBUG:colcon.colcon_core.shell:Skip shell extension 'dsv' for command environment
[0.264s] DEBUG:colcon.colcon_core.event_handler.log_command:Invoking command in '/home/roxy/2025_ros2/KanNon0618/build/can_packet': CMAKE_PREFIX_PATH=/opt/ros/humble /opt/st/stm32cubeclt_1.17.0/CMake/bin/cmake --build /home/roxy/2025_ros2/KanNon0618/build/can_packet -- -j16 -l16
[0.267s] DEBUG:colcon.colcon_core.event_handler.log_command:Invoking command in '/home/roxy/2025_ros2/KanNon0618/build/launcher': CMAKE_PREFIX_PATH=/opt/ros/humble /opt/st/stm32cubeclt_1.17.0/CMake/bin/cmake --build /home/roxy/2025_ros2/KanNon0618/build/launcher -- -j16 -l16
[0.278s] DEBUG:colcon.colcon_core.event_handler.log_command:Invoked command in '/home/roxy/2025_ros2/KanNon0618/build/launcher' returned '0': CMAKE_PREFIX_PATH=/opt/ros/humble /opt/st/stm32cubeclt_1.17.0/CMake/bin/cmake --build /home/roxy/2025_ros2/KanNon0618/build/launcher -- -j16 -l16
[0.282s] DEBUG:colcon.colcon_core.event_handler.log_command:Invoking command in '/home/roxy/2025_ros2/KanNon0618/build/launcher': CMAKE_PREFIX_PATH=/opt/ros/humble /opt/st/stm32cubeclt_1.17.0/CMake/bin/cmake --install /home/roxy/2025_ros2/KanNon0618/build/launcher
[0.285s] Level 1:colcon.colcon_core.environment:create_environment_scripts_only(launcher)
[0.287s] DEBUG:colcon.colcon_core.event_handler.log_command:Invoked command in '/home/roxy/2025_ros2/KanNon0618/build/launcher' returned '0': CMAKE_PREFIX_PATH=/opt/ros/humble /opt/st/stm32cubeclt_1.17.0/CMake/bin/cmake --install /home/roxy/2025_ros2/KanNon0618/build/launcher
[0.290s] Level 1:colcon.colcon_core.environment:checking '/home/roxy/2025_ros2/KanNon0618/install/launcher' for CMake module files
[0.291s] Level 1:colcon.colcon_core.environment:checking '/home/roxy/2025_ros2/KanNon0618/install/launcher' for CMake config files
[0.292s] Level 1:colcon.colcon_core.shell:create_environment_hook('launcher', 'cmake_prefix_path')
[0.292s] INFO:colcon.colcon_core.shell:Creating environment hook '/home/roxy/2025_ros2/KanNon0618/install/launcher/share/launcher/hook/cmake_prefix_path.ps1'
[0.293s] INFO:colcon.colcon_core.shell:Creating environment descriptor '/home/roxy/2025_ros2/KanNon0618/install/launcher/share/launcher/hook/cmake_prefix_path.dsv'
[0.293s] INFO:colcon.colcon_core.shell:Creating environment hook '/home/roxy/2025_ros2/KanNon0618/install/launcher/share/launcher/hook/cmake_prefix_path.sh'
[0.294s] Level 1:colcon.colcon_core.environment:checking '/home/roxy/2025_ros2/KanNon0618/install/launcher/bin'
[0.294s] Level 1:colcon.colcon_core.environment:checking '/home/roxy/2025_ros2/KanNon0618/install/launcher/lib/pkgconfig/launcher.pc'
[0.294s] Level 1:colcon.colcon_core.environment:checking '/home/roxy/2025_ros2/KanNon0618/install/launcher/lib/python3.10/site-packages'
[0.294s] Level 1:colcon.colcon_core.environment:checking '/home/roxy/2025_ros2/KanNon0618/install/launcher/bin'
[0.294s] INFO:colcon.colcon_core.shell:Creating package script '/home/roxy/2025_ros2/KanNon0618/install/launcher/share/launcher/package.ps1'
[0.295s] INFO:colcon.colcon_core.shell:Creating package descriptor '/home/roxy/2025_ros2/KanNon0618/install/launcher/share/launcher/package.dsv'
[0.296s] INFO:colcon.colcon_core.shell:Creating package script '/home/roxy/2025_ros2/KanNon0618/install/launcher/share/launcher/package.sh'
[0.297s] INFO:colcon.colcon_core.shell:Creating package script '/home/roxy/2025_ros2/KanNon0618/install/launcher/share/launcher/package.bash'
[0.297s] INFO:colcon.colcon_core.shell:Creating package script '/home/roxy/2025_ros2/KanNon0618/install/launcher/share/launcher/package.zsh'
[0.299s] Level 1:colcon.colcon_core.environment:create_file_with_runtime_dependencies(/home/roxy/2025_ros2/KanNon0618/install/launcher/share/colcon-core/packages/launcher)
[0.299s] Level 1:colcon.colcon_core.environment:create_environment_scripts_only(launcher)
[0.299s] Level 1:colcon.colcon_core.environment:checking '/home/roxy/2025_ros2/KanNon0618/install/launcher' for CMake module files
[0.300s] Level 1:colcon.colcon_core.environment:checking '/home/roxy/2025_ros2/KanNon0618/install/launcher' for CMake config files
[0.300s] Level 1:colcon.colcon_core.shell:create_environment_hook('launcher', 'cmake_prefix_path')
[0.300s] INFO:colcon.colcon_core.shell:Creating environment hook '/home/roxy/2025_ros2/KanNon0618/install/launcher/share/launcher/hook/cmake_prefix_path.ps1'
[0.300s] INFO:colcon.colcon_core.shell:Creating environment descriptor '/home/roxy/2025_ros2/KanNon0618/install/launcher/share/launcher/hook/cmake_prefix_path.dsv'
[0.301s] INFO:colcon.colcon_core.shell:Creating environment hook '/home/roxy/2025_ros2/KanNon0618/install/launcher/share/launcher/hook/cmake_prefix_path.sh'
[0.301s] Level 1:colcon.colcon_core.environment:checking '/home/roxy/2025_ros2/KanNon0618/install/launcher/bin'
[0.301s] Level 1:colcon.colcon_core.environment:checking '/home/roxy/2025_ros2/KanNon0618/install/launcher/lib/pkgconfig/launcher.pc'
[0.301s] Level 1:colcon.colcon_core.environment:checking '/home/roxy/2025_ros2/KanNon0618/install/launcher/lib/python3.10/site-packages'
[0.302s] Level 1:colcon.colcon_core.environment:checking '/home/roxy/2025_ros2/KanNon0618/install/launcher/bin'
[0.302s] INFO:colcon.colcon_core.shell:Creating package script '/home/roxy/2025_ros2/KanNon0618/install/launcher/share/launcher/package.ps1'
[0.302s] INFO:colcon.colcon_core.shell:Creating package descriptor '/home/roxy/2025_ros2/KanNon0618/install/launcher/share/launcher/package.dsv'
[0.302s] INFO:colcon.colcon_core.shell:Creating package script '/home/roxy/2025_ros2/KanNon0618/install/launcher/share/launcher/package.sh'
[0.303s] INFO:colcon.colcon_core.shell:Creating package script '/home/roxy/2025_ros2/KanNon0618/install/launcher/share/launcher/package.bash'
[0.304s] INFO:colcon.colcon_core.shell:Creating package script '/home/roxy/2025_ros2/KanNon0618/install/launcher/share/launcher/package.zsh'
[0.304s] Level 1:colcon.colcon_core.environment:create_file_with_runtime_dependencies(/home/roxy/2025_ros2/KanNon0618/install/launcher/share/colcon-core/packages/launcher)
[0.518s] DEBUG:colcon.colcon_core.event_handler.log_command:Invoked command in '/home/roxy/2025_ros2/KanNon0618/build/can_packet' returned '0': CMAKE_PREFIX_PATH=/opt/ros/humble /opt/st/stm32cubeclt_1.17.0/CMake/bin/cmake --build /home/roxy/2025_ros2/KanNon0618/build/can_packet -- -j16 -l16
[0.520s] DEBUG:colcon.colcon_core.event_handler.log_command:Invoking command in '/home/roxy/2025_ros2/KanNon0618/build/can_packet': CMAKE_PREFIX_PATH=/opt/ros/humble /opt/st/stm32cubeclt_1.17.0/CMake/bin/cmake --install /home/roxy/2025_ros2/KanNon0618/build/can_packet
[0.561s] Level 1:colcon.colcon_core.environment:create_environment_scripts_only(can_packet)
[0.562s] Level 1:colcon.colcon_core.environment:checking '/home/roxy/2025_ros2/KanNon0618/install/can_packet' for CMake module files
[0.563s] DEBUG:colcon.colcon_core.event_handler.log_command:Invoked command in '/home/roxy/2025_ros2/KanNon0618/build/can_packet' returned '0': CMAKE_PREFIX_PATH=/opt/ros/humble /opt/st/stm32cubeclt_1.17.0/CMake/bin/cmake --install /home/roxy/2025_ros2/KanNon0618/build/can_packet
[0.564s] Level 1:colcon.colcon_core.environment:checking '/home/roxy/2025_ros2/KanNon0618/install/can_packet' for CMake config files
[0.564s] Level 1:colcon.colcon_core.shell:create_environment_hook('can_packet', 'cmake_prefix_path')
[0.564s] INFO:colcon.colcon_core.shell:Creating environment hook '/home/roxy/2025_ros2/KanNon0618/install/can_packet/share/can_packet/hook/cmake_prefix_path.ps1'
[0.565s] INFO:colcon.colcon_core.shell:Creating environment descriptor '/home/roxy/2025_ros2/KanNon0618/install/can_packet/share/can_packet/hook/cmake_prefix_path.dsv'
[0.565s] INFO:colcon.colcon_core.shell:Creating environment hook '/home/roxy/2025_ros2/KanNon0618/install/can_packet/share/can_packet/hook/cmake_prefix_path.sh'
[0.566s] Level 1:colcon.colcon_core.environment:checking '/home/roxy/2025_ros2/KanNon0618/install/can_packet/lib'
[0.566s] Level 1:colcon.colcon_core.shell:create_environment_hook('can_packet', 'ld_library_path_lib')
[0.566s] INFO:colcon.colcon_core.shell:Creating environment hook '/home/roxy/2025_ros2/KanNon0618/install/can_packet/share/can_packet/hook/ld_library_path_lib.ps1'
[0.566s] INFO:colcon.colcon_core.shell:Creating environment descriptor '/home/roxy/2025_ros2/KanNon0618/install/can_packet/share/can_packet/hook/ld_library_path_lib.dsv'
[0.567s] INFO:colcon.colcon_core.shell:Creating environment hook '/home/roxy/2025_ros2/KanNon0618/install/can_packet/share/can_packet/hook/ld_library_path_lib.sh'
[0.567s] Level 1:colcon.colcon_core.environment:checking '/home/roxy/2025_ros2/KanNon0618/install/can_packet/bin'
[0.567s] Level 1:colcon.colcon_core.environment:checking '/home/roxy/2025_ros2/KanNon0618/install/can_packet/lib/pkgconfig/can_packet.pc'
[0.567s] Level 1:colcon.colcon_core.environment:checking '/home/roxy/2025_ros2/KanNon0618/install/can_packet/lib/python3.10/site-packages'
[0.567s] Level 1:colcon.colcon_core.environment:checking '/home/roxy/2025_ros2/KanNon0618/install/can_packet/bin'
[0.568s] INFO:colcon.colcon_core.shell:Creating package script '/home/roxy/2025_ros2/KanNon0618/install/can_packet/share/can_packet/package.ps1'
[0.568s] INFO:colcon.colcon_core.shell:Creating package descriptor '/home/roxy/2025_ros2/KanNon0618/install/can_packet/share/can_packet/package.dsv'
[0.568s] INFO:colcon.colcon_core.shell:Creating package script '/home/roxy/2025_ros2/KanNon0618/install/can_packet/share/can_packet/package.sh'
[0.569s] INFO:colcon.colcon_core.shell:Creating package script '/home/roxy/2025_ros2/KanNon0618/install/can_packet/share/can_packet/package.bash'
[0.569s] INFO:colcon.colcon_core.shell:Creating package script '/home/roxy/2025_ros2/KanNon0618/install/can_packet/share/can_packet/package.zsh'
[0.569s] Level 1:colcon.colcon_core.environment:create_file_with_runtime_dependencies(/home/roxy/2025_ros2/KanNon0618/install/can_packet/share/colcon-core/packages/can_packet)
[0.570s] Level 1:colcon.colcon_core.environment:create_environment_scripts_only(can_packet)
[0.570s] Level 1:colcon.colcon_core.environment:checking '/home/roxy/2025_ros2/KanNon0618/install/can_packet' for CMake module files
[0.571s] Level 1:colcon.colcon_core.environment:checking '/home/roxy/2025_ros2/KanNon0618/install/can_packet' for CMake config files
[0.571s] Level 1:colcon.colcon_core.shell:create_environment_hook('can_packet', 'cmake_prefix_path')
[0.571s] INFO:colcon.colcon_core.shell:Creating environment hook '/home/roxy/2025_ros2/KanNon0618/install/can_packet/share/can_packet/hook/cmake_prefix_path.ps1'
[0.571s] INFO:colcon.colcon_core.shell:Creating environment descriptor '/home/roxy/2025_ros2/KanNon0618/install/can_packet/share/can_packet/hook/cmake_prefix_path.dsv'
[0.572s] INFO:colcon.colcon_core.shell:Creating environment hook '/home/roxy/2025_ros2/KanNon0618/install/can_packet/share/can_packet/hook/cmake_prefix_path.sh'
[0.572s] Level 1:colcon.colcon_core.environment:checking '/home/roxy/2025_ros2/KanNon0618/install/can_packet/lib'
[0.572s] Level 1:colcon.colcon_core.shell:create_environment_hook('can_packet', 'ld_library_path_lib')
[0.572s] INFO:colcon.colcon_core.shell:Creating environment hook '/home/roxy/2025_ros2/KanNon0618/install/can_packet/share/can_packet/hook/ld_library_path_lib.ps1'
[0.573s] INFO:colcon.colcon_core.shell:Creating environment descriptor '/home/roxy/2025_ros2/KanNon0618/install/can_packet/share/can_packet/hook/ld_library_path_lib.dsv'
[0.573s] INFO:colcon.colcon_core.shell:Creating environment hook '/home/roxy/2025_ros2/KanNon0618/install/can_packet/share/can_packet/hook/ld_library_path_lib.sh'
[0.573s] Level 1:colcon.colcon_core.environment:checking '/home/roxy/2025_ros2/KanNon0618/install/can_packet/bin'
[0.573s] Level 1:colcon.colcon_core.environment:checking '/home/roxy/2025_ros2/KanNon0618/install/can_packet/lib/pkgconfig/can_packet.pc'
[0.573s] Level 1:colcon.colcon_core.environment:checking '/home/roxy/2025_ros2/KanNon0618/install/can_packet/lib/python3.10/site-packages'
[0.574s] Level 1:colcon.colcon_core.environment:checking '/home/roxy/2025_ros2/KanNon0618/install/can_packet/bin'
[0.574s] INFO:colcon.colcon_core.shell:Creating package script '/home/roxy/2025_ros2/KanNon0618/install/can_packet/share/can_packet/package.ps1'
[0.574s] INFO:colcon.colcon_core.shell:Creating package descriptor '/home/roxy/2025_ros2/KanNon0618/install/can_packet/share/can_packet/package.dsv'
[0.575s] INFO:colcon.colcon_core.shell:Creating package script '/home/roxy/2025_ros2/KanNon0618/install/can_packet/share/can_packet/package.sh'
[0.575s] INFO:colcon.colcon_core.shell:Creating package script '/home/roxy/2025_ros2/KanNon0618/install/can_packet/share/can_packet/package.bash'
[0.575s] INFO:colcon.colcon_core.shell:Creating package script '/home/roxy/2025_ros2/KanNon0618/install/can_packet/share/can_packet/package.zsh'
[0.576s] Level 1:colcon.colcon_core.environment:create_file_with_runtime_dependencies(/home/roxy/2025_ros2/KanNon0618/install/can_packet/share/colcon-core/packages/can_packet)
[0.576s] INFO:colcon.colcon_ros.task.ament_cmake.build:Building ROS package in '/home/roxy/2025_ros2/KanNon0618/ver0/can_converter' with build type 'ament_cmake'
[0.576s] INFO:colcon.colcon_cmake.task.cmake.build:Building CMake package in '/home/roxy/2025_ros2/KanNon0618/ver0/can_converter'
[0.577s] INFO:colcon.colcon_core.shell:Skip shell extension 'powershell' for command environment: Not usable outside of PowerShell
[0.577s] DEBUG:colcon.colcon_core.shell:Skip shell extension 'dsv' for command environment
[0.579s] INFO:colcon.colcon_ros.task.ament_cmake.build:Building ROS package in '/home/roxy/2025_ros2/KanNon0618/ver0/my_cpp_package' with build type 'ament_cmake'
[0.579s] INFO:colcon.colcon_cmake.task.cmake.build:Building CMake package in '/home/roxy/2025_ros2/KanNon0618/ver0/my_cpp_package'
[0.579s] INFO:colcon.colcon_core.shell:Skip shell extension 'powershell' for command environment: Not usable outside of PowerShell
[0.579s] DEBUG:colcon.colcon_core.shell:Skip shell extension 'dsv' for command environment
[0.581s] INFO:colcon.colcon_ros.task.ament_python.build:Building ROS package in '/home/roxy/2025_ros2/KanNon0618/ver0/pid_tuner' with build type 'ament_python'
[0.582s] Level 1:colcon.colcon_core.shell:create_environment_hook('pid_tuner', 'ament_prefix_path')
[0.582s] INFO:colcon.colcon_core.shell:Creating environment hook '/home/roxy/2025_ros2/KanNon0618/install/pid_tuner/share/pid_tuner/hook/ament_prefix_path.ps1'
[0.582s] INFO:colcon.colcon_core.shell:Creating environment descriptor '/home/roxy/2025_ros2/KanNon0618/install/pid_tuner/share/pid_tuner/hook/ament_prefix_path.dsv'
[0.582s] INFO:colcon.colcon_core.shell:Creating environment hook '/home/roxy/2025_ros2/KanNon0618/install/pid_tuner/share/pid_tuner/hook/ament_prefix_path.sh'
[0.583s] INFO:colcon.colcon_core.shell:Skip shell extension 'powershell' for command environment: Not usable outside of PowerShell
[0.583s] DEBUG:colcon.colcon_core.shell:Skip shell extension 'dsv' for command environment
[0.588s] DEBUG:colcon.colcon_core.event_handler.log_command:Invoking command in '/home/roxy/2025_ros2/KanNon0618/build/can_converter': AMENT_PREFIX_PATH=/home/roxy/2025_ros2/KanNon0618/install/can_packet:${AMENT_PREFIX_PATH} CMAKE_PREFIX_PATH=/home/roxy/2025_ros2/KanNon0618/install/can_packet:/opt/ros/humble LD_LIBRARY_PATH=/home/roxy/2025_ros2/KanNon0618/install/can_packet/lib:${LD_LIBRARY_PATH} PYTHONPATH=/home/roxy/2025_ros2/KanNon0618/install/can_packet/local/lib/python3.10/dist-packages:${PYTHONPATH} /opt/st/stm32cubeclt_1.17.0/CMake/bin/cmake --build /home/roxy/2025_ros2/KanNon0618/build/can_converter -- -j16 -l16
[0.590s] DEBUG:colcon.colcon_core.event_handler.log_command:Invoking command in '/home/roxy/2025_ros2/KanNon0618/build/my_cpp_package': AMENT_PREFIX_PATH=/home/roxy/2025_ros2/KanNon0618/install/can_packet:${AMENT_PREFIX_PATH} CMAKE_PREFIX_PATH=/home/roxy/2025_ros2/KanNon0618/install/can_packet:/opt/ros/humble LD_LIBRARY_PATH=/home/roxy/2025_ros2/KanNon0618/install/can_packet/lib:${LD_LIBRARY_PATH} PYTHONPATH=/home/roxy/2025_ros2/KanNon0618/install/can_packet/local/lib/python3.10/dist-packages:${PYTHONPATH} /opt/st/stm32cubeclt_1.17.0/CMake/bin/cmake --build /home/roxy/2025_ros2/KanNon0618/build/my_cpp_package -- -j16 -l16
[0.876s] INFO:colcon.colcon_core.task.python.build:Building Python package in '/home/roxy/2025_ros2/KanNon0618/ver0/pid_tuner'
[0.877s] INFO:colcon.colcon_core.shell:Skip shell extension 'powershell' for command environment: Not usable outside of PowerShell
[0.877s] DEBUG:colcon.colcon_core.shell:Skip shell extension 'dsv' for command environment
[0.880s] DEBUG:colcon.colcon_core.event_handler.log_command:Invoked command in '/home/roxy/2025_ros2/KanNon0618/build/my_cpp_package' returned '0': AMENT_PREFIX_PATH=/home/roxy/2025_ros2/KanNon0618/install/can_packet:${AMENT_PREFIX_PATH} CMAKE_PREFIX_PATH=/home/roxy/2025_ros2/KanNon0618/install/can_packet:/opt/ros/humble LD_LIBRARY_PATH=/home/roxy/2025_ros2/KanNon0618/install/can_packet/lib:${LD_LIBRARY_PATH} PYTHONPATH=/home/roxy/2025_ros2/KanNon0618/install/can_packet/local/lib/python3.10/dist-packages:${PYTHONPATH} /opt/st/stm32cubeclt_1.17.0/CMake/bin/cmake --build /home/roxy/2025_ros2/KanNon0618/build/my_cpp_package -- -j16 -l16
[0.882s] DEBUG:colcon.colcon_core.event_handler.log_command:Invoking command in '/home/roxy/2025_ros2/KanNon0618/build/my_cpp_package': AMENT_PREFIX_PATH=/home/roxy/2025_ros2/KanNon0618/install/can_packet:${AMENT_PREFIX_PATH} CMAKE_PREFIX_PATH=/home/roxy/2025_ros2/KanNon0618/install/can_packet:/opt/ros/humble LD_LIBRARY_PATH=/home/roxy/2025_ros2/KanNon0618/install/can_packet/lib:${LD_LIBRARY_PATH} PYTHONPATH=/home/roxy/2025_ros2/KanNon0618/install/can_packet/local/lib/python3.10/dist-packages:${PYTHONPATH} /opt/st/stm32cubeclt_1.17.0/CMake/bin/cmake --install /home/roxy/2025_ros2/KanNon0618/build/my_cpp_package
[0.885s] Level 1:colcon.colcon_core.environment:create_environment_scripts_only(my_cpp_package)
[0.886s] Level 1:colcon.colcon_core.environment:checking '/home/roxy/2025_ros2/KanNon0618/install/my_cpp_package' for CMake module files
[0.887s] DEBUG:colcon.colcon_core.event_handler.log_command:Invoked command in '/home/roxy/2025_ros2/KanNon0618/build/my_cpp_package' returned '0': AMENT_PREFIX_PATH=/home/roxy/2025_ros2/KanNon0618/install/can_packet:${AMENT_PREFIX_PATH} CMAKE_PREFIX_PATH=/home/roxy/2025_ros2/KanNon0618/install/can_packet:/opt/ros/humble LD_LIBRARY_PATH=/home/roxy/2025_ros2/KanNon0618/install/can_packet/lib:${LD_LIBRARY_PATH} PYTHONPATH=/home/roxy/2025_ros2/KanNon0618/install/can_packet/local/lib/python3.10/dist-packages:${PYTHONPATH} /opt/st/stm32cubeclt_1.17.0/CMake/bin/cmake --install /home/roxy/2025_ros2/KanNon0618/build/my_cpp_package
[0.888s] Level 1:colcon.colcon_core.environment:checking '/home/roxy/2025_ros2/KanNon0618/install/my_cpp_package' for CMake config files
[0.888s] Level 1:colcon.colcon_core.shell:create_environment_hook('my_cpp_package', 'cmake_prefix_path')
[0.888s] INFO:colcon.colcon_core.shell:Creating environment hook '/home/roxy/2025_ros2/KanNon0618/install/my_cpp_package/share/my_cpp_package/hook/cmake_prefix_path.ps1'
[0.888s] INFO:colcon.colcon_core.shell:Creating environment descriptor '/home/roxy/2025_ros2/KanNon0618/install/my_cpp_package/share/my_cpp_package/hook/cmake_prefix_path.dsv'
[0.889s] INFO:colcon.colcon_core.shell:Creating environment hook '/home/roxy/2025_ros2/KanNon0618/install/my_cpp_package/share/my_cpp_package/hook/cmake_prefix_path.sh'
[0.889s] Level 1:colcon.colcon_core.environment:checking '/home/roxy/2025_ros2/KanNon0618/install/my_cpp_package/lib'
[0.889s] Level 1:colcon.colcon_core.environment:checking '/home/roxy/2025_ros2/KanNon0618/install/my_cpp_package/bin'
[0.889s] Level 1:colcon.colcon_core.environment:checking '/home/roxy/2025_ros2/KanNon0618/install/my_cpp_package/lib/pkgconfig/my_cpp_package.pc'
[0.890s] Level 1:colcon.colcon_core.environment:checking '/home/roxy/2025_ros2/KanNon0618/install/my_cpp_package/lib/python3.10/site-packages'
[0.890s] Level 1:colcon.colcon_core.environment:checking '/home/roxy/2025_ros2/KanNon0618/install/my_cpp_package/bin'
[0.890s] INFO:colcon.colcon_core.shell:Creating package script '/home/roxy/2025_ros2/KanNon0618/install/my_cpp_package/share/my_cpp_package/package.ps1'
[0.890s] INFO:colcon.colcon_core.shell:Creating package descriptor '/home/roxy/2025_ros2/KanNon0618/install/my_cpp_package/share/my_cpp_package/package.dsv'
[0.891s] INFO:colcon.colcon_core.shell:Creating package script '/home/roxy/2025_ros2/KanNon0618/install/my_cpp_package/share/my_cpp_package/package.sh'
[0.891s] INFO:colcon.colcon_core.shell:Creating package script '/home/roxy/2025_ros2/KanNon0618/install/my_cpp_package/share/my_cpp_package/package.bash'
[0.891s] INFO:colcon.colcon_core.shell:Creating package script '/home/roxy/2025_ros2/KanNon0618/install/my_cpp_package/share/my_cpp_package/package.zsh'
[0.892s] Level 1:colcon.colcon_core.environment:create_file_with_runtime_dependencies(/home/roxy/2025_ros2/KanNon0618/install/my_cpp_package/share/colcon-core/packages/my_cpp_package)
[0.892s] Level 1:colcon.colcon_core.environment:create_environment_scripts_only(my_cpp_package)
[0.892s] Level 1:colcon.colcon_core.environment:checking '/home/roxy/2025_ros2/KanNon0618/install/my_cpp_package' for CMake module files
[0.893s] Level 1:colcon.colcon_core.environment:checking '/home/roxy/2025_ros2/KanNon0618/install/my_cpp_package' for CMake config files
[0.893s] Level 1:colcon.colcon_core.shell:create_environment_hook('my_cpp_package', 'cmake_prefix_path')
[0.893s] INFO:colcon.colcon_core.shell:Creating environment hook '/home/roxy/2025_ros2/KanNon0618/install/my_cpp_package/share/my_cpp_package/hook/cmake_prefix_path.ps1'
[0.894s] INFO:colcon.colcon_core.shell:Creating environment descriptor '/home/roxy/2025_ros2/KanNon0618/install/my_cpp_package/share/my_cpp_package/hook/cmake_prefix_path.dsv'
[0.894s] INFO:colcon.colcon_core.shell:Creating environment hook '/home/roxy/2025_ros2/KanNon0618/install/my_cpp_package/share/my_cpp_package/hook/cmake_prefix_path.sh'
[0.895s] Level 1:colcon.colcon_core.environment:checking '/home/roxy/2025_ros2/KanNon0618/install/my_cpp_package/lib'
[0.895s] Level 1:colcon.colcon_core.environment:checking '/home/roxy/2025_ros2/KanNon0618/install/my_cpp_package/bin'
[0.895s] Level 1:colcon.colcon_core.environment:checking '/home/roxy/2025_ros2/KanNon0618/install/my_cpp_package/lib/pkgconfig/my_cpp_package.pc'
[0.895s] Level 1:colcon.colcon_core.environment:checking '/home/roxy/2025_ros2/KanNon0618/install/my_cpp_package/lib/python3.10/site-packages'
[0.896s] Level 1:colcon.colcon_core.environment:checking '/home/roxy/2025_ros2/KanNon0618/install/my_cpp_package/bin'
[0.896s] INFO:colcon.colcon_core.shell:Creating package script '/home/roxy/2025_ros2/KanNon0618/install/my_cpp_package/share/my_cpp_package/package.ps1'
[0.896s] INFO:colcon.colcon_core.shell:Creating package descriptor '/home/roxy/2025_ros2/KanNon0618/install/my_cpp_package/share/my_cpp_package/package.dsv'
[0.897s] INFO:colcon.colcon_core.shell:Creating package script '/home/roxy/2025_ros2/KanNon0618/install/my_cpp_package/share/my_cpp_package/package.sh'
[0.897s] INFO:colcon.colcon_core.shell:Creating package script '/home/roxy/2025_ros2/KanNon0618/install/my_cpp_package/share/my_cpp_package/package.bash'
[0.898s] INFO:colcon.colcon_core.shell:Creating package script '/home/roxy/2025_ros2/KanNon0618/install/my_cpp_package/share/my_cpp_package/package.zsh'
[0.898s] Level 1:colcon.colcon_core.environment:create_file_with_runtime_dependencies(/home/roxy/2025_ros2/KanNon0618/install/my_cpp_package/share/colcon-core/packages/my_cpp_package)
[1.282s] DEBUG:colcon.colcon_core.event_handler.log_command:Invoking command in '/home/roxy/2025_ros2/KanNon0618/ver0/pid_tuner': AMENT_PREFIX_PATH=/home/roxy/2025_ros2/KanNon0618/install/can_packet:${AMENT_PREFIX_PATH} CMAKE_PREFIX_PATH=/home/roxy/2025_ros2/KanNon0618/install/can_packet LD_LIBRARY_PATH=/home/roxy/2025_ros2/KanNon0618/install/can_packet/lib:${LD_LIBRARY_PATH} PYTHONPATH=/home/roxy/2025_ros2/KanNon0618/build/pid_tuner/prefix_override:/usr/lib/python3/dist-packages/colcon_core/task/python/colcon_distutils_commands:/home/roxy/2025_ros2/KanNon0618/install/pid_tuner/lib/python3.10/site-packages:/home/roxy/2025_ros2/KanNon0618/install/can_packet/local/lib/python3.10/dist-packages:${PYTHONPATH} /usr/bin/python3 -W ignore:setup.py install is deprecated -W ignore:easy_install command is deprecated setup.py egg_info --egg-base ../../build/pid_tuner build --build-base /home/roxy/2025_ros2/KanNon0618/build/pid_tuner/build install --record /home/roxy/2025_ros2/KanNon0618/build/pid_tuner/install.log --single-version-externally-managed install_data
[1.550s] Level 1:colcon.colcon_core.environment:checking '/home/roxy/2025_ros2/KanNon0618/install/pid_tuner' for CMake module files
[1.551s] DEBUG:colcon.colcon_core.event_handler.log_command:Invoked command in '/home/roxy/2025_ros2/KanNon0618/ver0/pid_tuner' returned '0': AMENT_PREFIX_PATH=/home/roxy/2025_ros2/KanNon0618/install/can_packet:${AMENT_PREFIX_PATH} CMAKE_PREFIX_PATH=/home/roxy/2025_ros2/KanNon0618/install/can_packet LD_LIBRARY_PATH=/home/roxy/2025_ros2/KanNon0618/install/can_packet/lib:${LD_LIBRARY_PATH} PYTHONPATH=/home/roxy/2025_ros2/KanNon0618/build/pid_tuner/prefix_override:/usr/lib/python3/dist-packages/colcon_core/task/python/colcon_distutils_commands:/home/roxy/2025_ros2/KanNon0618/install/pid_tuner/lib/python3.10/site-packages:/home/roxy/2025_ros2/KanNon0618/install/can_packet/local/lib/python3.10/dist-packages:${PYTHONPATH} /usr/bin/python3 -W ignore:setup.py install is deprecated -W ignore:easy_install command is deprecated setup.py egg_info --egg-base ../../build/pid_tuner build --build-base /home/roxy/2025_ros2/KanNon0618/build/pid_tuner/build install --record /home/roxy/2025_ros2/KanNon0618/build/pid_tuner/install.log --single-version-externally-managed install_data
[1.551s] Level 1:colcon.colcon_core.environment:checking '/home/roxy/2025_ros2/KanNon0618/install/pid_tuner' for CMake config files
[1.552s] Level 1:colcon.colcon_core.environment:checking '/home/roxy/2025_ros2/KanNon0618/install/pid_tuner/lib'
[1.552s] Level 1:colcon.colcon_core.environment:checking '/home/roxy/2025_ros2/KanNon0618/install/pid_tuner/bin'
[1.552s] Level 1:colcon.colcon_core.environment:checking '/home/roxy/2025_ros2/KanNon0618/install/pid_tuner/lib/pkgconfig/pid_tuner.pc'
[1.553s] Level 1:colcon.colcon_core.environment:checking '/home/roxy/2025_ros2/KanNon0618/install/pid_tuner/lib/python3.10/site-packages'
[1.553s] Level 1:colcon.colcon_core.shell:create_environment_hook('pid_tuner', 'pythonpath')
[1.553s] INFO:colcon.colcon_core.shell:Creating environment hook '/home/roxy/2025_ros2/KanNon0618/install/pid_tuner/share/pid_tuner/hook/pythonpath.ps1'
[1.554s] INFO:colcon.colcon_core.shell:Creating environment descriptor '/home/roxy/2025_ros2/KanNon0618/install/pid_tuner/share/pid_tuner/hook/pythonpath.dsv'
[1.554s] INFO:colcon.colcon_core.shell:Creating environment hook '/home/roxy/2025_ros2/KanNon0618/install/pid_tuner/share/pid_tuner/hook/pythonpath.sh'
[1.555s] Level 1:colcon.colcon_core.environment:checking '/home/roxy/2025_ros2/KanNon0618/install/pid_tuner/bin'
[1.555s] Level 1:colcon.colcon_core.environment:create_environment_scripts_only(pid_tuner)
[1.556s] INFO:colcon.colcon_core.shell:Creating package script '/home/roxy/2025_ros2/KanNon0618/install/pid_tuner/share/pid_tuner/package.ps1'
[1.557s] INFO:colcon.colcon_core.shell:Creating package descriptor '/home/roxy/2025_ros2/KanNon0618/install/pid_tuner/share/pid_tuner/package.dsv'
[1.558s] INFO:colcon.colcon_core.shell:Creating package script '/home/roxy/2025_ros2/KanNon0618/install/pid_tuner/share/pid_tuner/package.sh'
[1.558s] INFO:colcon.colcon_core.shell:Creating package script '/home/roxy/2025_ros2/KanNon0618/install/pid_tuner/share/pid_tuner/package.bash'
[1.559s] INFO:colcon.colcon_core.shell:Creating package script '/home/roxy/2025_ros2/KanNon0618/install/pid_tuner/share/pid_tuner/package.zsh'
[1.559s] Level 1:colcon.colcon_core.environment:create_file_with_runtime_dependencies(/home/roxy/2025_ros2/KanNon0618/install/pid_tuner/share/colcon-core/packages/pid_tuner)
[5.776s] DEBUG:colcon.colcon_core.event_handler.log_command:Invoked command in '/home/roxy/2025_ros2/KanNon0618/build/can_converter' returned '2': AMENT_PREFIX_PATH=/home/roxy/2025_ros2/KanNon0618/install/can_packet:${AMENT_PREFIX_PATH} CMAKE_PREFIX_PATH=/home/roxy/2025_ros2/KanNon0618/install/can_packet:/opt/ros/humble LD_LIBRARY_PATH=/home/roxy/2025_ros2/KanNon0618/install/can_packet/lib:${LD_LIBRARY_PATH} PYTHONPATH=/home/roxy/2025_ros2/KanNon0618/install/can_packet/local/lib/python3.10/dist-packages:${PYTHONPATH} /opt/st/stm32cubeclt_1.17.0/CMake/bin/cmake --build /home/roxy/2025_ros2/KanNon0618/build/can_converter -- -j16 -l16
[5.776s] Level 1:colcon.colcon_core.environment:create_environment_scripts_only(can_converter)
[5.777s] Level 1:colcon.colcon_core.environment:checking '/home/roxy/2025_ros2/KanNon0618/install/can_converter' for CMake module files
[5.777s] Level 1:colcon.colcon_core.environment:checking '/home/roxy/2025_ros2/KanNon0618/install/can_converter' for CMake config files
[5.777s] Level 1:colcon.colcon_core.shell:create_environment_hook('can_converter', 'cmake_prefix_path')
[5.777s] INFO:colcon.colcon_core.shell:Creating environment hook '/home/roxy/2025_ros2/KanNon0618/install/can_converter/share/can_converter/hook/cmake_prefix_path.ps1'
[5.778s] INFO:colcon.colcon_core.shell:Creating environment descriptor '/home/roxy/2025_ros2/KanNon0618/install/can_converter/share/can_converter/hook/cmake_prefix_path.dsv'
[5.778s] INFO:colcon.colcon_core.shell:Creating environment hook '/home/roxy/2025_ros2/KanNon0618/install/can_converter/share/can_converter/hook/cmake_prefix_path.sh'
[5.778s] Level 1:colcon.colcon_core.environment:checking '/home/roxy/2025_ros2/KanNon0618/install/can_converter/lib'
[5.778s] Level 1:colcon.colcon_core.environment:checking '/home/roxy/2025_ros2/KanNon0618/install/can_converter/bin'
[5.779s] Level 1:colcon.colcon_core.environment:checking '/home/roxy/2025_ros2/KanNon0618/install/can_converter/lib/pkgconfig/can_converter.pc'
[5.779s] Level 1:colcon.colcon_core.environment:checking '/home/roxy/2025_ros2/KanNon0618/install/can_converter/lib/python3.10/site-packages'
[5.779s] Level 1:colcon.colcon_core.environment:checking '/home/roxy/2025_ros2/KanNon0618/install/can_converter/bin'
[5.779s] INFO:colcon.colcon_core.shell:Creating package script '/home/roxy/2025_ros2/KanNon0618/install/can_converter/share/can_converter/package.ps1'
[5.779s] INFO:colcon.colcon_core.shell:Creating package descriptor '/home/roxy/2025_ros2/KanNon0618/install/can_converter/share/can_converter/package.dsv'
[5.780s] INFO:colcon.colcon_core.shell:Creating package script '/home/roxy/2025_ros2/KanNon0618/install/can_converter/share/can_converter/package.sh'
[5.780s] INFO:colcon.colcon_core.shell:Creating package script '/home/roxy/2025_ros2/KanNon0618/install/can_converter/share/can_converter/package.bash'
[5.780s] INFO:colcon.colcon_core.shell:Creating package script '/home/roxy/2025_ros2/KanNon0618/install/can_converter/share/can_converter/package.zsh'
[5.781s] Level 1:colcon.colcon_core.environment:create_file_with_runtime_dependencies(/home/roxy/2025_ros2/KanNon0618/install/can_converter/share/colcon-core/packages/can_converter)
[5.791s] DEBUG:colcon.colcon_parallel_executor.executor.parallel:closing loop
[5.791s] DEBUG:colcon.colcon_parallel_executor.executor.parallel:loop closed
[5.791s] DEBUG:colcon.colcon_parallel_executor.executor.parallel:run_until_complete finished with '2'
[5.791s] DEBUG:colcon.colcon_core.event_reactor:joining thread
[5.795s] INFO:colcon.colcon_core.plugin_system:Skipping extension 'colcon_notification.desktop_notification.terminal_notifier': Not used on non-Darwin systems
[5.795s] INFO:colcon.colcon_core.plugin_system:Skipping extension 'colcon_notification.desktop_notification.win32': Not used on non-Windows systems
[5.795s] INFO:colcon.colcon_notification.desktop_notification:Sending desktop notification using 'notify2'
[5.803s] DEBUG:colcon.colcon_core.event_reactor:joined thread
[5.803s] INFO:colcon.colcon_core.shell:Creating prefix script '/home/roxy/2025_ros2/KanNon0618/install/local_setup.ps1'
[5.804s] INFO:colcon.colcon_core.shell:Creating prefix util module '/home/roxy/2025_ros2/KanNon0618/install/_local_setup_util_ps1.py'
[5.805s] INFO:colcon.colcon_core.shell:Creating prefix chain script '/home/roxy/2025_ros2/KanNon0618/install/setup.ps1'
[5.806s] INFO:colcon.colcon_core.shell:Creating prefix script '/home/roxy/2025_ros2/KanNon0618/install/local_setup.sh'
[5.806s] INFO:colcon.colcon_core.shell:Creating prefix util module '/home/roxy/2025_ros2/KanNon0618/install/_local_setup_util_sh.py'
[5.806s] INFO:colcon.colcon_core.shell:Creating prefix chain script '/home/roxy/2025_ros2/KanNon0618/install/setup.sh'
[5.807s] INFO:colcon.colcon_core.shell:Creating prefix script '/home/roxy/2025_ros2/KanNon0618/install/local_setup.bash'
[5.807s] INFO:colcon.colcon_core.shell:Creating prefix chain script '/home/roxy/2025_ros2/KanNon0618/install/setup.bash'
[5.808s] INFO:colcon.colcon_core.shell:Creating prefix script '/home/roxy/2025_ros2/KanNon0618/install/local_setup.zsh'
[5.808s] INFO:colcon.colcon_core.shell:Creating prefix chain script '/home/roxy/2025_ros2/KanNon0618/install/setup.zsh'
