[0.019s] Invoking command in '/home/roxy/2025_ros2/KanNon0618/build/can_converter': CMAKE_PREFIX_PATH=/home/roxy/2025_ros2/KanNon0618/install/can_packet:/home/roxy/2025_ros2/KanNon0618/install/my_cpp_package:/home/roxy/2025_ros2/KanNon0618/install/launcher:/home/roxy/2025_ros2/KanNon0618/install/can_converter:/home/roxy/2025_ros2/KanNon0618/install/pid_tuner:/opt/ros/humble /opt/st/stm32cubeclt_1.17.0/CMake/bin/cmake --build /home/roxy/2025_ros2/KanNon0618/build/can_converter -- -j16 -l16
[0.041s] -- Found ament_cmake: 1.3.11 (/opt/ros/humble/share/ament_cmake/cmake)
[0.269s] -- Found rclcpp: 16.0.12 (/opt/ros/humble/share/rclcpp/cmake)
[0.352s] -- Found rosidl_generator_c: 3.1.6 (/opt/ros/humble/share/rosidl_generator_c/cmake)
[0.369s] -- Found rosidl_adapter: 3.1.6 (/opt/ros/humble/share/rosidl_adapter/cmake)
[0.390s] -- Found rosidl_generator_cpp: 3.1.6 (/opt/ros/humble/share/rosidl_generator_cpp/cmake)
[0.427s] -- Using all available rosidl_typesupport_c: rosidl_typesupport_fastrtps_c;rosidl_typesupport_introspection_c
[0.466s] -- Using all available rosidl_typesupport_cpp: rosidl_typesupport_fastrtps_cpp;rosidl_typesupport_introspection_cpp
[0.566s] -- Found rmw_implementation_cmake: 6.1.2 (/opt/ros/humble/share/rmw_implementation_cmake/cmake)
[0.570s] -- Found rmw_fastrtps_cpp: 6.2.7 (/opt/ros/humble/share/rmw_fastrtps_cpp/cmake)
[0.743s] -- Using RMW implementation 'rmw_fastrtps_cpp' as default
[0.890s] -- Found can_packet: 0.0.0 (/home/roxy/2025_ros2/KanNon0618/install/can_packet/share/can_packet/cmake)
[0.937s] -- Found ament_lint_auto: 0.12.12 (/opt/ros/humble/share/ament_lint_auto/cmake)
[1.040s] -- Added test 'cppcheck' to perform static code analysis on C / C++ code
[1.040s] -- Configured cppcheck include dirs: /home/roxy/2025_ros2/KanNon0618/ver0/can_converter/include
[1.040s] -- Configured cppcheck exclude dirs and/or files: 
[1.041s] -- Added test 'lint_cmake' to check CMake code style
[1.042s] -- Added test 'uncrustify' to check C / C++ code style
[1.042s] -- Configured uncrustify additional arguments: 
[1.043s] -- Added test 'xmllint' to check XML markup files
[1.044s] -- Configuring done (1.0s)
[1.049s] [31mCMake Error at CMakeLists.txt:28 (add_executable):
[1.049s]   Cannot find source file:
[1.049s] 
[1.049s]     src/usb_to_pub.cpp
[1.049s] 
[1.049s]   Tried extensions .c .C .c++ .cc .cpp .cxx .cu .mpp .m .M .mm .ixx .cppm
[1.049s]   .ccm .cxxm .c++m .h .hh .h++ .hm .hpp .hxx .in .txx .f .F .for .f77 .f90
[1.049s]   .f95 .f03 .hip .ispc
[1.049s] 
[1.050s] [0m
[1.050s] [31mCMake Error at CMakeLists.txt:28 (add_executable):
[1.050s]   No SOURCES given to target: usb_to_pub_node
[1.050s] 
[1.050s] [0m
[1.050s] [0mCMake Generate step failed.  Build files cannot be regenerated correctly.[0m
[1.059s] gmake: *** [Makefile:349: cmake_check_build_system] Error 1
[1.061s] Invoked command in '/home/roxy/2025_ros2/KanNon0618/build/can_converter' returned '2': CMAKE_PREFIX_PATH=/home/roxy/2025_ros2/KanNon0618/install/can_packet:/home/roxy/2025_ros2/KanNon0618/install/my_cpp_package:/home/roxy/2025_ros2/KanNon0618/install/launcher:/home/roxy/2025_ros2/KanNon0618/install/can_converter:/home/roxy/2025_ros2/KanNon0618/install/pid_tuner:/opt/ros/humble /opt/st/stm32cubeclt_1.17.0/CMake/bin/cmake --build /home/roxy/2025_ros2/KanNon0618/build/can_converter -- -j16 -l16
