-- The C compiler identification is GNU 11.4.0
-- The CXX compiler identification is GNU 11.4.0
-- Detecting C compiler ABI info
-- Detecting C compiler ABI info - done
-- Check for working C compiler: /usr/bin/cc - skipped
-- Detecting C compile features
-- Detecting C compile features - done
-- Detecting CXX compiler ABI info
-- Detecting CXX compiler ABI info - done
-- Check for working CXX compiler: /usr/bin/c++ - skipped
-- Detecting CXX compile features
-- Detecting CXX compile features - done
-- Found ament_cmake: 1.3.11 (/opt/ros/humble/share/ament_cmake/cmake)
-- Found Python3: /usr/bin/python3 (found version "3.10.12") found components: Interpreter 
-- Found rosidl_default_generators: 1.2.0 (/opt/ros/humble/share/rosidl_default_generators/cmake)
-- Using all available rosidl_typesupport_c: rosidl_typesupport_fastrtps_c;rosidl_typesupport_introspection_c
-- Found rosidl_adapter: 3.1.6 (/opt/ros/humble/share/rosidl_adapter/cmake)
-- Using all available rosidl_typesupport_cpp: rosidl_typesupport_fastrtps_cpp;rosidl_typesupport_introspection_cpp
-- Found ament_cmake_ros: 0.10.0 (/opt/ros/humble/share/ament_cmake_ros/cmake)
-- Using all available rosidl_typesupport_c: rosidl_typesupport_fastrtps_c;rosidl_typesupport_introspection_c
-- Using all available rosidl_typesupport_cpp: rosidl_typesupport_fastrtps_cpp;rosidl_typesupport_introspection_cpp
[33mCMake Warning (dev) at /opt/ros/humble/share/rosidl_generator_py/cmake/rosidl_generator_py_generate_interfaces.cmake:20 (find_package):
  Policy CMP0148 is not set: The FindPythonInterp and FindPythonLibs modules
  are removed.  Run "cmake --help-policy CMP0148" for policy details.  Use
  the cmake_policy command to set the policy and suppress this warning.

Call Stack (most recent call first):
  /opt/ros/humble/share/ament_cmake_core/cmake/core/ament_execute_extensions.cmake:48 (include)
  /opt/ros/humble/share/rosidl_cmake/cmake/rosidl_generate_interfaces.cmake:286 (ament_execute_extensions)
  CMakeLists.txt:18 (rosidl_generate_interfaces)
This warning is for project developers.  Use -Wno-dev to suppress it.
[0m
-- Found PythonInterp: /usr/bin/python3 (found suitable version "3.10.12", minimum required is "3.6") 
-- Found python_cmake_module: 0.10.0 (/opt/ros/humble/share/python_cmake_module/cmake)
[33mCMake Warning (dev) at /opt/ros/humble/share/python_cmake_module/cmake/Modules/FindPythonExtra.cmake:52 (find_package):
  Policy CMP0148 is not set: The FindPythonInterp and FindPythonLibs modules
  are removed.  Run "cmake --help-policy CMP0148" for policy details.  Use
  the cmake_policy command to set the policy and suppress this warning.

Call Stack (most recent call first):
  /opt/ros/humble/share/rosidl_generator_py/cmake/rosidl_generator_py_generate_interfaces.cmake:23 (find_package)
  /opt/ros/humble/share/ament_cmake_core/cmake/core/ament_execute_extensions.cmake:48 (include)
  /opt/ros/humble/share/rosidl_cmake/cmake/rosidl_generate_interfaces.cmake:286 (ament_execute_extensions)
  CMakeLists.txt:18 (rosidl_generate_interfaces)
This warning is for project developers.  Use -Wno-dev to suppress it.
[0m
[33mCMake Warning (dev) at /opt/ros/humble/share/python_cmake_module/cmake/Modules/FindPythonExtra.cmake:140 (find_package):
  Policy CMP0148 is not set: The FindPythonInterp and FindPythonLibs modules
  are removed.  Run "cmake --help-policy CMP0148" for policy details.  Use
  the cmake_policy command to set the policy and suppress this warning.

Call Stack (most recent call first):
  /opt/ros/humble/share/rosidl_generator_py/cmake/rosidl_generator_py_generate_interfaces.cmake:23 (find_package)
  /opt/ros/humble/share/ament_cmake_core/cmake/core/ament_execute_extensions.cmake:48 (include)
  /opt/ros/humble/share/rosidl_cmake/cmake/rosidl_generate_interfaces.cmake:286 (ament_execute_extensions)
  CMakeLists.txt:18 (rosidl_generate_interfaces)
This warning is for project developers.  Use -Wno-dev to suppress it.
[0m
-- Found PythonLibs: /usr/lib/x86_64-linux-gnu/libpython3.10.so (found suitable version "3.10.12", minimum required is "3.5") 
-- Using PYTHON_EXECUTABLE: /usr/bin/python3
-- Using PYTHON_INCLUDE_DIRS: /usr/include/python3.10
-- Using PYTHON_LIBRARIES: /usr/lib/x86_64-linux-gnu/libpython3.10.so
-- Found PythonExtra: .so  
-- Found ament_lint_auto: 0.12.12 (/opt/ros/humble/share/ament_lint_auto/cmake)
-- Added test 'lint_cmake' to check CMake code style
-- Added test 'xmllint' to check XML markup files
-- Configuring done (2.3s)
-- Generating done (0.0s)
-- Build files have been written to: /home/roxy/2025_ros2/KanNon0618/build/can_packet
[  3%] [34m[1mGenerating C code for ROS interfaces[0m
[  6%] [34m[1mGenerating C++ code for ROS interfaces[0m
[  6%] Built target ament_cmake_python_copy_can_packet
[  6%] Built target can_packet__cpp
running egg_info
creating can_packet.egg-info
writing can_packet.egg-info/PKG-INFO
writing dependency_links to can_packet.egg-info/dependency_links.txt
writing top-level names to can_packet.egg-info/top_level.txt
writing manifest file 'can_packet.egg-info/SOURCES.txt'
[  9%] [34m[1mGenerating C++ type support dispatch for ROS interfaces[0m
reading manifest file 'can_packet.egg-info/SOURCES.txt'
[ 12%] [34m[1mGenerating C++ type support for eProsima Fast-RTPS[0m
[ 16%] [34m[1mGenerating C++ introspection for ROS interfaces[0m
writing manifest file 'can_packet.egg-info/SOURCES.txt'
[ 19%] [32mBuilding C object CMakeFiles/can_packet__rosidl_generator_c.dir/rosidl_generator_c/can_packet/msg/detail/can_packet__functions.c.o[0m
[ 19%] Built target ament_cmake_python_build_can_packet_egg
[ 22%] [32m[1mLinking C shared library libcan_packet__rosidl_generator_c.so[0m
[ 22%] Built target can_packet__rosidl_generator_c
[ 25%] [34m[1mGenerating C type support for eProsima Fast-RTPS[0m
[ 29%] [34m[1mGenerating C introspection for ROS interfaces[0m
[ 32%] [34m[1mGenerating C type support dispatch for ROS interfaces[0m
[ 35%] [32mBuilding CXX object CMakeFiles/can_packet__rosidl_typesupport_cpp.dir/rosidl_typesupport_cpp/can_packet/msg/can_packet__type_support.cpp.o[0m
[ 38%] [32mBuilding CXX object CMakeFiles/can_packet__rosidl_typesupport_introspection_cpp.dir/rosidl_typesupport_introspection_cpp/can_packet/msg/detail/can_packet__type_support.cpp.o[0m
[ 41%] [32mBuilding CXX object CMakeFiles/can_packet__rosidl_typesupport_fastrtps_cpp.dir/rosidl_typesupport_fastrtps_cpp/can_packet/msg/detail/dds_fastrtps/can_packet__type_support.cpp.o[0m
[ 45%] [32mBuilding CXX object CMakeFiles/can_packet__rosidl_typesupport_c.dir/rosidl_typesupport_c/can_packet/msg/can_packet__type_support.cpp.o[0m
[ 48%] [32mBuilding CXX object CMakeFiles/can_packet__rosidl_typesupport_fastrtps_c.dir/rosidl_typesupport_fastrtps_c/can_packet/msg/detail/can_packet__type_support_c.cpp.o[0m
[ 51%] [32mBuilding C object CMakeFiles/can_packet__rosidl_typesupport_introspection_c.dir/rosidl_typesupport_introspection_c/can_packet/msg/detail/can_packet__type_support.c.o[0m
[ 54%] [32m[1mLinking CXX shared library libcan_packet__rosidl_typesupport_c.so[0m
[ 58%] [32m[1mLinking C shared library libcan_packet__rosidl_typesupport_introspection_c.so[0m
[ 58%] Built target can_packet__rosidl_typesupport_c
[ 58%] Built target can_packet__rosidl_typesupport_introspection_c
[ 61%] [32m[1mLinking CXX shared library libcan_packet__rosidl_typesupport_cpp.so[0m
[ 61%] Built target can_packet__rosidl_typesupport_cpp
[ 64%] [32m[1mLinking CXX shared library libcan_packet__rosidl_typesupport_introspection_cpp.so[0m
[ 67%] [32m[1mLinking CXX shared library libcan_packet__rosidl_typesupport_fastrtps_c.so[0m
[ 70%] [32m[1mLinking CXX shared library libcan_packet__rosidl_typesupport_fastrtps_cpp.so[0m
[ 70%] Built target can_packet__rosidl_typesupport_introspection_cpp
[ 70%] Built target can_packet__rosidl_typesupport_fastrtps_c
[ 70%] Built target can_packet__rosidl_typesupport_fastrtps_cpp
[ 70%] Built target can_packet
[ 74%] [34m[1mGenerating Python code for ROS interfaces[0m
[ 74%] Built target can_packet__py
[ 77%] [32mBuilding C object CMakeFiles/can_packet__rosidl_generator_py.dir/rosidl_generator_py/can_packet/msg/_can_packet_s.c.o[0m
[ 80%] [32m[1mLinking C shared library rosidl_generator_py/can_packet/libcan_packet__rosidl_generator_py.so[0m
[ 80%] Built target can_packet__rosidl_generator_py
[ 83%] [32mBuilding C object CMakeFiles/can_packet__rosidl_typesupport_fastrtps_c__pyext.dir/rosidl_generator_py/can_packet/_can_packet_s.ep.rosidl_typesupport_fastrtps_c.c.o[0m
[ 87%] [32mBuilding C object CMakeFiles/can_packet__rosidl_typesupport_c__pyext.dir/rosidl_generator_py/can_packet/_can_packet_s.ep.rosidl_typesupport_c.c.o[0m
[ 90%] [32mBuilding C object CMakeFiles/can_packet__rosidl_typesupport_introspection_c__pyext.dir/rosidl_generator_py/can_packet/_can_packet_s.ep.rosidl_typesupport_introspection_c.c.o[0m
[100%] [32m[1mLinking C shared library rosidl_generator_py/can_packet/can_packet_s__rosidl_typesupport_c.cpython-310-x86_64-linux-gnu.so[0m
[100%] [32m[1mLinking C shared library rosidl_generator_py/can_packet/can_packet_s__rosidl_typesupport_introspection_c.cpython-310-x86_64-linux-gnu.so[0m
[100%] [32m[1mLinking C shared library rosidl_generator_py/can_packet/can_packet_s__rosidl_typesupport_fastrtps_c.cpython-310-x86_64-linux-gnu.so[0m
[100%] Built target can_packet__rosidl_typesupport_c__pyext
[100%] Built target can_packet__rosidl_typesupport_introspection_c__pyext
[100%] Built target can_packet__rosidl_typesupport_fastrtps_c__pyext
-- Install configuration: ""
-- Installing: /home/roxy/2025_ros2/KanNon0618/install/can_packet/share/ament_index/resource_index/rosidl_interfaces/can_packet
-- Installing: /home/roxy/2025_ros2/KanNon0618/install/can_packet/include/can_packet/can_packet
-- Installing: /home/roxy/2025_ros2/KanNon0618/install/can_packet/include/can_packet/can_packet/msg
-- Installing: /home/roxy/2025_ros2/KanNon0618/install/can_packet/include/can_packet/can_packet/msg/detail
-- Installing: /home/roxy/2025_ros2/KanNon0618/install/can_packet/include/can_packet/can_packet/msg/detail/can_packet__struct.h
-- Installing: /home/roxy/2025_ros2/KanNon0618/install/can_packet/include/can_packet/can_packet/msg/detail/can_packet__functions.c
-- Installing: /home/roxy/2025_ros2/KanNon0618/install/can_packet/include/can_packet/can_packet/msg/detail/can_packet__functions.h
-- Installing: /home/roxy/2025_ros2/KanNon0618/install/can_packet/include/can_packet/can_packet/msg/detail/can_packet__type_support.h
-- Installing: /home/roxy/2025_ros2/KanNon0618/install/can_packet/include/can_packet/can_packet/msg/can_packet.h
-- Installing: /home/roxy/2025_ros2/KanNon0618/install/can_packet/include/can_packet/can_packet/msg/rosidl_generator_c__visibility_control.h
-- Installing: /home/roxy/2025_ros2/KanNon0618/install/can_packet/share/can_packet/environment/library_path.sh
-- Installing: /home/roxy/2025_ros2/KanNon0618/install/can_packet/share/can_packet/environment/library_path.dsv
-- Installing: /home/roxy/2025_ros2/KanNon0618/install/can_packet/lib/libcan_packet__rosidl_generator_c.so
-- Set non-toolchain portion of runtime path of "/home/roxy/2025_ros2/KanNon0618/install/can_packet/lib/libcan_packet__rosidl_generator_c.so" to ""
-- Up-to-date: /home/roxy/2025_ros2/KanNon0618/install/can_packet/include/can_packet/can_packet
-- Up-to-date: /home/roxy/2025_ros2/KanNon0618/install/can_packet/include/can_packet/can_packet/msg
-- Installing: /home/roxy/2025_ros2/KanNon0618/install/can_packet/include/can_packet/can_packet/msg/rosidl_typesupport_fastrtps_c__visibility_control.h
-- Up-to-date: /home/roxy/2025_ros2/KanNon0618/install/can_packet/include/can_packet/can_packet/msg/detail
-- Installing: /home/roxy/2025_ros2/KanNon0618/install/can_packet/include/can_packet/can_packet/msg/detail/can_packet__rosidl_typesupport_fastrtps_c.h
-- Installing: /home/roxy/2025_ros2/KanNon0618/install/can_packet/lib/libcan_packet__rosidl_typesupport_fastrtps_c.so
-- Set non-toolchain portion of runtime path of "/home/roxy/2025_ros2/KanNon0618/install/can_packet/lib/libcan_packet__rosidl_typesupport_fastrtps_c.so" to ""
-- Up-to-date: /home/roxy/2025_ros2/KanNon0618/install/can_packet/include/can_packet/can_packet
-- Up-to-date: /home/roxy/2025_ros2/KanNon0618/install/can_packet/include/can_packet/can_packet/msg
-- Installing: /home/roxy/2025_ros2/KanNon0618/install/can_packet/include/can_packet/can_packet/msg/rosidl_typesupport_introspection_c__visibility_control.h
-- Up-to-date: /home/roxy/2025_ros2/KanNon0618/install/can_packet/include/can_packet/can_packet/msg/detail
-- Installing: /home/roxy/2025_ros2/KanNon0618/install/can_packet/include/can_packet/can_packet/msg/detail/can_packet__rosidl_typesupport_introspection_c.h
-- Installing: /home/roxy/2025_ros2/KanNon0618/install/can_packet/include/can_packet/can_packet/msg/detail/can_packet__type_support.c
-- Installing: /home/roxy/2025_ros2/KanNon0618/install/can_packet/lib/libcan_packet__rosidl_typesupport_introspection_c.so
-- Set non-toolchain portion of runtime path of "/home/roxy/2025_ros2/KanNon0618/install/can_packet/lib/libcan_packet__rosidl_typesupport_introspection_c.so" to ""
-- Installing: /home/roxy/2025_ros2/KanNon0618/install/can_packet/lib/libcan_packet__rosidl_typesupport_c.so
-- Set non-toolchain portion of runtime path of "/home/roxy/2025_ros2/KanNon0618/install/can_packet/lib/libcan_packet__rosidl_typesupport_c.so" to ""
-- Up-to-date: /home/roxy/2025_ros2/KanNon0618/install/can_packet/include/can_packet/can_packet
-- Up-to-date: /home/roxy/2025_ros2/KanNon0618/install/can_packet/include/can_packet/can_packet/msg
-- Installing: /home/roxy/2025_ros2/KanNon0618/install/can_packet/include/can_packet/can_packet/msg/can_packet.hpp
-- Installing: /home/roxy/2025_ros2/KanNon0618/install/can_packet/include/can_packet/can_packet/msg/rosidl_generator_cpp__visibility_control.hpp
-- Up-to-date: /home/roxy/2025_ros2/KanNon0618/install/can_packet/include/can_packet/can_packet/msg/detail
-- Installing: /home/roxy/2025_ros2/KanNon0618/install/can_packet/include/can_packet/can_packet/msg/detail/can_packet__type_support.hpp
-- Installing: /home/roxy/2025_ros2/KanNon0618/install/can_packet/include/can_packet/can_packet/msg/detail/can_packet__builder.hpp
-- Installing: /home/roxy/2025_ros2/KanNon0618/install/can_packet/include/can_packet/can_packet/msg/detail/can_packet__struct.hpp
-- Installing: /home/roxy/2025_ros2/KanNon0618/install/can_packet/include/can_packet/can_packet/msg/detail/can_packet__traits.hpp
-- Up-to-date: /home/roxy/2025_ros2/KanNon0618/install/can_packet/include/can_packet/can_packet
-- Up-to-date: /home/roxy/2025_ros2/KanNon0618/install/can_packet/include/can_packet/can_packet/msg
-- Installing: /home/roxy/2025_ros2/KanNon0618/install/can_packet/include/can_packet/can_packet/msg/rosidl_typesupport_fastrtps_cpp__visibility_control.h
-- Up-to-date: /home/roxy/2025_ros2/KanNon0618/install/can_packet/include/can_packet/can_packet/msg/detail
-- Installing: /home/roxy/2025_ros2/KanNon0618/install/can_packet/include/can_packet/can_packet/msg/detail/dds_fastrtps
-- Installing: /home/roxy/2025_ros2/KanNon0618/install/can_packet/include/can_packet/can_packet/msg/detail/can_packet__rosidl_typesupport_fastrtps_cpp.hpp
-- Installing: /home/roxy/2025_ros2/KanNon0618/install/can_packet/lib/libcan_packet__rosidl_typesupport_fastrtps_cpp.so
-- Set non-toolchain portion of runtime path of "/home/roxy/2025_ros2/KanNon0618/install/can_packet/lib/libcan_packet__rosidl_typesupport_fastrtps_cpp.so" to ""
-- Up-to-date: /home/roxy/2025_ros2/KanNon0618/install/can_packet/include/can_packet/can_packet
-- Up-to-date: /home/roxy/2025_ros2/KanNon0618/install/can_packet/include/can_packet/can_packet/msg
-- Up-to-date: /home/roxy/2025_ros2/KanNon0618/install/can_packet/include/can_packet/can_packet/msg/detail
-- Installing: /home/roxy/2025_ros2/KanNon0618/install/can_packet/include/can_packet/can_packet/msg/detail/can_packet__type_support.cpp
-- Installing: /home/roxy/2025_ros2/KanNon0618/install/can_packet/include/can_packet/can_packet/msg/detail/can_packet__rosidl_typesupport_introspection_cpp.hpp
-- Installing: /home/roxy/2025_ros2/KanNon0618/install/can_packet/lib/libcan_packet__rosidl_typesupport_introspection_cpp.so
-- Set non-toolchain portion of runtime path of "/home/roxy/2025_ros2/KanNon0618/install/can_packet/lib/libcan_packet__rosidl_typesupport_introspection_cpp.so" to ""
-- Installing: /home/roxy/2025_ros2/KanNon0618/install/can_packet/lib/libcan_packet__rosidl_typesupport_cpp.so
-- Set non-toolchain portion of runtime path of "/home/roxy/2025_ros2/KanNon0618/install/can_packet/lib/libcan_packet__rosidl_typesupport_cpp.so" to ""
-- Installing: /home/roxy/2025_ros2/KanNon0618/install/can_packet/share/can_packet/environment/pythonpath.sh
-- Installing: /home/roxy/2025_ros2/KanNon0618/install/can_packet/share/can_packet/environment/pythonpath.dsv
-- Installing: /home/roxy/2025_ros2/KanNon0618/install/can_packet/local/lib/python3.10/dist-packages/can_packet-0.0.0-py3.10.egg-info
-- Installing: /home/roxy/2025_ros2/KanNon0618/install/can_packet/local/lib/python3.10/dist-packages/can_packet-0.0.0-py3.10.egg-info/dependency_links.txt
-- Installing: /home/roxy/2025_ros2/KanNon0618/install/can_packet/local/lib/python3.10/dist-packages/can_packet-0.0.0-py3.10.egg-info/top_level.txt
-- Installing: /home/roxy/2025_ros2/KanNon0618/install/can_packet/local/lib/python3.10/dist-packages/can_packet-0.0.0-py3.10.egg-info/SOURCES.txt
-- Installing: /home/roxy/2025_ros2/KanNon0618/install/can_packet/local/lib/python3.10/dist-packages/can_packet-0.0.0-py3.10.egg-info/PKG-INFO
-- Installing: /home/roxy/2025_ros2/KanNon0618/install/can_packet/local/lib/python3.10/dist-packages/can_packet
-- Installing: /home/roxy/2025_ros2/KanNon0618/install/can_packet/local/lib/python3.10/dist-packages/can_packet/can_packet_s__rosidl_typesupport_c.cpython-310-x86_64-linux-gnu.so
-- Installing: /home/roxy/2025_ros2/KanNon0618/install/can_packet/local/lib/python3.10/dist-packages/can_packet/libcan_packet__rosidl_generator_py.so
-- Installing: /home/roxy/2025_ros2/KanNon0618/install/can_packet/local/lib/python3.10/dist-packages/can_packet/_can_packet_s.ep.rosidl_typesupport_fastrtps_c.c
-- Installing: /home/roxy/2025_ros2/KanNon0618/install/can_packet/local/lib/python3.10/dist-packages/can_packet/_can_packet_s.ep.rosidl_typesupport_introspection_c.c
-- Installing: /home/roxy/2025_ros2/KanNon0618/install/can_packet/local/lib/python3.10/dist-packages/can_packet/msg
-- Installing: /home/roxy/2025_ros2/KanNon0618/install/can_packet/local/lib/python3.10/dist-packages/can_packet/msg/_can_packet.py
-- Installing: /home/roxy/2025_ros2/KanNon0618/install/can_packet/local/lib/python3.10/dist-packages/can_packet/msg/_can_packet_s.c
-- Installing: /home/roxy/2025_ros2/KanNon0618/install/can_packet/local/lib/python3.10/dist-packages/can_packet/msg/__init__.py
-- Installing: /home/roxy/2025_ros2/KanNon0618/install/can_packet/local/lib/python3.10/dist-packages/can_packet/can_packet_s__rosidl_typesupport_introspection_c.cpython-310-x86_64-linux-gnu.so
-- Installing: /home/roxy/2025_ros2/KanNon0618/install/can_packet/local/lib/python3.10/dist-packages/can_packet/_can_packet_s.ep.rosidl_typesupport_c.c
-- Installing: /home/roxy/2025_ros2/KanNon0618/install/can_packet/local/lib/python3.10/dist-packages/can_packet/__init__.py
-- Installing: /home/roxy/2025_ros2/KanNon0618/install/can_packet/local/lib/python3.10/dist-packages/can_packet/can_packet_s__rosidl_typesupport_fastrtps_c.cpython-310-x86_64-linux-gnu.so
Listing '/home/roxy/2025_ros2/KanNon0618/install/can_packet/local/lib/python3.10/dist-packages/can_packet'...
Compiling '/home/roxy/2025_ros2/KanNon0618/install/can_packet/local/lib/python3.10/dist-packages/can_packet/__init__.py'...
Listing '/home/roxy/2025_ros2/KanNon0618/install/can_packet/local/lib/python3.10/dist-packages/can_packet/msg'...
Compiling '/home/roxy/2025_ros2/KanNon0618/install/can_packet/local/lib/python3.10/dist-packages/can_packet/msg/__init__.py'...
Compiling '/home/roxy/2025_ros2/KanNon0618/install/can_packet/local/lib/python3.10/dist-packages/can_packet/msg/_can_packet.py'...
-- Installing: /home/roxy/2025_ros2/KanNon0618/install/can_packet/local/lib/python3.10/dist-packages/can_packet/can_packet_s__rosidl_typesupport_fastrtps_c.cpython-310-x86_64-linux-gnu.so
-- Set non-toolchain portion of runtime path of "/home/roxy/2025_ros2/KanNon0618/install/can_packet/local/lib/python3.10/dist-packages/can_packet/can_packet_s__rosidl_typesupport_fastrtps_c.cpython-310-x86_64-linux-gnu.so" to ""
-- Installing: /home/roxy/2025_ros2/KanNon0618/install/can_packet/local/lib/python3.10/dist-packages/can_packet/can_packet_s__rosidl_typesupport_introspection_c.cpython-310-x86_64-linux-gnu.so
-- Set non-toolchain portion of runtime path of "/home/roxy/2025_ros2/KanNon0618/install/can_packet/local/lib/python3.10/dist-packages/can_packet/can_packet_s__rosidl_typesupport_introspection_c.cpython-310-x86_64-linux-gnu.so" to ""
-- Installing: /home/roxy/2025_ros2/KanNon0618/install/can_packet/local/lib/python3.10/dist-packages/can_packet/can_packet_s__rosidl_typesupport_c.cpython-310-x86_64-linux-gnu.so
-- Set non-toolchain portion of runtime path of "/home/roxy/2025_ros2/KanNon0618/install/can_packet/local/lib/python3.10/dist-packages/can_packet/can_packet_s__rosidl_typesupport_c.cpython-310-x86_64-linux-gnu.so" to ""
-- Installing: /home/roxy/2025_ros2/KanNon0618/install/can_packet/lib/libcan_packet__rosidl_generator_py.so
-- Set non-toolchain portion of runtime path of "/home/roxy/2025_ros2/KanNon0618/install/can_packet/lib/libcan_packet__rosidl_generator_py.so" to ""
-- Installing: /home/roxy/2025_ros2/KanNon0618/install/can_packet/share/can_packet/msg/CanPacket.idl
-- Installing: /home/roxy/2025_ros2/KanNon0618/install/can_packet/share/can_packet/msg/CanPacket.msg
-- Installing: /home/roxy/2025_ros2/KanNon0618/install/can_packet/share/ament_index/resource_index/package_run_dependencies/can_packet
-- Installing: /home/roxy/2025_ros2/KanNon0618/install/can_packet/share/ament_index/resource_index/parent_prefix_path/can_packet
-- Installing: /home/roxy/2025_ros2/KanNon0618/install/can_packet/share/can_packet/environment/ament_prefix_path.sh
-- Installing: /home/roxy/2025_ros2/KanNon0618/install/can_packet/share/can_packet/environment/ament_prefix_path.dsv
-- Installing: /home/roxy/2025_ros2/KanNon0618/install/can_packet/share/can_packet/environment/path.sh
-- Installing: /home/roxy/2025_ros2/KanNon0618/install/can_packet/share/can_packet/environment/path.dsv
-- Installing: /home/roxy/2025_ros2/KanNon0618/install/can_packet/share/can_packet/local_setup.bash
-- Installing: /home/roxy/2025_ros2/KanNon0618/install/can_packet/share/can_packet/local_setup.sh
-- Installing: /home/roxy/2025_ros2/KanNon0618/install/can_packet/share/can_packet/local_setup.zsh
-- Installing: /home/roxy/2025_ros2/KanNon0618/install/can_packet/share/can_packet/local_setup.dsv
-- Installing: /home/roxy/2025_ros2/KanNon0618/install/can_packet/share/can_packet/package.dsv
-- Installing: /home/roxy/2025_ros2/KanNon0618/install/can_packet/share/ament_index/resource_index/packages/can_packet
-- Installing: /home/roxy/2025_ros2/KanNon0618/install/can_packet/share/can_packet/cmake/export_can_packet__rosidl_generator_cExport.cmake
-- Installing: /home/roxy/2025_ros2/KanNon0618/install/can_packet/share/can_packet/cmake/export_can_packet__rosidl_generator_cExport-noconfig.cmake
-- Installing: /home/roxy/2025_ros2/KanNon0618/install/can_packet/share/can_packet/cmake/export_can_packet__rosidl_typesupport_fastrtps_cExport.cmake
-- Installing: /home/roxy/2025_ros2/KanNon0618/install/can_packet/share/can_packet/cmake/export_can_packet__rosidl_typesupport_fastrtps_cExport-noconfig.cmake
-- Installing: /home/roxy/2025_ros2/KanNon0618/install/can_packet/share/can_packet/cmake/can_packet__rosidl_typesupport_introspection_cExport.cmake
-- Installing: /home/roxy/2025_ros2/KanNon0618/install/can_packet/share/can_packet/cmake/can_packet__rosidl_typesupport_introspection_cExport-noconfig.cmake
-- Installing: /home/roxy/2025_ros2/KanNon0618/install/can_packet/share/can_packet/cmake/can_packet__rosidl_typesupport_cExport.cmake
-- Installing: /home/roxy/2025_ros2/KanNon0618/install/can_packet/share/can_packet/cmake/can_packet__rosidl_typesupport_cExport-noconfig.cmake
-- Installing: /home/roxy/2025_ros2/KanNon0618/install/can_packet/share/can_packet/cmake/export_can_packet__rosidl_generator_cppExport.cmake
-- Installing: /home/roxy/2025_ros2/KanNon0618/install/can_packet/share/can_packet/cmake/export_can_packet__rosidl_typesupport_fastrtps_cppExport.cmake
-- Installing: /home/roxy/2025_ros2/KanNon0618/install/can_packet/share/can_packet/cmake/export_can_packet__rosidl_typesupport_fastrtps_cppExport-noconfig.cmake
-- Installing: /home/roxy/2025_ros2/KanNon0618/install/can_packet/share/can_packet/cmake/can_packet__rosidl_typesupport_introspection_cppExport.cmake
-- Installing: /home/roxy/2025_ros2/KanNon0618/install/can_packet/share/can_packet/cmake/can_packet__rosidl_typesupport_introspection_cppExport-noconfig.cmake
-- Installing: /home/roxy/2025_ros2/KanNon0618/install/can_packet/share/can_packet/cmake/can_packet__rosidl_typesupport_cppExport.cmake
-- Installing: /home/roxy/2025_ros2/KanNon0618/install/can_packet/share/can_packet/cmake/can_packet__rosidl_typesupport_cppExport-noconfig.cmake
-- Installing: /home/roxy/2025_ros2/KanNon0618/install/can_packet/share/can_packet/cmake/export_can_packet__rosidl_generator_pyExport.cmake
-- Installing: /home/roxy/2025_ros2/KanNon0618/install/can_packet/share/can_packet/cmake/export_can_packet__rosidl_generator_pyExport-noconfig.cmake
-- Installing: /home/roxy/2025_ros2/KanNon0618/install/can_packet/share/can_packet/cmake/rosidl_cmake-extras.cmake
-- Installing: /home/roxy/2025_ros2/KanNon0618/install/can_packet/share/can_packet/cmake/ament_cmake_export_include_directories-extras.cmake
-- Installing: /home/roxy/2025_ros2/KanNon0618/install/can_packet/share/can_packet/cmake/ament_cmake_export_libraries-extras.cmake
-- Installing: /home/roxy/2025_ros2/KanNon0618/install/can_packet/share/can_packet/cmake/ament_cmake_export_targets-extras.cmake
-- Installing: /home/roxy/2025_ros2/KanNon0618/install/can_packet/share/can_packet/cmake/rosidl_cmake_export_typesupport_targets-extras.cmake
-- Installing: /home/roxy/2025_ros2/KanNon0618/install/can_packet/share/can_packet/cmake/ament_cmake_export_dependencies-extras.cmake
-- Installing: /home/roxy/2025_ros2/KanNon0618/install/can_packet/share/can_packet/cmake/rosidl_cmake_export_typesupport_libraries-extras.cmake
-- Installing: /home/roxy/2025_ros2/KanNon0618/install/can_packet/share/can_packet/cmake/can_packetConfig.cmake
-- Installing: /home/roxy/2025_ros2/KanNon0618/install/can_packet/share/can_packet/cmake/can_packetConfig-version.cmake
-- Installing: /home/roxy/2025_ros2/KanNon0618/install/can_packet/share/can_packet/package.xml
