[0.008s] Invoking command in '/home/roxy/2025_ros2/KanNon0618/build/can_packet': CMAKE_PREFIX_PATH=/opt/ros/humble /opt/st/stm32cubeclt_1.17.0/CMake/bin/cmake /home/roxy/2025_ros2/KanNon0618/ver0/can_packet -DCMAKE_EXPORT_COMPILE_COMMANDS=ON -DCMAKE_INSTALL_PREFIX=/home/roxy/2025_ros2/KanNon0618/install/can_packet
[0.039s] -- The C compiler identification is GNU 11.4.0
[0.115s] -- The CXX compiler identification is GNU 11.4.0
[0.151s] -- Detecting C compiler ABI info
[0.186s] -- Detecting C compiler ABI info - done
[0.193s] -- Check for working C compiler: /usr/bin/cc - skipped
[0.193s] -- Detecting C compile features
[0.194s] -- Detecting C compile features - done
[0.199s] -- Detecting CXX compiler ABI info
[0.242s] -- Detecting CXX compiler ABI info - done
[0.250s] -- Check for working CXX compiler: /usr/bin/c++ - skipped
[0.250s] -- Detecting CXX compile features
[0.250s] -- Detecting CXX compile features - done
[0.252s] -- Found ament_cmake: 1.3.11 (/opt/ros/humble/share/ament_cmake/cmake)
[0.492s] -- Found Python3: /usr/bin/python3 (found version "3.10.12") found components: Interpreter 
[0.578s] -- Found rosidl_default_generators: 1.2.0 (/opt/ros/humble/share/rosidl_default_generators/cmake)
[0.587s] -- Using all available rosidl_typesupport_c: rosidl_typesupport_fastrtps_c;rosidl_typesupport_introspection_c
[0.616s] -- Found rosidl_adapter: 3.1.6 (/opt/ros/humble/share/rosidl_adapter/cmake)
[0.653s] -- Using all available rosidl_typesupport_cpp: rosidl_typesupport_fastrtps_cpp;rosidl_typesupport_introspection_cpp
[1.155s] -- Found ament_cmake_ros: 0.10.0 (/opt/ros/humble/share/ament_cmake_ros/cmake)
[1.662s] -- Using all available rosidl_typesupport_c: rosidl_typesupport_fastrtps_c;rosidl_typesupport_introspection_c
[2.175s] -- Using all available rosidl_typesupport_cpp: rosidl_typesupport_fastrtps_cpp;rosidl_typesupport_introspection_cpp
[2.182s] [33mCMake Warning (dev) at /opt/ros/humble/share/rosidl_generator_py/cmake/rosidl_generator_py_generate_interfaces.cmake:20 (find_package):
[2.182s]   Policy CMP0148 is not set: The FindPythonInterp and FindPythonLibs modules
[2.183s]   are removed.  Run "cmake --help-policy CMP0148" for policy details.  Use
[2.183s]   the cmake_policy command to set the policy and suppress this warning.
[2.183s] 
[2.183s] Call Stack (most recent call first):
[2.184s]   /opt/ros/humble/share/ament_cmake_core/cmake/core/ament_execute_extensions.cmake:48 (include)
[2.184s]   /opt/ros/humble/share/rosidl_cmake/cmake/rosidl_generate_interfaces.cmake:286 (ament_execute_extensions)
[2.184s]   CMakeLists.txt:18 (rosidl_generate_interfaces)
[2.185s] This warning is for project developers.  Use -Wno-dev to suppress it.
[2.185s] [0m
[2.214s] -- Found PythonInterp: /usr/bin/python3 (found suitable version "3.10.12", minimum required is "3.6") 
[2.215s] -- Found python_cmake_module: 0.10.0 (/opt/ros/humble/share/python_cmake_module/cmake)
[2.215s] [33mCMake Warning (dev) at /opt/ros/humble/share/python_cmake_module/cmake/Modules/FindPythonExtra.cmake:52 (find_package):
[2.215s]   Policy CMP0148 is not set: The FindPythonInterp and FindPythonLibs modules
[2.215s]   are removed.  Run "cmake --help-policy CMP0148" for policy details.  Use
[2.216s]   the cmake_policy command to set the policy and suppress this warning.
[2.216s] 
[2.216s] Call Stack (most recent call first):
[2.216s]   /opt/ros/humble/share/rosidl_generator_py/cmake/rosidl_generator_py_generate_interfaces.cmake:23 (find_package)
[2.216s]   /opt/ros/humble/share/ament_cmake_core/cmake/core/ament_execute_extensions.cmake:48 (include)
[2.216s]   /opt/ros/humble/share/rosidl_cmake/cmake/rosidl_generate_interfaces.cmake:286 (ament_execute_extensions)
[2.216s]   CMakeLists.txt:18 (rosidl_generate_interfaces)
[2.216s] This warning is for project developers.  Use -Wno-dev to suppress it.
[2.216s] [0m
[2.229s] [33mCMake Warning (dev) at /opt/ros/humble/share/python_cmake_module/cmake/Modules/FindPythonExtra.cmake:140 (find_package):
[2.229s]   Policy CMP0148 is not set: The FindPythonInterp and FindPythonLibs modules
[2.229s]   are removed.  Run "cmake --help-policy CMP0148" for policy details.  Use
[2.229s]   the cmake_policy command to set the policy and suppress this warning.
[2.229s] 
[2.229s] Call Stack (most recent call first):
[2.229s]   /opt/ros/humble/share/rosidl_generator_py/cmake/rosidl_generator_py_generate_interfaces.cmake:23 (find_package)
[2.229s]   /opt/ros/humble/share/ament_cmake_core/cmake/core/ament_execute_extensions.cmake:48 (include)
[2.229s]   /opt/ros/humble/share/rosidl_cmake/cmake/rosidl_generate_interfaces.cmake:286 (ament_execute_extensions)
[2.229s]   CMakeLists.txt:18 (rosidl_generate_interfaces)
[2.229s] This warning is for project developers.  Use -Wno-dev to suppress it.
[2.229s] [0m
[2.233s] -- Found PythonLibs: /usr/lib/x86_64-linux-gnu/libpython3.10.so (found suitable version "3.10.12", minimum required is "3.5") 
[2.233s] -- Using PYTHON_EXECUTABLE: /usr/bin/python3
[2.233s] -- Using PYTHON_INCLUDE_DIRS: /usr/include/python3.10
[2.233s] -- Using PYTHON_LIBRARIES: /usr/lib/x86_64-linux-gnu/libpython3.10.so
[2.245s] -- Found PythonExtra: .so  
[2.266s] -- Found ament_lint_auto: 0.12.12 (/opt/ros/humble/share/ament_lint_auto/cmake)
[2.309s] -- Added test 'lint_cmake' to check CMake code style
[2.312s] -- Added test 'xmllint' to check XML markup files
[2.321s] -- Configuring done (2.3s)
[2.378s] -- Generating done (0.0s)
[2.395s] -- Build files have been written to: /home/roxy/2025_ros2/KanNon0618/build/can_packet
[2.403s] Invoked command in '/home/roxy/2025_ros2/KanNon0618/build/can_packet' returned '0': CMAKE_PREFIX_PATH=/opt/ros/humble /opt/st/stm32cubeclt_1.17.0/CMake/bin/cmake /home/roxy/2025_ros2/KanNon0618/ver0/can_packet -DCMAKE_EXPORT_COMPILE_COMMANDS=ON -DCMAKE_INSTALL_PREFIX=/home/roxy/2025_ros2/KanNon0618/install/can_packet
[2.404s] Invoking command in '/home/roxy/2025_ros2/KanNon0618/build/can_packet': CMAKE_PREFIX_PATH=/opt/ros/humble /opt/st/stm32cubeclt_1.17.0/CMake/bin/cmake --build /home/roxy/2025_ros2/KanNon0618/build/can_packet -- -j16 -l16
[2.436s] [  3%] [34m[1mGenerating C code for ROS interfaces[0m
[2.446s] [  6%] [34m[1mGenerating C++ code for ROS interfaces[0m
[2.452s] [  6%] Built target ament_cmake_python_copy_can_packet
[2.799s] [  6%] Built target can_packet__cpp
[2.799s] running egg_info
[2.800s] creating can_packet.egg-info
[2.800s] writing can_packet.egg-info/PKG-INFO
[2.800s] writing dependency_links to can_packet.egg-info/dependency_links.txt
[2.800s] writing top-level names to can_packet.egg-info/top_level.txt
[2.801s] writing manifest file 'can_packet.egg-info/SOURCES.txt'
[2.803s] [  9%] [34m[1mGenerating C++ type support dispatch for ROS interfaces[0m
[2.803s] reading manifest file 'can_packet.egg-info/SOURCES.txt'
[2.803s] [ 12%] [34m[1mGenerating C++ type support for eProsima Fast-RTPS[0m
[2.803s] [ 16%] [34m[1mGenerating C++ introspection for ROS interfaces[0m
[2.803s] writing manifest file 'can_packet.egg-info/SOURCES.txt'
[2.804s] [ 19%] [32mBuilding C object CMakeFiles/can_packet__rosidl_generator_c.dir/rosidl_generator_c/can_packet/msg/detail/can_packet__functions.c.o[0m
[2.822s] [ 19%] Built target ament_cmake_python_build_can_packet_egg
[2.836s] [ 22%] [32m[1mLinking C shared library libcan_packet__rosidl_generator_c.so[0m
[2.854s] [ 22%] Built target can_packet__rosidl_generator_c
[2.857s] [ 25%] [34m[1mGenerating C type support for eProsima Fast-RTPS[0m
[2.857s] [ 29%] [34m[1mGenerating C introspection for ROS interfaces[0m
[2.857s] [ 32%] [34m[1mGenerating C type support dispatch for ROS interfaces[0m
[2.989s] [ 35%] [32mBuilding CXX object CMakeFiles/can_packet__rosidl_typesupport_cpp.dir/rosidl_typesupport_cpp/can_packet/msg/can_packet__type_support.cpp.o[0m
[2.999s] [ 38%] [32mBuilding CXX object CMakeFiles/can_packet__rosidl_typesupport_introspection_cpp.dir/rosidl_typesupport_introspection_cpp/can_packet/msg/detail/can_packet__type_support.cpp.o[0m
[3.009s] [ 41%] [32mBuilding CXX object CMakeFiles/can_packet__rosidl_typesupport_fastrtps_cpp.dir/rosidl_typesupport_fastrtps_cpp/can_packet/msg/detail/dds_fastrtps/can_packet__type_support.cpp.o[0m
[3.055s] [ 45%] [32mBuilding CXX object CMakeFiles/can_packet__rosidl_typesupport_c.dir/rosidl_typesupport_c/can_packet/msg/can_packet__type_support.cpp.o[0m
[3.073s] [ 48%] [32mBuilding CXX object CMakeFiles/can_packet__rosidl_typesupport_fastrtps_c.dir/rosidl_typesupport_fastrtps_c/can_packet/msg/detail/can_packet__type_support_c.cpp.o[0m
[3.075s] [ 51%] [32mBuilding C object CMakeFiles/can_packet__rosidl_typesupport_introspection_c.dir/rosidl_typesupport_introspection_c/can_packet/msg/detail/can_packet__type_support.c.o[0m
[3.079s] [ 54%] [32m[1mLinking CXX shared library libcan_packet__rosidl_typesupport_c.so[0m
[3.105s] [ 58%] [32m[1mLinking C shared library libcan_packet__rosidl_typesupport_introspection_c.so[0m
[3.108s] [ 58%] Built target can_packet__rosidl_typesupport_c
[3.124s] [ 58%] Built target can_packet__rosidl_typesupport_introspection_c
[3.255s] [ 61%] [32m[1mLinking CXX shared library libcan_packet__rosidl_typesupport_cpp.so[0m
[3.281s] [ 61%] Built target can_packet__rosidl_typesupport_cpp
[3.367s] [ 64%] [32m[1mLinking CXX shared library libcan_packet__rosidl_typesupport_introspection_cpp.so[0m
[3.380s] [ 67%] [32m[1mLinking CXX shared library libcan_packet__rosidl_typesupport_fastrtps_c.so[0m
[3.384s] [ 70%] [32m[1mLinking CXX shared library libcan_packet__rosidl_typesupport_fastrtps_cpp.so[0m
[3.417s] [ 70%] Built target can_packet__rosidl_typesupport_introspection_cpp
[3.430s] [ 70%] Built target can_packet__rosidl_typesupport_fastrtps_c
[3.433s] [ 70%] Built target can_packet__rosidl_typesupport_fastrtps_cpp
[3.438s] [ 70%] Built target can_packet
[3.444s] [ 74%] [34m[1mGenerating Python code for ROS interfaces[0m
[3.744s] [ 74%] Built target can_packet__py
[3.749s] [ 77%] [32mBuilding C object CMakeFiles/can_packet__rosidl_generator_py.dir/rosidl_generator_py/can_packet/msg/_can_packet_s.c.o[0m
[3.940s] [ 80%] [32m[1mLinking C shared library rosidl_generator_py/can_packet/libcan_packet__rosidl_generator_py.so[0m
[4.004s] [ 80%] Built target can_packet__rosidl_generator_py
[4.027s] [ 83%] [32mBuilding C object CMakeFiles/can_packet__rosidl_typesupport_fastrtps_c__pyext.dir/rosidl_generator_py/can_packet/_can_packet_s.ep.rosidl_typesupport_fastrtps_c.c.o[0m
[4.028s] [ 87%] [32mBuilding C object CMakeFiles/can_packet__rosidl_typesupport_c__pyext.dir/rosidl_generator_py/can_packet/_can_packet_s.ep.rosidl_typesupport_c.c.o[0m
[4.029s] [ 90%] [32mBuilding C object CMakeFiles/can_packet__rosidl_typesupport_introspection_c__pyext.dir/rosidl_generator_py/can_packet/_can_packet_s.ep.rosidl_typesupport_introspection_c.c.o[0m
[4.167s] [100%] [32m[1mLinking C shared library rosidl_generator_py/can_packet/can_packet_s__rosidl_typesupport_c.cpython-310-x86_64-linux-gnu.so[0m
[4.167s] [100%] [32m[1mLinking C shared library rosidl_generator_py/can_packet/can_packet_s__rosidl_typesupport_introspection_c.cpython-310-x86_64-linux-gnu.so[0m
[4.167s] [100%] [32m[1mLinking C shared library rosidl_generator_py/can_packet/can_packet_s__rosidl_typesupport_fastrtps_c.cpython-310-x86_64-linux-gnu.so[0m
[4.179s] [100%] Built target can_packet__rosidl_typesupport_c__pyext
[4.180s] [100%] Built target can_packet__rosidl_typesupport_introspection_c__pyext
[4.180s] [100%] Built target can_packet__rosidl_typesupport_fastrtps_c__pyext
[4.183s] Invoked command in '/home/roxy/2025_ros2/KanNon0618/build/can_packet' returned '0': CMAKE_PREFIX_PATH=/opt/ros/humble /opt/st/stm32cubeclt_1.17.0/CMake/bin/cmake --build /home/roxy/2025_ros2/KanNon0618/build/can_packet -- -j16 -l16
[4.183s] Invoking command in '/home/roxy/2025_ros2/KanNon0618/build/can_packet': CMAKE_PREFIX_PATH=/opt/ros/humble /opt/st/stm32cubeclt_1.17.0/CMake/bin/cmake --install /home/roxy/2025_ros2/KanNon0618/build/can_packet
[4.186s] -- Install configuration: ""
[4.186s] -- Installing: /home/roxy/2025_ros2/KanNon0618/install/can_packet/share/ament_index/resource_index/rosidl_interfaces/can_packet
[4.186s] -- Installing: /home/roxy/2025_ros2/KanNon0618/install/can_packet/include/can_packet/can_packet
[4.187s] -- Installing: /home/roxy/2025_ros2/KanNon0618/install/can_packet/include/can_packet/can_packet/msg
[4.187s] -- Installing: /home/roxy/2025_ros2/KanNon0618/install/can_packet/include/can_packet/can_packet/msg/detail
[4.187s] -- Installing: /home/roxy/2025_ros2/KanNon0618/install/can_packet/include/can_packet/can_packet/msg/detail/can_packet__struct.h
[4.187s] -- Installing: /home/roxy/2025_ros2/KanNon0618/install/can_packet/include/can_packet/can_packet/msg/detail/can_packet__functions.c
[4.187s] -- Installing: /home/roxy/2025_ros2/KanNon0618/install/can_packet/include/can_packet/can_packet/msg/detail/can_packet__functions.h
[4.187s] -- Installing: /home/roxy/2025_ros2/KanNon0618/install/can_packet/include/can_packet/can_packet/msg/detail/can_packet__type_support.h
[4.187s] -- Installing: /home/roxy/2025_ros2/KanNon0618/install/can_packet/include/can_packet/can_packet/msg/can_packet.h
[4.187s] -- Installing: /home/roxy/2025_ros2/KanNon0618/install/can_packet/include/can_packet/can_packet/msg/rosidl_generator_c__visibility_control.h
[4.187s] -- Installing: /home/roxy/2025_ros2/KanNon0618/install/can_packet/share/can_packet/environment/library_path.sh
[4.187s] -- Installing: /home/roxy/2025_ros2/KanNon0618/install/can_packet/share/can_packet/environment/library_path.dsv
[4.187s] -- Installing: /home/roxy/2025_ros2/KanNon0618/install/can_packet/lib/libcan_packet__rosidl_generator_c.so
[4.187s] -- Set non-toolchain portion of runtime path of "/home/roxy/2025_ros2/KanNon0618/install/can_packet/lib/libcan_packet__rosidl_generator_c.so" to ""
[4.187s] -- Up-to-date: /home/roxy/2025_ros2/KanNon0618/install/can_packet/include/can_packet/can_packet
[4.187s] -- Up-to-date: /home/roxy/2025_ros2/KanNon0618/install/can_packet/include/can_packet/can_packet/msg
[4.187s] -- Installing: /home/roxy/2025_ros2/KanNon0618/install/can_packet/include/can_packet/can_packet/msg/rosidl_typesupport_fastrtps_c__visibility_control.h
[4.187s] -- Up-to-date: /home/roxy/2025_ros2/KanNon0618/install/can_packet/include/can_packet/can_packet/msg/detail
[4.187s] -- Installing: /home/roxy/2025_ros2/KanNon0618/install/can_packet/include/can_packet/can_packet/msg/detail/can_packet__rosidl_typesupport_fastrtps_c.h
[4.188s] -- Installing: /home/roxy/2025_ros2/KanNon0618/install/can_packet/lib/libcan_packet__rosidl_typesupport_fastrtps_c.so
[4.188s] -- Set non-toolchain portion of runtime path of "/home/roxy/2025_ros2/KanNon0618/install/can_packet/lib/libcan_packet__rosidl_typesupport_fastrtps_c.so" to ""
[4.188s] -- Up-to-date: /home/roxy/2025_ros2/KanNon0618/install/can_packet/include/can_packet/can_packet
[4.188s] -- Up-to-date: /home/roxy/2025_ros2/KanNon0618/install/can_packet/include/can_packet/can_packet/msg
[4.188s] -- Installing: /home/roxy/2025_ros2/KanNon0618/install/can_packet/include/can_packet/can_packet/msg/rosidl_typesupport_introspection_c__visibility_control.h
[4.188s] -- Up-to-date: /home/roxy/2025_ros2/KanNon0618/install/can_packet/include/can_packet/can_packet/msg/detail
[4.188s] -- Installing: /home/roxy/2025_ros2/KanNon0618/install/can_packet/include/can_packet/can_packet/msg/detail/can_packet__rosidl_typesupport_introspection_c.h
[4.188s] -- Installing: /home/roxy/2025_ros2/KanNon0618/install/can_packet/include/can_packet/can_packet/msg/detail/can_packet__type_support.c
[4.188s] -- Installing: /home/roxy/2025_ros2/KanNon0618/install/can_packet/lib/libcan_packet__rosidl_typesupport_introspection_c.so
[4.188s] -- Set non-toolchain portion of runtime path of "/home/roxy/2025_ros2/KanNon0618/install/can_packet/lib/libcan_packet__rosidl_typesupport_introspection_c.so" to ""
[4.188s] -- Installing: /home/roxy/2025_ros2/KanNon0618/install/can_packet/lib/libcan_packet__rosidl_typesupport_c.so
[4.188s] -- Set non-toolchain portion of runtime path of "/home/roxy/2025_ros2/KanNon0618/install/can_packet/lib/libcan_packet__rosidl_typesupport_c.so" to ""
[4.188s] -- Up-to-date: /home/roxy/2025_ros2/KanNon0618/install/can_packet/include/can_packet/can_packet
[4.188s] -- Up-to-date: /home/roxy/2025_ros2/KanNon0618/install/can_packet/include/can_packet/can_packet/msg
[4.188s] -- Installing: /home/roxy/2025_ros2/KanNon0618/install/can_packet/include/can_packet/can_packet/msg/can_packet.hpp
[4.188s] -- Installing: /home/roxy/2025_ros2/KanNon0618/install/can_packet/include/can_packet/can_packet/msg/rosidl_generator_cpp__visibility_control.hpp
[4.188s] -- Up-to-date: /home/roxy/2025_ros2/KanNon0618/install/can_packet/include/can_packet/can_packet/msg/detail
[4.189s] -- Installing: /home/roxy/2025_ros2/KanNon0618/install/can_packet/include/can_packet/can_packet/msg/detail/can_packet__type_support.hpp
[4.189s] -- Installing: /home/roxy/2025_ros2/KanNon0618/install/can_packet/include/can_packet/can_packet/msg/detail/can_packet__builder.hpp
[4.189s] -- Installing: /home/roxy/2025_ros2/KanNon0618/install/can_packet/include/can_packet/can_packet/msg/detail/can_packet__struct.hpp
[4.189s] -- Installing: /home/roxy/2025_ros2/KanNon0618/install/can_packet/include/can_packet/can_packet/msg/detail/can_packet__traits.hpp
[4.189s] -- Up-to-date: /home/roxy/2025_ros2/KanNon0618/install/can_packet/include/can_packet/can_packet
[4.189s] -- Up-to-date: /home/roxy/2025_ros2/KanNon0618/install/can_packet/include/can_packet/can_packet/msg
[4.189s] -- Installing: /home/roxy/2025_ros2/KanNon0618/install/can_packet/include/can_packet/can_packet/msg/rosidl_typesupport_fastrtps_cpp__visibility_control.h
[4.189s] -- Up-to-date: /home/roxy/2025_ros2/KanNon0618/install/can_packet/include/can_packet/can_packet/msg/detail
[4.189s] -- Installing: /home/roxy/2025_ros2/KanNon0618/install/can_packet/include/can_packet/can_packet/msg/detail/dds_fastrtps
[4.189s] -- Installing: /home/roxy/2025_ros2/KanNon0618/install/can_packet/include/can_packet/can_packet/msg/detail/can_packet__rosidl_typesupport_fastrtps_cpp.hpp
[4.189s] -- Installing: /home/roxy/2025_ros2/KanNon0618/install/can_packet/lib/libcan_packet__rosidl_typesupport_fastrtps_cpp.so
[4.189s] -- Set non-toolchain portion of runtime path of "/home/roxy/2025_ros2/KanNon0618/install/can_packet/lib/libcan_packet__rosidl_typesupport_fastrtps_cpp.so" to ""
[4.189s] -- Up-to-date: /home/roxy/2025_ros2/KanNon0618/install/can_packet/include/can_packet/can_packet
[4.189s] -- Up-to-date: /home/roxy/2025_ros2/KanNon0618/install/can_packet/include/can_packet/can_packet/msg
[4.189s] -- Up-to-date: /home/roxy/2025_ros2/KanNon0618/install/can_packet/include/can_packet/can_packet/msg/detail
[4.189s] -- Installing: /home/roxy/2025_ros2/KanNon0618/install/can_packet/include/can_packet/can_packet/msg/detail/can_packet__type_support.cpp
[4.189s] -- Installing: /home/roxy/2025_ros2/KanNon0618/install/can_packet/include/can_packet/can_packet/msg/detail/can_packet__rosidl_typesupport_introspection_cpp.hpp
[4.189s] -- Installing: /home/roxy/2025_ros2/KanNon0618/install/can_packet/lib/libcan_packet__rosidl_typesupport_introspection_cpp.so
[4.189s] -- Set non-toolchain portion of runtime path of "/home/roxy/2025_ros2/KanNon0618/install/can_packet/lib/libcan_packet__rosidl_typesupport_introspection_cpp.so" to ""
[4.189s] -- Installing: /home/roxy/2025_ros2/KanNon0618/install/can_packet/lib/libcan_packet__rosidl_typesupport_cpp.so
[4.190s] -- Set non-toolchain portion of runtime path of "/home/roxy/2025_ros2/KanNon0618/install/can_packet/lib/libcan_packet__rosidl_typesupport_cpp.so" to ""
[4.190s] -- Installing: /home/roxy/2025_ros2/KanNon0618/install/can_packet/share/can_packet/environment/pythonpath.sh
[4.190s] -- Installing: /home/roxy/2025_ros2/KanNon0618/install/can_packet/share/can_packet/environment/pythonpath.dsv
[4.190s] -- Installing: /home/roxy/2025_ros2/KanNon0618/install/can_packet/local/lib/python3.10/dist-packages/can_packet-0.0.0-py3.10.egg-info
[4.190s] -- Installing: /home/roxy/2025_ros2/KanNon0618/install/can_packet/local/lib/python3.10/dist-packages/can_packet-0.0.0-py3.10.egg-info/dependency_links.txt
[4.190s] -- Installing: /home/roxy/2025_ros2/KanNon0618/install/can_packet/local/lib/python3.10/dist-packages/can_packet-0.0.0-py3.10.egg-info/top_level.txt
[4.190s] -- Installing: /home/roxy/2025_ros2/KanNon0618/install/can_packet/local/lib/python3.10/dist-packages/can_packet-0.0.0-py3.10.egg-info/SOURCES.txt
[4.190s] -- Installing: /home/roxy/2025_ros2/KanNon0618/install/can_packet/local/lib/python3.10/dist-packages/can_packet-0.0.0-py3.10.egg-info/PKG-INFO
[4.190s] -- Installing: /home/roxy/2025_ros2/KanNon0618/install/can_packet/local/lib/python3.10/dist-packages/can_packet
[4.190s] -- Installing: /home/roxy/2025_ros2/KanNon0618/install/can_packet/local/lib/python3.10/dist-packages/can_packet/can_packet_s__rosidl_typesupport_c.cpython-310-x86_64-linux-gnu.so
[4.190s] -- Installing: /home/roxy/2025_ros2/KanNon0618/install/can_packet/local/lib/python3.10/dist-packages/can_packet/libcan_packet__rosidl_generator_py.so
[4.190s] -- Installing: /home/roxy/2025_ros2/KanNon0618/install/can_packet/local/lib/python3.10/dist-packages/can_packet/_can_packet_s.ep.rosidl_typesupport_fastrtps_c.c
[4.190s] -- Installing: /home/roxy/2025_ros2/KanNon0618/install/can_packet/local/lib/python3.10/dist-packages/can_packet/_can_packet_s.ep.rosidl_typesupport_introspection_c.c
[4.190s] -- Installing: /home/roxy/2025_ros2/KanNon0618/install/can_packet/local/lib/python3.10/dist-packages/can_packet/msg
[4.190s] -- Installing: /home/roxy/2025_ros2/KanNon0618/install/can_packet/local/lib/python3.10/dist-packages/can_packet/msg/_can_packet.py
[4.190s] -- Installing: /home/roxy/2025_ros2/KanNon0618/install/can_packet/local/lib/python3.10/dist-packages/can_packet/msg/_can_packet_s.c
[4.190s] -- Installing: /home/roxy/2025_ros2/KanNon0618/install/can_packet/local/lib/python3.10/dist-packages/can_packet/msg/__init__.py
[4.190s] -- Installing: /home/roxy/2025_ros2/KanNon0618/install/can_packet/local/lib/python3.10/dist-packages/can_packet/can_packet_s__rosidl_typesupport_introspection_c.cpython-310-x86_64-linux-gnu.so
[4.190s] -- Installing: /home/roxy/2025_ros2/KanNon0618/install/can_packet/local/lib/python3.10/dist-packages/can_packet/_can_packet_s.ep.rosidl_typesupport_c.c
[4.191s] -- Installing: /home/roxy/2025_ros2/KanNon0618/install/can_packet/local/lib/python3.10/dist-packages/can_packet/__init__.py
[4.191s] -- Installing: /home/roxy/2025_ros2/KanNon0618/install/can_packet/local/lib/python3.10/dist-packages/can_packet/can_packet_s__rosidl_typesupport_fastrtps_c.cpython-310-x86_64-linux-gnu.so
[4.211s] Listing '/home/roxy/2025_ros2/KanNon0618/install/can_packet/local/lib/python3.10/dist-packages/can_packet'...
[4.211s] Compiling '/home/roxy/2025_ros2/KanNon0618/install/can_packet/local/lib/python3.10/dist-packages/can_packet/__init__.py'...
[4.211s] Listing '/home/roxy/2025_ros2/KanNon0618/install/can_packet/local/lib/python3.10/dist-packages/can_packet/msg'...
[4.211s] Compiling '/home/roxy/2025_ros2/KanNon0618/install/can_packet/local/lib/python3.10/dist-packages/can_packet/msg/__init__.py'...
[4.211s] Compiling '/home/roxy/2025_ros2/KanNon0618/install/can_packet/local/lib/python3.10/dist-packages/can_packet/msg/_can_packet.py'...
[4.214s] -- Installing: /home/roxy/2025_ros2/KanNon0618/install/can_packet/local/lib/python3.10/dist-packages/can_packet/can_packet_s__rosidl_typesupport_fastrtps_c.cpython-310-x86_64-linux-gnu.so
[4.214s] -- Set non-toolchain portion of runtime path of "/home/roxy/2025_ros2/KanNon0618/install/can_packet/local/lib/python3.10/dist-packages/can_packet/can_packet_s__rosidl_typesupport_fastrtps_c.cpython-310-x86_64-linux-gnu.so" to ""
[4.214s] -- Installing: /home/roxy/2025_ros2/KanNon0618/install/can_packet/local/lib/python3.10/dist-packages/can_packet/can_packet_s__rosidl_typesupport_introspection_c.cpython-310-x86_64-linux-gnu.so
[4.214s] -- Set non-toolchain portion of runtime path of "/home/roxy/2025_ros2/KanNon0618/install/can_packet/local/lib/python3.10/dist-packages/can_packet/can_packet_s__rosidl_typesupport_introspection_c.cpython-310-x86_64-linux-gnu.so" to ""
[4.214s] -- Installing: /home/roxy/2025_ros2/KanNon0618/install/can_packet/local/lib/python3.10/dist-packages/can_packet/can_packet_s__rosidl_typesupport_c.cpython-310-x86_64-linux-gnu.so
[4.215s] -- Set non-toolchain portion of runtime path of "/home/roxy/2025_ros2/KanNon0618/install/can_packet/local/lib/python3.10/dist-packages/can_packet/can_packet_s__rosidl_typesupport_c.cpython-310-x86_64-linux-gnu.so" to ""
[4.215s] -- Installing: /home/roxy/2025_ros2/KanNon0618/install/can_packet/lib/libcan_packet__rosidl_generator_py.so
[4.215s] -- Set non-toolchain portion of runtime path of "/home/roxy/2025_ros2/KanNon0618/install/can_packet/lib/libcan_packet__rosidl_generator_py.so" to ""
[4.215s] -- Installing: /home/roxy/2025_ros2/KanNon0618/install/can_packet/share/can_packet/msg/CanPacket.idl
[4.215s] -- Installing: /home/roxy/2025_ros2/KanNon0618/install/can_packet/share/can_packet/msg/CanPacket.msg
[4.215s] -- Installing: /home/roxy/2025_ros2/KanNon0618/install/can_packet/share/ament_index/resource_index/package_run_dependencies/can_packet
[4.215s] -- Installing: /home/roxy/2025_ros2/KanNon0618/install/can_packet/share/ament_index/resource_index/parent_prefix_path/can_packet
[4.215s] -- Installing: /home/roxy/2025_ros2/KanNon0618/install/can_packet/share/can_packet/environment/ament_prefix_path.sh
[4.215s] -- Installing: /home/roxy/2025_ros2/KanNon0618/install/can_packet/share/can_packet/environment/ament_prefix_path.dsv
[4.215s] -- Installing: /home/roxy/2025_ros2/KanNon0618/install/can_packet/share/can_packet/environment/path.sh
[4.215s] -- Installing: /home/roxy/2025_ros2/KanNon0618/install/can_packet/share/can_packet/environment/path.dsv
[4.215s] -- Installing: /home/roxy/2025_ros2/KanNon0618/install/can_packet/share/can_packet/local_setup.bash
[4.215s] -- Installing: /home/roxy/2025_ros2/KanNon0618/install/can_packet/share/can_packet/local_setup.sh
[4.215s] -- Installing: /home/roxy/2025_ros2/KanNon0618/install/can_packet/share/can_packet/local_setup.zsh
[4.215s] -- Installing: /home/roxy/2025_ros2/KanNon0618/install/can_packet/share/can_packet/local_setup.dsv
[4.216s] -- Installing: /home/roxy/2025_ros2/KanNon0618/install/can_packet/share/can_packet/package.dsv
[4.216s] -- Installing: /home/roxy/2025_ros2/KanNon0618/install/can_packet/share/ament_index/resource_index/packages/can_packet
[4.216s] -- Installing: /home/roxy/2025_ros2/KanNon0618/install/can_packet/share/can_packet/cmake/export_can_packet__rosidl_generator_cExport.cmake
[4.216s] -- Installing: /home/roxy/2025_ros2/KanNon0618/install/can_packet/share/can_packet/cmake/export_can_packet__rosidl_generator_cExport-noconfig.cmake
[4.216s] -- Installing: /home/roxy/2025_ros2/KanNon0618/install/can_packet/share/can_packet/cmake/export_can_packet__rosidl_typesupport_fastrtps_cExport.cmake
[4.216s] -- Installing: /home/roxy/2025_ros2/KanNon0618/install/can_packet/share/can_packet/cmake/export_can_packet__rosidl_typesupport_fastrtps_cExport-noconfig.cmake
[4.216s] -- Installing: /home/roxy/2025_ros2/KanNon0618/install/can_packet/share/can_packet/cmake/can_packet__rosidl_typesupport_introspection_cExport.cmake
[4.216s] -- Installing: /home/roxy/2025_ros2/KanNon0618/install/can_packet/share/can_packet/cmake/can_packet__rosidl_typesupport_introspection_cExport-noconfig.cmake
[4.216s] -- Installing: /home/roxy/2025_ros2/KanNon0618/install/can_packet/share/can_packet/cmake/can_packet__rosidl_typesupport_cExport.cmake
[4.216s] -- Installing: /home/roxy/2025_ros2/KanNon0618/install/can_packet/share/can_packet/cmake/can_packet__rosidl_typesupport_cExport-noconfig.cmake
[4.216s] -- Installing: /home/roxy/2025_ros2/KanNon0618/install/can_packet/share/can_packet/cmake/export_can_packet__rosidl_generator_cppExport.cmake
[4.217s] -- Installing: /home/roxy/2025_ros2/KanNon0618/install/can_packet/share/can_packet/cmake/export_can_packet__rosidl_typesupport_fastrtps_cppExport.cmake
[4.217s] -- Installing: /home/roxy/2025_ros2/KanNon0618/install/can_packet/share/can_packet/cmake/export_can_packet__rosidl_typesupport_fastrtps_cppExport-noconfig.cmake
[4.217s] -- Installing: /home/roxy/2025_ros2/KanNon0618/install/can_packet/share/can_packet/cmake/can_packet__rosidl_typesupport_introspection_cppExport.cmake
[4.217s] -- Installing: /home/roxy/2025_ros2/KanNon0618/install/can_packet/share/can_packet/cmake/can_packet__rosidl_typesupport_introspection_cppExport-noconfig.cmake
[4.217s] -- Installing: /home/roxy/2025_ros2/KanNon0618/install/can_packet/share/can_packet/cmake/can_packet__rosidl_typesupport_cppExport.cmake
[4.217s] -- Installing: /home/roxy/2025_ros2/KanNon0618/install/can_packet/share/can_packet/cmake/can_packet__rosidl_typesupport_cppExport-noconfig.cmake
[4.217s] -- Installing: /home/roxy/2025_ros2/KanNon0618/install/can_packet/share/can_packet/cmake/export_can_packet__rosidl_generator_pyExport.cmake
[4.217s] -- Installing: /home/roxy/2025_ros2/KanNon0618/install/can_packet/share/can_packet/cmake/export_can_packet__rosidl_generator_pyExport-noconfig.cmake
[4.217s] -- Installing: /home/roxy/2025_ros2/KanNon0618/install/can_packet/share/can_packet/cmake/rosidl_cmake-extras.cmake
[4.217s] -- Installing: /home/roxy/2025_ros2/KanNon0618/install/can_packet/share/can_packet/cmake/ament_cmake_export_include_directories-extras.cmake
[4.217s] -- Installing: /home/roxy/2025_ros2/KanNon0618/install/can_packet/share/can_packet/cmake/ament_cmake_export_libraries-extras.cmake
[4.217s] -- Installing: /home/roxy/2025_ros2/KanNon0618/install/can_packet/share/can_packet/cmake/ament_cmake_export_targets-extras.cmake
[4.217s] -- Installing: /home/roxy/2025_ros2/KanNon0618/install/can_packet/share/can_packet/cmake/rosidl_cmake_export_typesupport_targets-extras.cmake
[4.217s] -- Installing: /home/roxy/2025_ros2/KanNon0618/install/can_packet/share/can_packet/cmake/ament_cmake_export_dependencies-extras.cmake
[4.217s] -- Installing: /home/roxy/2025_ros2/KanNon0618/install/can_packet/share/can_packet/cmake/rosidl_cmake_export_typesupport_libraries-extras.cmake
[4.217s] -- Installing: /home/roxy/2025_ros2/KanNon0618/install/can_packet/share/can_packet/cmake/can_packetConfig.cmake
[4.217s] -- Installing: /home/roxy/2025_ros2/KanNon0618/install/can_packet/share/can_packet/cmake/can_packetConfig-version.cmake
[4.218s] -- Installing: /home/roxy/2025_ros2/KanNon0618/install/can_packet/share/can_packet/package.xml
[4.219s] Invoked command in '/home/roxy/2025_ros2/KanNon0618/build/can_packet' returned '0': CMAKE_PREFIX_PATH=/opt/ros/humble /opt/st/stm32cubeclt_1.17.0/CMake/bin/cmake --install /home/roxy/2025_ros2/KanNon0618/build/can_packet
