[0.015s] Invoking command in '/home/roxy/2025_ros2/KanNon0618/build/my_cpp_package': CMAKE_PREFIX_PATH=/home/roxy/2025_ros2/KanNon0618/install/can_packet:/home/roxy/2025_ros2/KanNon0618/install/my_cpp_package:/home/roxy/2025_ros2/KanNon0618/install/launcher:/home/roxy/2025_ros2/KanNon0618/install/can_converter:/home/roxy/2025_ros2/KanNon0618/install/pid_tuner:/opt/ros/humble /opt/st/stm32cubeclt_1.17.0/CMake/bin/cmake --build /home/roxy/2025_ros2/KanNon0618/build/my_cpp_package -- -j16 -l16
[0.322s] Invoked command in '/home/roxy/2025_ros2/KanNon0618/build/my_cpp_package' returned '0': CMAKE_PREFIX_PATH=/home/roxy/2025_ros2/KanNon0618/install/can_packet:/home/roxy/2025_ros2/KanNon0618/install/my_cpp_package:/home/roxy/2025_ros2/KanNon0618/install/launcher:/home/roxy/2025_ros2/KanNon0618/install/can_converter:/home/roxy/2025_ros2/KanNon0618/install/pid_tuner:/opt/ros/humble /opt/st/stm32cubeclt_1.17.0/CMake/bin/cmake --build /home/roxy/2025_ros2/KanNon0618/build/my_cpp_package -- -j16 -l16
[0.328s] Invoking command in '/home/roxy/2025_ros2/KanNon0618/build/my_cpp_package': CMAKE_PREFIX_PATH=/home/roxy/2025_ros2/KanNon0618/install/can_packet:/home/roxy/2025_ros2/KanNon0618/install/my_cpp_package:/home/roxy/2025_ros2/KanNon0618/install/launcher:/home/roxy/2025_ros2/KanNon0618/install/can_converter:/home/roxy/2025_ros2/KanNon0618/install/pid_tuner:/opt/ros/humble /opt/st/stm32cubeclt_1.17.0/CMake/bin/cmake --install /home/roxy/2025_ros2/KanNon0618/build/my_cpp_package
[0.332s] -- Install configuration: ""
[0.332s] -- Up-to-date: /home/roxy/2025_ros2/KanNon0618/install/my_cpp_package/share/my_cpp_package/
[0.332s] -- Up-to-date: /home/roxy/2025_ros2/KanNon0618/install/my_cpp_package/lib/my_cpp_package/udptotopic.py
[0.332s] -- Up-to-date: /home/roxy/2025_ros2/KanNon0618/install/my_cpp_package/share/ament_index/resource_index/package_run_dependencies/my_cpp_package
[0.341s] -- Up-to-date: /home/roxy/2025_ros2/KanNon0618/install/my_cpp_package/share/ament_index/resource_index/parent_prefix_path/my_cpp_package
[0.341s] -- Up-to-date: /home/roxy/2025_ros2/KanNon0618/install/my_cpp_package/share/my_cpp_package/environment/ament_prefix_path.sh
[0.341s] -- Up-to-date: /home/roxy/2025_ros2/KanNon0618/install/my_cpp_package/share/my_cpp_package/environment/ament_prefix_path.dsv
[0.341s] -- Up-to-date: /home/roxy/2025_ros2/KanNon0618/install/my_cpp_package/share/my_cpp_package/environment/path.sh
[0.342s] -- Up-to-date: /home/roxy/2025_ros2/KanNon0618/install/my_cpp_package/share/my_cpp_package/environment/path.dsv
[0.342s] -- Up-to-date: /home/roxy/2025_ros2/KanNon0618/install/my_cpp_package/share/my_cpp_package/local_setup.bash
[0.342s] -- Up-to-date: /home/roxy/2025_ros2/KanNon0618/install/my_cpp_package/share/my_cpp_package/local_setup.sh
[0.342s] -- Up-to-date: /home/roxy/2025_ros2/KanNon0618/install/my_cpp_package/share/my_cpp_package/local_setup.zsh
[0.342s] -- Up-to-date: /home/roxy/2025_ros2/KanNon0618/install/my_cpp_package/share/my_cpp_package/local_setup.dsv
[0.342s] -- Installing: /home/roxy/2025_ros2/KanNon0618/install/my_cpp_package/share/my_cpp_package/package.dsv
[0.342s] -- Up-to-date: /home/roxy/2025_ros2/KanNon0618/install/my_cpp_package/share/ament_index/resource_index/packages/my_cpp_package
[0.342s] -- Up-to-date: /home/roxy/2025_ros2/KanNon0618/install/my_cpp_package/share/my_cpp_package/cmake/my_cpp_packageConfig.cmake
[0.343s] -- Up-to-date: /home/roxy/2025_ros2/KanNon0618/install/my_cpp_package/share/my_cpp_package/cmake/my_cpp_packageConfig-version.cmake
[0.343s] -- Up-to-date: /home/roxy/2025_ros2/KanNon0618/install/my_cpp_package/share/my_cpp_package/package.xml
[0.345s] Invoked command in '/home/roxy/2025_ros2/KanNon0618/build/my_cpp_package' returned '0': CMAKE_PREFIX_PATH=/home/roxy/2025_ros2/KanNon0618/install/can_packet:/home/roxy/2025_ros2/KanNon0618/install/my_cpp_package:/home/roxy/2025_ros2/KanNon0618/install/launcher:/home/roxy/2025_ros2/KanNon0618/install/can_converter:/home/roxy/2025_ros2/KanNon0618/install/pid_tuner:/opt/ros/humble /opt/st/stm32cubeclt_1.17.0/CMake/bin/cmake --install /home/roxy/2025_ros2/KanNon0618/build/my_cpp_package
