-- The C compiler identification is GNU 11.4.0
-- The CXX compiler identification is GNU 11.4.0
-- Detecting C compiler ABI info
-- Detecting C compiler ABI info - done
-- Check for working C compiler: /usr/bin/cc - skipped
-- Detecting C compile features
-- Detecting C compile features - done
-- Detecting CXX compiler ABI info
-- Detecting CXX compiler ABI info - done
-- Check for working CXX compiler: /usr/bin/c++ - skipped
-- Detecting CXX compile features
-- Detecting CXX compile features - done
-- Found ament_cmake: 1.3.11 (/opt/ros/humble/share/ament_cmake/cmake)
-- Found Python3: /usr/bin/python3 (found version "3.10.12") found components: Interpreter 
-- Found rclcpp: 16.0.12 (/opt/ros/humble/share/rclcpp/cmake)
-- Found rosidl_generator_c: 3.1.6 (/opt/ros/humble/share/rosidl_generator_c/cmake)
-- Found rosidl_adapter: 3.1.6 (/opt/ros/humble/share/rosidl_adapter/cmake)
-- Found rosidl_generator_cpp: 3.1.6 (/opt/ros/humble/share/rosidl_generator_cpp/cmake)
-- Using all available rosidl_typesupport_c: rosidl_typesupport_fastrtps_c;rosidl_typesupport_introspection_c
-- Using all available rosidl_typesupport_cpp: rosidl_typesupport_fastrtps_cpp;rosidl_typesupport_introspection_cpp
-- Found rmw_implementation_cmake: 6.1.2 (/opt/ros/humble/share/rmw_implementation_cmake/cmake)
-- Found rmw_fastrtps_cpp: 6.2.7 (/opt/ros/humble/share/rmw_fastrtps_cpp/cmake)
-- Found OpenSSL: /usr/lib/x86_64-linux-gnu/libcrypto.so (found version "3.0.2")  
-- Found FastRTPS: /opt/ros/humble/include  
-- Using RMW implementation 'rmw_fastrtps_cpp' as default
-- Performing Test CMAKE_HAVE_LIBC_PTHREAD
-- Performing Test CMAKE_HAVE_LIBC_PTHREAD - Success
-- Found Threads: TRUE  
-- Found can_packet: 0.0.0 (/home/roxy/2025_ros2/KanNon0618/install/can_packet/share/can_packet/cmake)
-- Found ament_lint_auto: 0.12.12 (/opt/ros/humble/share/ament_lint_auto/cmake)
-- Added test 'cppcheck' to perform static code analysis on C / C++ code
-- Configured cppcheck include dirs: /home/roxy/2025_ros2/KanNon0618/ver0/can_converter/include
-- Configured cppcheck exclude dirs and/or files: 
-- Added test 'lint_cmake' to check CMake code style
-- Added test 'uncrustify' to check C / C++ code style
-- Configured uncrustify additional arguments: 
-- Added test 'xmllint' to check XML markup files
-- Configuring done (1.1s)
-- Generating done (0.0s)
-- Build files have been written to: /home/roxy/2025_ros2/KanNon0618/build/can_converter
[ 25%] [32mBuilding CXX object CMakeFiles/sub_to_can_node.dir/src/sub_to_can.cpp.o[0m
[ 50%] [32mBuilding CXX object CMakeFiles/can_to_pub_node.dir/src/can_to_pub.cpp.o[0m
[01m[K/home/roxy/2025_ros2/KanNon0618/ver0/can_converter/src/can_to_pub.cpp:[m[K In member function ‘[01m[Kvoid can_to_pub::receive_fn()[m[K’:
[01m[K/home/roxy/2025_ros2/KanNon0618/ver0/can_converter/src/can_to_pub.cpp:42:37:[m[K [01;35m[Kwarning: [m[Kcomparison of integer expressions of different signedness: ‘[01m[Ksize_t[m[K’ {aka ‘[01m[Klong unsigned int[m[K’} and ‘[01m[Kssize_t[m[K’ {aka ‘[01m[Klong int[m[K’} [[01;35m[K]8;;https://gcc.gnu.org/onlinedocs/gcc/Warning-Options.html#index-Wsign-compare-Wsign-compare]8;;[m[K]
   42 |                 for(size_t i = 0; [01;35m[Ki < n[m[K; i++){
      |                                   [01;35m[K~~^~~[m[K
[01m[K/home/roxy/2025_ros2/KanNon0618/ver0/can_converter/src/sub_to_can.cpp:[m[K In constructor ‘[01m[Ksub_to_can::sub_to_can(const char*, uint16_t)[m[K’:
[01m[K/home/roxy/2025_ros2/KanNon0618/ver0/can_converter/src/sub_to_can.cpp:70:25:[m[K [01;35m[Kwarning: [m[Kunused variable ‘[01m[Kerr[m[K’ [[01;35m[K]8;;https://gcc.gnu.org/onlinedocs/gcc/Warning-Options.html#index-Wunused-variable-Wunused-variable]8;;[m[K]
   70 |                 ssize_t [01;35m[Kerr[m[K = sendto(sock, tx_data, 68, 0, reinterpret_cast<sockaddr*>(&stm_addr), sizeof(stm_addr));
      |                         [01;35m[K^~~[m[K
[ 75%] [32m[1mLinking CXX executable can_to_pub_node[0m
[ 75%] Built target can_to_pub_node
[100%] [32m[1mLinking CXX executable sub_to_can_node[0m
[100%] Built target sub_to_can_node
-- Install configuration: ""
-- Installing: /home/roxy/2025_ros2/KanNon0618/install/can_converter/lib/can_converter/sub_to_can_node
-- Set non-toolchain portion of runtime path of "/home/roxy/2025_ros2/KanNon0618/install/can_converter/lib/can_converter/sub_to_can_node" to ""
-- Installing: /home/roxy/2025_ros2/KanNon0618/install/can_converter/lib/can_converter/can_to_pub_node
-- Set non-toolchain portion of runtime path of "/home/roxy/2025_ros2/KanNon0618/install/can_converter/lib/can_converter/can_to_pub_node" to ""
-- Installing: /home/roxy/2025_ros2/KanNon0618/install/can_converter/share/ament_index/resource_index/package_run_dependencies/can_converter
-- Installing: /home/roxy/2025_ros2/KanNon0618/install/can_converter/share/ament_index/resource_index/parent_prefix_path/can_converter
-- Installing: /home/roxy/2025_ros2/KanNon0618/install/can_converter/share/can_converter/environment/ament_prefix_path.sh
-- Installing: /home/roxy/2025_ros2/KanNon0618/install/can_converter/share/can_converter/environment/ament_prefix_path.dsv
-- Installing: /home/roxy/2025_ros2/KanNon0618/install/can_converter/share/can_converter/environment/path.sh
-- Installing: /home/roxy/2025_ros2/KanNon0618/install/can_converter/share/can_converter/environment/path.dsv
-- Installing: /home/roxy/2025_ros2/KanNon0618/install/can_converter/share/can_converter/local_setup.bash
-- Installing: /home/roxy/2025_ros2/KanNon0618/install/can_converter/share/can_converter/local_setup.sh
-- Installing: /home/roxy/2025_ros2/KanNon0618/install/can_converter/share/can_converter/local_setup.zsh
-- Installing: /home/roxy/2025_ros2/KanNon0618/install/can_converter/share/can_converter/local_setup.dsv
-- Installing: /home/roxy/2025_ros2/KanNon0618/install/can_converter/share/can_converter/package.dsv
-- Installing: /home/roxy/2025_ros2/KanNon0618/install/can_converter/share/ament_index/resource_index/packages/can_converter
-- Installing: /home/roxy/2025_ros2/KanNon0618/install/can_converter/share/can_converter/cmake/can_converterConfig.cmake
-- Installing: /home/roxy/2025_ros2/KanNon0618/install/can_converter/share/can_converter/cmake/can_converterConfig-version.cmake
-- Installing: /home/roxy/2025_ros2/KanNon0618/install/can_converter/share/can_converter/package.xml
