[0.009s] Invoking command in '/home/roxy/2025_ros2/KanNon0618/build/launcher': CMAKE_PREFIX_PATH=/opt/ros/humble /opt/st/stm32cubeclt_1.17.0/CMake/bin/cmake --build /home/roxy/2025_ros2/KanNon0618/build/launcher -- -j16 -l16
[0.022s] Invoked command in '/home/roxy/2025_ros2/KanNon0618/build/launcher' returned '0': CMAKE_PREFIX_PATH=/opt/ros/humble /opt/st/stm32cubeclt_1.17.0/CMake/bin/cmake --build /home/roxy/2025_ros2/KanNon0618/build/launcher -- -j16 -l16
[0.027s] Invoking command in '/home/roxy/2025_ros2/KanNon0618/build/launcher': CMAKE_PREFIX_PATH=/opt/ros/humble /opt/st/stm32cubeclt_1.17.0/CMake/bin/cmake --install /home/roxy/2025_ros2/KanNon0618/build/launcher
[0.031s] -- Install configuration: ""
[0.031s] -- Up-to-date: /home/roxy/2025_ros2/KanNon0618/install/launcher/share/launcher//launch
[0.031s] -- Up-to-date: /home/roxy/2025_ros2/KanNon0618/install/launcher/share/launcher//launch/all_nodes_launcher.py
[0.031s] -- Up-to-date: /home/roxy/2025_ros2/KanNon0618/install/launcher/share/ament_index/resource_index/package_run_dependencies/launcher
[0.031s] -- Up-to-date: /home/roxy/2025_ros2/KanNon0618/install/launcher/share/ament_index/resource_index/parent_prefix_path/launcher
[0.031s] -- Up-to-date: /home/roxy/2025_ros2/KanNon0618/install/launcher/share/launcher/environment/ament_prefix_path.sh
[0.031s] -- Up-to-date: /home/roxy/2025_ros2/KanNon0618/install/launcher/share/launcher/environment/ament_prefix_path.dsv
[0.031s] -- Up-to-date: /home/roxy/2025_ros2/KanNon0618/install/launcher/share/launcher/environment/path.sh
[0.031s] -- Up-to-date: /home/roxy/2025_ros2/KanNon0618/install/launcher/share/launcher/environment/path.dsv
[0.031s] -- Up-to-date: /home/roxy/2025_ros2/KanNon0618/install/launcher/share/launcher/local_setup.bash
[0.031s] -- Up-to-date: /home/roxy/2025_ros2/KanNon0618/install/launcher/share/launcher/local_setup.sh
[0.032s] -- Up-to-date: /home/roxy/2025_ros2/KanNon0618/install/launcher/share/launcher/local_setup.zsh
[0.032s] -- Up-to-date: /home/roxy/2025_ros2/KanNon0618/install/launcher/share/launcher/local_setup.dsv
[0.034s] -- Installing: /home/roxy/2025_ros2/KanNon0618/install/launcher/share/launcher/package.dsv
[0.035s] -- Up-to-date: /home/roxy/2025_ros2/KanNon0618/install/launcher/share/ament_index/resource_index/packages/launcher
[0.035s] -- Up-to-date: /home/roxy/2025_ros2/KanNon0618/install/launcher/share/launcher/cmake/launcherConfig.cmake
[0.035s] -- Up-to-date: /home/roxy/2025_ros2/KanNon0618/install/launcher/share/launcher/cmake/launcherConfig-version.cmake
[0.035s] -- Up-to-date: /home/roxy/2025_ros2/KanNon0618/install/launcher/share/launcher/package.xml
[0.036s] Invoked command in '/home/roxy/2025_ros2/KanNon0618/build/launcher' returned '0': CMAKE_PREFIX_PATH=/opt/ros/humble /opt/st/stm32cubeclt_1.17.0/CMake/bin/cmake --install /home/roxy/2025_ros2/KanNon0618/build/launcher
