[0.663s] Invoking command in '/home/roxy/2025_ros2/KanNon0618/ver0/pid_tuner': AMENT_PREFIX_PATH=/home/roxy/2025_ros2/KanNon0618/install/can_packet:${AMENT_PREFIX_PATH} CMAKE_PREFIX_PATH=/home/roxy/2025_ros2/KanNon0618/install/can_packet LD_LIBRARY_PATH=/home/roxy/2025_ros2/KanNon0618/install/can_packet/lib:${LD_LIBRARY_PATH} PYTHONPATH=/home/roxy/2025_ros2/KanNon0618/build/pid_tuner/prefix_override:/usr/lib/python3/dist-packages/colcon_core/task/python/colcon_distutils_commands:/home/roxy/2025_ros2/KanNon0618/install/pid_tuner/lib/python3.10/site-packages:/home/roxy/2025_ros2/KanNon0618/install/can_packet/local/lib/python3.10/dist-packages:${PYTHONPATH} /usr/bin/python3 -W ignore:setup.py install is deprecated -W ignore:easy_install command is deprecated setup.py egg_info --egg-base ../../build/pid_tuner build --build-base /home/roxy/2025_ros2/KanNon0618/build/pid_tuner/build install --record /home/roxy/2025_ros2/KanNon0618/build/pid_tuner/install.log --single-version-externally-managed install_data
[0.922s] running egg_info
[0.922s] writing ../../build/pid_tuner/pid_tuner.egg-info/PKG-INFO
[0.923s] writing dependency_links to ../../build/pid_tuner/pid_tuner.egg-info/dependency_links.txt
[0.923s] writing entry points to ../../build/pid_tuner/pid_tuner.egg-info/entry_points.txt
[0.923s] writing requirements to ../../build/pid_tuner/pid_tuner.egg-info/requires.txt
[0.923s] writing top-level names to ../../build/pid_tuner/pid_tuner.egg-info/top_level.txt
[0.926s] reading manifest file '../../build/pid_tuner/pid_tuner.egg-info/SOURCES.txt'
[0.926s] writing manifest file '../../build/pid_tuner/pid_tuner.egg-info/SOURCES.txt'
[0.927s] running build
[0.927s] running build_py
[0.927s] running install
[0.928s] running install_lib
[0.929s] running install_data
[0.929s] running install_egg_info
[0.932s] removing '/home/roxy/2025_ros2/KanNon0618/install/pid_tuner/lib/python3.10/site-packages/pid_tuner-0.0.0-py3.10.egg-info' (and everything under it)
[0.932s] Copying ../../build/pid_tuner/pid_tuner.egg-info to /home/roxy/2025_ros2/KanNon0618/install/pid_tuner/lib/python3.10/site-packages/pid_tuner-0.0.0-py3.10.egg-info
[0.933s] running install_scripts
[0.955s] Installing tuner script to /home/roxy/2025_ros2/KanNon0618/install/pid_tuner/lib/pid_tuner
[0.955s] writing list of installed files to '/home/roxy/2025_ros2/KanNon0618/build/pid_tuner/install.log'
[0.979s] Invoked command in '/home/roxy/2025_ros2/KanNon0618/ver0/pid_tuner' returned '0': AMENT_PREFIX_PATH=/home/roxy/2025_ros2/KanNon0618/install/can_packet:${AMENT_PREFIX_PATH} CMAKE_PREFIX_PATH=/home/roxy/2025_ros2/KanNon0618/install/can_packet LD_LIBRARY_PATH=/home/roxy/2025_ros2/KanNon0618/install/can_packet/lib:${LD_LIBRARY_PATH} PYTHONPATH=/home/roxy/2025_ros2/KanNon0618/build/pid_tuner/prefix_override:/usr/lib/python3/dist-packages/colcon_core/task/python/colcon_distutils_commands:/home/roxy/2025_ros2/KanNon0618/install/pid_tuner/lib/python3.10/site-packages:/home/roxy/2025_ros2/KanNon0618/install/can_packet/local/lib/python3.10/dist-packages:${PYTHONPATH} /usr/bin/python3 -W ignore:setup.py install is deprecated -W ignore:easy_install command is deprecated setup.py egg_info --egg-base ../../build/pid_tuner build --build-base /home/roxy/2025_ros2/KanNon0618/build/pid_tuner/build install --record /home/roxy/2025_ros2/KanNon0618/build/pid_tuner/install.log --single-version-externally-managed install_data
