[0.829s] Invoking command in '/home/roxy/2025_ros2/KanNon0618/ver0/pid_tuner': AMENT_PREFIX_PATH=/home/roxy/2025_ros2/KanNon0618/install/can_packet:${AMENT_PREFIX_PATH} CMAKE_PREFIX_PATH=/home/roxy/2025_ros2/KanNon0618/install/can_packet LD_LIBRARY_PATH=/home/roxy/2025_ros2/KanNon0618/install/can_packet/lib:${LD_LIBRARY_PATH} PYTHONPATH=/home/roxy/2025_ros2/KanNon0618/build/pid_tuner/prefix_override:/usr/lib/python3/dist-packages/colcon_core/task/python/colcon_distutils_commands:/home/roxy/2025_ros2/KanNon0618/install/pid_tuner/lib/python3.10/site-packages:/home/roxy/2025_ros2/KanNon0618/install/can_packet/local/lib/python3.10/dist-packages:${PYTHONPATH} /usr/bin/python3 -W ignore:setup.py install is deprecated -W ignore:easy_install command is deprecated setup.py egg_info --egg-base ../../build/pid_tuner build --build-base /home/roxy/2025_ros2/KanNon0618/build/pid_tuner/build install --record /home/roxy/2025_ros2/KanNon0618/build/pid_tuner/install.log --single-version-externally-managed install_data
[1.137s] running egg_info
[1.138s] writing ../../build/pid_tuner/pid_tuner.egg-info/PKG-INFO
[1.138s] writing dependency_links to ../../build/pid_tuner/pid_tuner.egg-info/dependency_links.txt
[1.139s] writing entry points to ../../build/pid_tuner/pid_tuner.egg-info/entry_points.txt
[1.139s] writing requirements to ../../build/pid_tuner/pid_tuner.egg-info/requires.txt
[1.139s] writing top-level names to ../../build/pid_tuner/pid_tuner.egg-info/top_level.txt
[1.141s] reading manifest file '../../build/pid_tuner/pid_tuner.egg-info/SOURCES.txt'
[1.142s] writing manifest file '../../build/pid_tuner/pid_tuner.egg-info/SOURCES.txt'
[1.142s] running build
[1.142s] running build_py
[1.142s] running install
[1.143s] running install_lib
[1.144s] running install_data
[1.144s] running install_egg_info
[1.147s] removing '/home/roxy/2025_ros2/KanNon0618/install/pid_tuner/lib/python3.10/site-packages/pid_tuner-0.0.0-py3.10.egg-info' (and everything under it)
[1.147s] Copying ../../build/pid_tuner/pid_tuner.egg-info to /home/roxy/2025_ros2/KanNon0618/install/pid_tuner/lib/python3.10/site-packages/pid_tuner-0.0.0-py3.10.egg-info
[1.148s] running install_scripts
[1.172s] Installing tuner script to /home/roxy/2025_ros2/KanNon0618/install/pid_tuner/lib/pid_tuner
[1.172s] writing list of installed files to '/home/roxy/2025_ros2/KanNon0618/build/pid_tuner/install.log'
[1.203s] Invoked command in '/home/roxy/2025_ros2/KanNon0618/ver0/pid_tuner' returned '0': AMENT_PREFIX_PATH=/home/roxy/2025_ros2/KanNon0618/install/can_packet:${AMENT_PREFIX_PATH} CMAKE_PREFIX_PATH=/home/roxy/2025_ros2/KanNon0618/install/can_packet LD_LIBRARY_PATH=/home/roxy/2025_ros2/KanNon0618/install/can_packet/lib:${LD_LIBRARY_PATH} PYTHONPATH=/home/roxy/2025_ros2/KanNon0618/build/pid_tuner/prefix_override:/usr/lib/python3/dist-packages/colcon_core/task/python/colcon_distutils_commands:/home/roxy/2025_ros2/KanNon0618/install/pid_tuner/lib/python3.10/site-packages:/home/roxy/2025_ros2/KanNon0618/install/can_packet/local/lib/python3.10/dist-packages:${PYTHONPATH} /usr/bin/python3 -W ignore:setup.py install is deprecated -W ignore:easy_install command is deprecated setup.py egg_info --egg-base ../../build/pid_tuner build --build-base /home/roxy/2025_ros2/KanNon0618/build/pid_tuner/build install --record /home/roxy/2025_ros2/KanNon0618/build/pid_tuner/install.log --single-version-externally-managed install_data
